[INFO] device = cuda
[INFO] mixed_precision = True
[INFO] gpu = NVIDIA GeForce RTX 2050 (total_mem=4095.6MB, capability=8.6)
[INFO] trainable parameters = 2,195,584
[INFO] dataset sizes = train:29000 valid:1014 test:1000
[INFO] vocab sizes = src:5977 tgt:6000 max_len:40
[STEP e01 s0001/0605] avg_loss=8.7024 lr=0.000022 grad_norm=1.597 tok/s=2586.3 src_tok=712 tgt_tok=663 mem=63.4/182.0MB
[STEP e01 s0025/0605] avg_loss=8.4364 lr=0.000287 grad_norm=1.590 tok/s=55918.7 src_tok=744 tgt_tok=651 mem=58.4/208.4MB
[STEP e01 s0050/0605] avg_loss=7.9267 lr=0.000563 grad_norm=1.511 tok/s=52560.7 src_tok=759 tgt_tok=661 mem=56.2/208.4MB
[STEP e01 s0075/0605] avg_loss=7.2650 lr=0.000840 grad_norm=0.854 tok/s=46235.3 src_tok=717 tgt_tok=627 mem=55.1/208.4MB
[STEP e01 s0100/0605] avg_loss=6.7484 lr=0.001116 grad_norm=0.842 tok/s=52769.6 src_tok=697 tgt_tok=623 mem=56.2/208.4MB
[STEP e01 s0125/0605] avg_loss=6.3741 lr=0.001392 grad_norm=0.625 tok/s=44381.8 src_tok=686 tgt_tok=609 mem=60.6/208.4MB
[STEP e01 s0150/0605] avg_loss=6.0739 lr=0.001668 grad_norm=0.942 tok/s=37771.6 src_tok=700 tgt_tok=624 mem=55.7/208.4MB
[STEP e01 s0175/0605] avg_loss=5.8134 lr=0.001945 grad_norm=0.786 tok/s=50157.8 src_tok=683 tgt_tok=622 mem=59.2/216.0MB
[STEP e01 s0200/0605] avg_loss=5.5908 lr=0.002221 grad_norm=0.883 tok/s=58715.5 src_tok=729 tgt_tok=641 mem=55.7/216.0MB
[STEP e01 s0225/0605] avg_loss=5.3916 lr=0.002497 grad_norm=1.207 tok/s=49086.9 src_tok=682 tgt_tok=635 mem=56.8/216.0MB
[STEP e01 s0250/0605] avg_loss=5.2258 lr=0.002773 grad_norm=1.137 tok/s=34215.3 src_tok=729 tgt_tok=656 mem=55.7/216.0MB
[STEP e01 s0275/0605] avg_loss=5.0763 lr=0.003049 grad_norm=0.941 tok/s=54428.3 src_tok=712 tgt_tok=648 mem=62.8/216.0MB
[STEP e01 s0300/0605] avg_loss=4.9451 lr=0.003326 grad_norm=1.141 tok/s=38914.4 src_tok=684 tgt_tok=600 mem=54.0/216.0MB
[STEP e01 s0325/0605] avg_loss=4.8289 lr=0.003602 grad_norm=1.198 tok/s=55134.4 src_tok=672 tgt_tok=595 mem=59.0/216.0MB
[STEP e01 s0350/0605] avg_loss=4.7244 lr=0.003878 grad_norm=1.054 tok/s=63352.0 src_tok=726 tgt_tok=636 mem=54.6/216.0MB
[STEP e01 s0375/0605] avg_loss=4.6235 lr=0.004154 grad_norm=1.225 tok/s=56239.0 src_tok=630 tgt_tok=551 mem=54.0/216.0MB
[STEP e01 s0400/0605] avg_loss=4.5340 lr=0.004414 grad_norm=1.285 tok/s=58243.1 src_tok=720 tgt_tok=668 mem=57.9/216.0MB
[STEP e01 s0425/0605] avg_loss=4.4553 lr=0.004282 grad_norm=1.262 tok/s=49424.8 src_tok=678 tgt_tok=608 mem=59.2/216.0MB
[STEP e01 s0450/0605] avg_loss=4.3812 lr=0.004162 grad_norm=1.200 tok/s=45897.3 src_tok=721 tgt_tok=657 mem=55.7/216.0MB
[STEP e01 s0475/0605] avg_loss=4.3096 lr=0.004051 grad_norm=1.105 tok/s=58772.3 src_tok=774 tgt_tok=696 mem=57.3/217.7MB
[STEP e01 s0500/0605] avg_loss=4.2440 lr=0.003949 grad_norm=1.300 tok/s=57632.2 src_tok=752 tgt_tok=661 mem=56.8/217.7MB
[STEP e01 s0525/0605] avg_loss=4.1839 lr=0.003854 grad_norm=1.062 tok/s=45566.7 src_tok=726 tgt_tok=641 mem=57.3/217.7MB
[STEP e01 s0550/0605] avg_loss=4.1251 lr=0.003765 grad_norm=1.078 tok/s=60716.4 src_tok=708 tgt_tok=663 mem=59.2/217.7MB
[STEP e01 s0575/0605] avg_loss=4.0702 lr=0.003683 grad_norm=1.230 tok/s=33608.9 src_tok=734 tgt_tok=677 mem=57.3/217.7MB
[STEP e01 s0600/0605] avg_loss=4.0166 lr=0.003605 grad_norm=1.184 tok/s=33995.4 src_tok=715 tgt_tok=645 mem=55.1/217.7MB
[STEP e01 s0605/0605] avg_loss=4.0067 lr=0.003591 grad_norm=2.713 tok/s=4307.3 src_tok=113 tgt_tok=94 mem=44.5/217.7MB
[EPOCH 01] train_loss=4.0067 train_ppl=54.97 val_loss=2.5503 val_bleu=20.57 val_chrf=44.05 val_token_acc=35.49 peak_mem=217.7MB time=00:24 samples=valid_epoch_01.txt
[INFO] new best checkpoint saved at epoch 1 (val_bleu=20.57)
[STEP e02 s0020/0605] avg_loss=2.6105 lr=0.003533 grad_norm=1.111 tok/s=45406.2 src_tok=729 tgt_tok=663 mem=57.9/179.0MB
[STEP e02 s0045/0605] avg_loss=2.6278 lr=0.003464 grad_norm=1.181 tok/s=49081.8 src_tok=740 tgt_tok=637 mem=60.1/200.5MB
[STEP e02 s0070/0605] avg_loss=2.6052 lr=0.003400 grad_norm=1.152 tok/s=52624.0 src_tok=703 tgt_tok=648 mem=57.9/200.5MB
[STEP e02 s0095/0605] avg_loss=2.5860 lr=0.003338 grad_norm=1.202 tok/s=34719.8 src_tok=716 tgt_tok=654 mem=57.9/200.5MB
[STEP e02 s0120/0605] avg_loss=2.5831 lr=0.003280 grad_norm=1.136 tok/s=54507.9 src_tok=752 tgt_tok=667 mem=57.3/200.5MB
[STEP e02 s0145/0605] avg_loss=2.5714 lr=0.003225 grad_norm=1.137 tok/s=39012.7 src_tok=686 tgt_tok=617 mem=54.0/214.9MB
[STEP e02 s0170/0605] avg_loss=2.5551 lr=0.003173 grad_norm=1.122 tok/s=41992.0 src_tok=672 tgt_tok=614 mem=59.2/217.7MB
[STEP e02 s0195/0605] avg_loss=2.5495 lr=0.003123 grad_norm=1.283 tok/s=57087.3 src_tok=794 tgt_tok=730 mem=57.9/217.7MB
[STEP e02 s0220/0605] avg_loss=2.5446 lr=0.003075 grad_norm=1.091 tok/s=51691.3 src_tok=726 tgt_tok=646 mem=56.8/217.7MB
[STEP e02 s0245/0605] avg_loss=2.5330 lr=0.003030 grad_norm=1.174 tok/s=47412.5 src_tok=652 tgt_tok=589 mem=57.3/217.7MB
[STEP e02 s0270/0605] avg_loss=2.5193 lr=0.002986 grad_norm=1.122 tok/s=36251.7 src_tok=690 tgt_tok=605 mem=55.7/217.7MB
[STEP e02 s0295/0605] avg_loss=2.5073 lr=0.002945 grad_norm=1.219 tok/s=45824.9 src_tok=710 tgt_tok=625 mem=55.7/217.7MB
[STEP e02 s0320/0605] avg_loss=2.4992 lr=0.002905 grad_norm=1.208 tok/s=53712.8 src_tok=744 tgt_tok=672 mem=62.8/217.7MB
[STEP e02 s0345/0605] avg_loss=2.4893 lr=0.002866 grad_norm=1.134 tok/s=44784.2 src_tok=724 tgt_tok=624 mem=54.6/217.7MB
[STEP e02 s0370/0605] avg_loss=2.4776 lr=0.002829 grad_norm=1.180 tok/s=36567.1 src_tok=697 tgt_tok=620 mem=54.6/217.7MB
[STEP e02 s0395/0605] avg_loss=2.4694 lr=0.002794 grad_norm=1.219 tok/s=43627.0 src_tok=712 tgt_tok=673 mem=56.8/217.7MB
[STEP e02 s0420/0605] avg_loss=2.4581 lr=0.002759 grad_norm=1.142 tok/s=51032.2 src_tok=745 tgt_tok=670 mem=57.9/217.7MB
[STEP e02 s0445/0605] avg_loss=2.4468 lr=0.002726 grad_norm=1.180 tok/s=47788.8 src_tok=686 tgt_tok=604 mem=55.1/217.7MB
[STEP e02 s0470/0605] avg_loss=2.4387 lr=0.002695 grad_norm=1.146 tok/s=45793.6 src_tok=742 tgt_tok=680 mem=59.2/217.7MB
[STEP e02 s0495/0605] avg_loss=2.4277 lr=0.002664 grad_norm=1.071 tok/s=54985.8 src_tok=681 tgt_tok=588 mem=56.2/217.7MB
[STEP e02 s0520/0605] avg_loss=2.4167 lr=0.002634 grad_norm=1.265 tok/s=38331.7 src_tok=678 tgt_tok=625 mem=53.5/217.7MB
[STEP e02 s0545/0605] avg_loss=2.4111 lr=0.002605 grad_norm=1.054 tok/s=23504.3 src_tok=753 tgt_tok=688 mem=61.2/217.7MB
[STEP e02 s0570/0605] avg_loss=2.4017 lr=0.002577 grad_norm=1.150 tok/s=17309.3 src_tok=728 tgt_tok=656 mem=56.2/217.7MB
[STEP e02 s0595/0605] avg_loss=2.3923 lr=0.002550 grad_norm=1.081 tok/s=26951.8 src_tok=681 tgt_tok=604 mem=61.2/217.7MB
[STEP e02 s0605/0605] avg_loss=2.3892 lr=0.002540 grad_norm=2.881 tok/s=5928.5 src_tok=105 tgt_tok=88 mem=44.3/217.7MB
[EPOCH 02] train_loss=2.3892 train_ppl=10.90 val_loss=1.9219 val_bleu=28.25 val_chrf=52.10 val_token_acc=40.57 peak_mem=217.7MB time=00:25 samples=valid_epoch_02.txt
[INFO] new best checkpoint saved at epoch 2 (val_bleu=28.25)
[STEP e03 s0015/0605] avg_loss=2.0433 lr=0.002524 grad_norm=1.100 tok/s=49167.7 src_tok=725 tgt_tok=654 mem=59.0/180.3MB
[STEP e03 s0040/0605] avg_loss=1.9756 lr=0.002499 grad_norm=1.213 tok/s=31948.0 src_tok=776 tgt_tok=681 mem=55.7/180.3MB
[STEP e03 s0065/0605] avg_loss=1.9838 lr=0.002474 grad_norm=1.087 tok/s=28776.2 src_tok=746 tgt_tok=680 mem=59.5/180.3MB
[STEP e03 s0090/0605] avg_loss=1.9756 lr=0.002451 grad_norm=1.142 tok/s=32687.1 src_tok=683 tgt_tok=595 mem=59.2/192.5MB
[STEP e03 s0115/0605] avg_loss=1.9795 lr=0.002427 grad_norm=1.054 tok/s=45646.5 src_tok=746 tgt_tok=684 mem=57.9/216.0MB
[STEP e03 s0140/0605] avg_loss=1.9771 lr=0.002405 grad_norm=1.127 tok/s=52423.8 src_tok=761 tgt_tok=682 mem=59.5/216.0MB
[STEP e03 s0165/0605] avg_loss=1.9727 lr=0.002383 grad_norm=1.245 tok/s=50843.8 src_tok=687 tgt_tok=635 mem=55.1/216.0MB
[STEP e03 s0190/0605] avg_loss=1.9738 lr=0.002361 grad_norm=1.183 tok/s=31787.9 src_tok=732 tgt_tok=635 mem=56.2/216.0MB
[STEP e03 s0215/0605] avg_loss=1.9748 lr=0.002341 grad_norm=1.278 tok/s=38123.6 src_tok=743 tgt_tok=658 mem=57.9/216.0MB
[STEP e03 s0240/0605] avg_loss=1.9750 lr=0.002320 grad_norm=1.160 tok/s=48303.6 src_tok=735 tgt_tok=665 mem=62.3/216.0MB
[STEP e03 s0265/0605] avg_loss=1.9768 lr=0.002301 grad_norm=1.202 tok/s=51615.9 src_tok=767 tgt_tok=680 mem=57.9/216.0MB
[STEP e03 s0290/0605] avg_loss=1.9742 lr=0.002281 grad_norm=1.017 tok/s=57129.4 src_tok=718 tgt_tok=654 mem=56.8/216.0MB
[STEP e03 s0315/0605] avg_loss=1.9689 lr=0.002263 grad_norm=1.206 tok/s=50476.9 src_tok=783 tgt_tok=681 mem=55.7/216.0MB
[STEP e03 s0340/0605] avg_loss=1.9679 lr=0.002244 grad_norm=1.112 tok/s=54388.6 src_tok=747 tgt_tok=667 mem=57.9/216.0MB
[STEP e03 s0365/0605] avg_loss=1.9622 lr=0.002226 grad_norm=1.215 tok/s=38838.6 src_tok=710 tgt_tok=615 mem=54.6/216.0MB
[STEP e03 s0390/0605] avg_loss=1.9621 lr=0.002209 grad_norm=1.359 tok/s=44674.5 src_tok=697 tgt_tok=643 mem=57.3/216.0MB
[STEP e03 s0415/0605] avg_loss=1.9637 lr=0.002192 grad_norm=1.254 tok/s=33287.0 src_tok=714 tgt_tok=653 mem=57.9/216.0MB
[STEP e03 s0440/0605] avg_loss=1.9616 lr=0.002175 grad_norm=1.201 tok/s=54003.7 src_tok=743 tgt_tok=662 mem=60.6/216.0MB
[STEP e03 s0465/0605] avg_loss=1.9598 lr=0.002159 grad_norm=1.169 tok/s=31990.0 src_tok=739 tgt_tok=669 mem=62.3/216.0MB
[STEP e03 s0490/0605] avg_loss=1.9561 lr=0.002143 grad_norm=1.091 tok/s=42086.4 src_tok=760 tgt_tok=687 mem=60.1/216.0MB
[STEP e03 s0515/0605] avg_loss=1.9531 lr=0.002128 grad_norm=1.189 tok/s=52888.4 src_tok=695 tgt_tok=657 mem=56.2/216.0MB
[STEP e03 s0540/0605] avg_loss=1.9492 lr=0.002112 grad_norm=1.112 tok/s=31990.8 src_tok=671 tgt_tok=595 mem=56.2/216.0MB
[STEP e03 s0565/0605] avg_loss=1.9458 lr=0.002097 grad_norm=1.055 tok/s=43034.1 src_tok=716 tgt_tok=618 mem=59.0/217.7MB
[STEP e03 s0590/0605] avg_loss=1.9442 lr=0.002083 grad_norm=1.078 tok/s=27145.9 src_tok=691 tgt_tok=612 mem=55.7/217.7MB
[STEP e03 s0605/0605] avg_loss=1.9426 lr=0.002074 grad_norm=2.576 tok/s=4384.3 src_tok=120 tgt_tok=110 mem=44.8/217.7MB
[EPOCH 03] train_loss=1.9426 train_ppl=6.98 val_loss=1.6900 val_bleu=32.19 val_chrf=56.68 val_token_acc=40.97 peak_mem=217.7MB time=00:26 samples=valid_epoch_03.txt
[INFO] new best checkpoint saved at epoch 3 (val_bleu=32.19)
[STEP e04 s0010/0605] avg_loss=1.7019 lr=0.002068 grad_norm=1.133 tok/s=39631.0 src_tok=738 tgt_tok=641 mem=56.2/188.4MB
[STEP e04 s0035/0605] avg_loss=1.6702 lr=0.002054 grad_norm=1.191 tok/s=45904.5 src_tok=717 tgt_tok=663 mem=57.9/204.0MB
[STEP e04 s0060/0605] avg_loss=1.6940 lr=0.002041 grad_norm=1.190 tok/s=49268.4 src_tok=724 tgt_tok=666 mem=59.2/204.0MB
[STEP e04 s0085/0605] avg_loss=1.6965 lr=0.002027 grad_norm=1.091 tok/s=39802.6 src_tok=693 tgt_tok=647 mem=55.7/205.5MB
[STEP e04 s0110/0605] avg_loss=1.7049 lr=0.002014 grad_norm=1.138 tok/s=47275.4 src_tok=725 tgt_tok=642 mem=56.8/208.2MB
[STEP e04 s0135/0605] avg_loss=1.6976 lr=0.002001 grad_norm=1.203 tok/s=41974.4 src_tok=722 tgt_tok=656 mem=55.7/216.2MB
[STEP e04 s0160/0605] avg_loss=1.6981 lr=0.001988 grad_norm=1.158 tok/s=40307.2 src_tok=745 tgt_tok=673 mem=57.3/218.2MB
[STEP e04 s0185/0605] avg_loss=1.7026 lr=0.001976 grad_norm=1.093 tok/s=51793.0 src_tok=753 tgt_tok=698 mem=56.2/218.2MB
[STEP e04 s0210/0605] avg_loss=1.6987 lr=0.001964 grad_norm=1.287 tok/s=41308.1 src_tok=682 tgt_tok=599 mem=53.5/218.2MB
[STEP e04 s0235/0605] avg_loss=1.6993 lr=0.001952 grad_norm=1.095 tok/s=45950.3 src_tok=745 tgt_tok=666 mem=59.2/218.2MB
[STEP e04 s0260/0605] avg_loss=1.7050 lr=0.001940 grad_norm=1.107 tok/s=39526.9 src_tok=683 tgt_tok=604 mem=55.1/218.2MB
[STEP e04 s0285/0605] avg_loss=1.7046 lr=0.001928 grad_norm=1.136 tok/s=43847.5 src_tok=724 tgt_tok=651 mem=55.7/218.2MB
[STEP e04 s0310/0605] avg_loss=1.7073 lr=0.001917 grad_norm=1.232 tok/s=50016.6 src_tok=711 tgt_tok=623 mem=56.2/218.2MB
[STEP e04 s0335/0605] avg_loss=1.7066 lr=0.001906 grad_norm=1.192 tok/s=46081.0 src_tok=725 tgt_tok=656 mem=56.8/218.2MB
[STEP e04 s0360/0605] avg_loss=1.7095 lr=0.001895 grad_norm=1.190 tok/s=44971.5 src_tok=687 tgt_tok=626 mem=56.8/218.2MB
[STEP e04 s0385/0605] avg_loss=1.7080 lr=0.001884 grad_norm=1.097 tok/s=40077.9 src_tok=710 tgt_tok=656 mem=57.3/218.2MB
[STEP e04 s0410/0605] avg_loss=1.7091 lr=0.001873 grad_norm=1.241 tok/s=29284.3 src_tok=662 tgt_tok=597 mem=55.7/218.2MB
[STEP e04 s0435/0605] avg_loss=1.7097 lr=0.001863 grad_norm=1.153 tok/s=42431.9 src_tok=768 tgt_tok=684 mem=62.3/218.2MB
[STEP e04 s0460/0605] avg_loss=1.7113 lr=0.001853 grad_norm=1.180 tok/s=50348.2 src_tok=733 tgt_tok=656 mem=56.2/218.2MB
[STEP e04 s0485/0605] avg_loss=1.7095 lr=0.001843 grad_norm=1.119 tok/s=38827.9 src_tok=717 tgt_tok=631 mem=57.3/218.2MB
[STEP e04 s0510/0605] avg_loss=1.7102 lr=0.001833 grad_norm=1.252 tok/s=40839.7 src_tok=723 tgt_tok=665 mem=56.8/218.2MB
[STEP e04 s0535/0605] avg_loss=1.7132 lr=0.001823 grad_norm=1.251 tok/s=45663.8 src_tok=724 tgt_tok=647 mem=57.9/218.2MB
[STEP e04 s0560/0605] avg_loss=1.7118 lr=0.001813 grad_norm=1.034 tok/s=50258.8 src_tok=742 tgt_tok=665 mem=57.9/218.2MB
[STEP e04 s0585/0605] avg_loss=1.7122 lr=0.001804 grad_norm=1.197 tok/s=47181.7 src_tok=746 tgt_tok=669 mem=58.4/218.2MB
[STEP e04 s0605/0605] avg_loss=1.7124 lr=0.001796 grad_norm=2.371 tok/s=6981.0 src_tok=126 tgt_tok=104 mem=45.9/218.2MB
[EPOCH 04] train_loss=1.7124 train_ppl=5.54 val_loss=1.5781 val_bleu=34.91 val_chrf=59.52 val_token_acc=41.64 peak_mem=218.2MB time=00:24 samples=valid_epoch_04.txt
[INFO] new best checkpoint saved at epoch 4 (val_bleu=34.91)
[STEP e05 s0005/0605] avg_loss=1.5343 lr=0.001795 grad_norm=1.073 tok/s=18907.5 src_tok=742 tgt_tok=683 mem=61.2/186.8MB
[STEP e05 s0030/0605] avg_loss=1.4880 lr=0.001785 grad_norm=1.075 tok/s=17008.6 src_tok=740 tgt_tok=667 mem=62.8/205.5MB
[STEP e05 s0055/0605] avg_loss=1.5186 lr=0.001776 grad_norm=1.120 tok/s=19531.8 src_tok=677 tgt_tok=605 mem=56.2/205.5MB
[STEP e05 s0080/0605] avg_loss=1.5272 lr=0.001767 grad_norm=1.071 tok/s=26732.1 src_tok=706 tgt_tok=645 mem=60.1/216.0MB
[STEP e05 s0105/0605] avg_loss=1.5325 lr=0.001759 grad_norm=1.046 tok/s=19076.1 src_tok=759 tgt_tok=673 mem=56.8/216.0MB
[STEP e05 s0130/0605] avg_loss=1.5356 lr=0.001750 grad_norm=1.178 tok/s=20275.0 src_tok=729 tgt_tok=652 mem=59.2/216.0MB
[STEP e05 s0155/0605] avg_loss=1.5379 lr=0.001741 grad_norm=1.092 tok/s=22183.9 src_tok=691 tgt_tok=592 mem=54.6/216.0MB
[STEP e05 s0180/0605] avg_loss=1.5445 lr=0.001733 grad_norm=1.071 tok/s=36004.7 src_tok=715 tgt_tok=647 mem=55.7/216.0MB
[STEP e05 s0205/0605] avg_loss=1.5424 lr=0.001725 grad_norm=1.155 tok/s=48085.3 src_tok=722 tgt_tok=626 mem=54.0/216.0MB
[STEP e05 s0230/0605] avg_loss=1.5430 lr=0.001717 grad_norm=1.056 tok/s=39300.4 src_tok=711 tgt_tok=642 mem=56.2/216.0MB
[STEP e05 s0255/0605] avg_loss=1.5437 lr=0.001709 grad_norm=1.157 tok/s=42433.6 src_tok=717 tgt_tok=654 mem=57.9/216.0MB
[STEP e05 s0280/0605] avg_loss=1.5467 lr=0.001701 grad_norm=1.071 tok/s=38705.0 src_tok=742 tgt_tok=687 mem=57.9/216.0MB
[STEP e05 s0305/0605] avg_loss=1.5487 lr=0.001693 grad_norm=1.203 tok/s=44690.9 src_tok=735 tgt_tok=618 mem=56.2/217.7MB
[STEP e05 s0330/0605] avg_loss=1.5505 lr=0.001685 grad_norm=1.138 tok/s=42532.3 src_tok=725 tgt_tok=645 mem=57.3/217.7MB
[STEP e05 s0355/0605] avg_loss=1.5529 lr=0.001678 grad_norm=1.247 tok/s=52520.9 src_tok=774 tgt_tok=694 mem=62.8/217.7MB
[STEP e05 s0380/0605] avg_loss=1.5545 lr=0.001670 grad_norm=1.321 tok/s=39195.6 src_tok=786 tgt_tok=674 mem=61.2/217.7MB
[STEP e05 s0405/0605] avg_loss=1.5568 lr=0.001663 grad_norm=1.300 tok/s=41714.4 src_tok=672 tgt_tok=585 mem=54.6/217.7MB
[STEP e05 s0430/0605] avg_loss=1.5584 lr=0.001655 grad_norm=1.156 tok/s=39045.0 src_tok=734 tgt_tok=654 mem=57.9/217.7MB
[STEP e05 s0455/0605] avg_loss=1.5595 lr=0.001648 grad_norm=1.231 tok/s=38583.6 src_tok=756 tgt_tok=674 mem=61.2/217.7MB
[STEP e05 s0480/0605] avg_loss=1.5611 lr=0.001641 grad_norm=1.212 tok/s=47629.6 src_tok=728 tgt_tok=668 mem=56.2/217.7MB
[STEP e05 s0505/0605] avg_loss=1.5632 lr=0.001634 grad_norm=1.119 tok/s=34130.8 src_tok=760 tgt_tok=691 mem=59.0/217.7MB
[STEP e05 s0530/0605] avg_loss=1.5657 lr=0.001627 grad_norm=1.083 tok/s=39473.3 src_tok=747 tgt_tok=659 mem=56.8/217.7MB
[STEP e05 s0555/0605] avg_loss=1.5661 lr=0.001620 grad_norm=1.095 tok/s=33683.0 src_tok=763 tgt_tok=677 mem=57.3/217.7MB
[STEP e05 s0580/0605] avg_loss=1.5664 lr=0.001613 grad_norm=1.151 tok/s=45562.3 src_tok=740 tgt_tok=644 mem=55.7/217.7MB
[STEP e05 s0605/0605] avg_loss=1.5669 lr=0.001607 grad_norm=2.869 tok/s=9667.0 src_tok=142 tgt_tok=130 mem=44.8/217.7MB
[EPOCH 05] train_loss=1.5669 train_ppl=4.79 val_loss=1.5210 val_bleu=36.06 val_chrf=60.59 val_token_acc=43.31 peak_mem=217.7MB time=00:31 samples=valid_epoch_05.txt
[INFO] new best checkpoint saved at epoch 5 (val_bleu=36.06)
[STEP e06 s0025/0605] avg_loss=1.3870 lr=0.001600 grad_norm=1.184 tok/s=35557.2 src_tok=761 tgt_tok=662 mem=57.3/198.7MB
[STEP e06 s0050/0605] avg_loss=1.4047 lr=0.001594 grad_norm=1.151 tok/s=34775.8 src_tok=745 tgt_tok=670 mem=56.8/217.7MB
[STEP e06 s0075/0605] avg_loss=1.3968 lr=0.001587 grad_norm=1.160 tok/s=21556.2 src_tok=764 tgt_tok=714 mem=59.0/217.7MB
[STEP e06 s0100/0605] avg_loss=1.3987 lr=0.001581 grad_norm=1.284 tok/s=44924.5 src_tok=716 tgt_tok=632 mem=54.0/217.7MB
[STEP e06 s0125/0605] avg_loss=1.4079 lr=0.001575 grad_norm=1.170 tok/s=28300.0 src_tok=756 tgt_tok=682 mem=56.2/217.7MB
[STEP e06 s0150/0605] avg_loss=1.4155 lr=0.001568 grad_norm=1.209 tok/s=38275.3 src_tok=713 tgt_tok=624 mem=55.7/217.7MB
[STEP e06 s0175/0605] avg_loss=1.4180 lr=0.001562 grad_norm=1.160 tok/s=39281.3 src_tok=715 tgt_tok=620 mem=59.2/217.7MB
[STEP e06 s0200/0605] avg_loss=1.4142 lr=0.001556 grad_norm=1.198 tok/s=38549.3 src_tok=719 tgt_tok=631 mem=57.9/217.7MB
[STEP e06 s0225/0605] avg_loss=1.4196 lr=0.001550 grad_norm=1.130 tok/s=50265.9 src_tok=738 tgt_tok=668 mem=56.8/217.7MB
[STEP e06 s0250/0605] avg_loss=1.4225 lr=0.001544 grad_norm=1.140 tok/s=38495.0 src_tok=728 tgt_tok=624 mem=56.2/217.7MB
[STEP e06 s0275/0605] avg_loss=1.4308 lr=0.001538 grad_norm=1.149 tok/s=35318.4 src_tok=717 tgt_tok=628 mem=56.2/217.7MB
[STEP e06 s0300/0605] avg_loss=1.4340 lr=0.001533 grad_norm=1.108 tok/s=48937.5 src_tok=741 tgt_tok=674 mem=57.3/217.7MB
[STEP e06 s0325/0605] avg_loss=1.4366 lr=0.001527 grad_norm=1.208 tok/s=19997.2 src_tok=733 tgt_tok=641 mem=55.7/217.7MB
[STEP e06 s0350/0605] avg_loss=1.4412 lr=0.001521 grad_norm=1.203 tok/s=35954.9 src_tok=772 tgt_tok=690 mem=56.8/217.7MB
[STEP e06 s0375/0605] avg_loss=1.4429 lr=0.001516 grad_norm=1.187 tok/s=24146.1 src_tok=719 tgt_tok=629 mem=53.5/217.7MB
[STEP e06 s0400/0605] avg_loss=1.4454 lr=0.001510 grad_norm=1.238 tok/s=43195.1 src_tok=742 tgt_tok=667 mem=62.3/217.7MB
[STEP e06 s0425/0605] avg_loss=1.4482 lr=0.001505 grad_norm=1.168 tok/s=31116.9 src_tok=716 tgt_tok=654 mem=56.2/217.7MB
[STEP e06 s0450/0605] avg_loss=1.4493 lr=0.001499 grad_norm=1.201 tok/s=29063.5 src_tok=698 tgt_tok=606 mem=55.7/217.7MB
[STEP e06 s0475/0605] avg_loss=1.4513 lr=0.001494 grad_norm=1.305 tok/s=39107.4 src_tok=724 tgt_tok=667 mem=56.2/218.5MB
[STEP e06 s0500/0605] avg_loss=1.4550 lr=0.001489 grad_norm=1.199 tok/s=32456.0 src_tok=755 tgt_tok=652 mem=61.2/218.5MB
[STEP e06 s0525/0605] avg_loss=1.4577 lr=0.001483 grad_norm=1.421 tok/s=43892.9 src_tok=690 tgt_tok=621 mem=55.7/218.5MB
[STEP e06 s0550/0605] avg_loss=1.4588 lr=0.001478 grad_norm=1.189 tok/s=29105.9 src_tok=723 tgt_tok=641 mem=54.6/218.5MB
[STEP e06 s0575/0605] avg_loss=1.4610 lr=0.001473 grad_norm=1.354 tok/s=47349.3 src_tok=711 tgt_tok=653 mem=59.2/218.5MB
[STEP e06 s0600/0605] avg_loss=1.4624 lr=0.001468 grad_norm=1.259 tok/s=42711.1 src_tok=761 tgt_tok=662 mem=59.2/218.5MB
[STEP e06 s0605/0605] avg_loss=1.4629 lr=0.001467 grad_norm=2.927 tok/s=4324.0 src_tok=99 tgt_tok=84 mem=44.4/218.5MB
[EPOCH 06] train_loss=1.4629 train_ppl=4.32 val_loss=1.4508 val_bleu=37.97 val_chrf=62.47 val_token_acc=43.89 peak_mem=218.5MB time=00:29 samples=valid_epoch_06.txt
[INFO] new best checkpoint saved at epoch 6 (val_bleu=37.97)
[STEP e07 s0020/0605] avg_loss=1.3218 lr=0.001463 grad_norm=1.206 tok/s=33601.6 src_tok=694 tgt_tok=593 mem=58.4/208.2MB
[STEP e07 s0045/0605] avg_loss=1.2983 lr=0.001458 grad_norm=1.197 tok/s=32682.0 src_tok=731 tgt_tok=647 mem=55.1/208.2MB
[STEP e07 s0070/0605] avg_loss=1.3072 lr=0.001453 grad_norm=1.168 tok/s=35975.4 src_tok=752 tgt_tok=685 mem=59.2/208.2MB
[STEP e07 s0095/0605] avg_loss=1.3141 lr=0.001448 grad_norm=1.216 tok/s=37172.7 src_tok=722 tgt_tok=660 mem=62.8/208.2MB
[STEP e07 s0120/0605] avg_loss=1.3263 lr=0.001443 grad_norm=1.315 tok/s=37438.5 src_tok=719 tgt_tok=631 mem=56.2/217.7MB
[STEP e07 s0145/0605] avg_loss=1.3341 lr=0.001438 grad_norm=1.123 tok/s=40736.2 src_tok=733 tgt_tok=652 mem=59.0/217.7MB
[STEP e07 s0170/0605] avg_loss=1.3427 lr=0.001434 grad_norm=1.202 tok/s=42275.6 src_tok=733 tgt_tok=649 mem=56.8/217.7MB
[STEP e07 s0195/0605] avg_loss=1.3422 lr=0.001429 grad_norm=1.249 tok/s=32548.5 src_tok=694 tgt_tok=609 mem=55.1/217.7MB
[STEP e07 s0220/0605] avg_loss=1.3471 lr=0.001424 grad_norm=1.196 tok/s=29781.1 src_tok=754 tgt_tok=706 mem=59.2/217.7MB
[STEP e07 s0245/0605] avg_loss=1.3515 lr=0.001420 grad_norm=1.325 tok/s=41839.6 src_tok=730 tgt_tok=662 mem=55.1/217.7MB
[STEP e07 s0270/0605] avg_loss=1.3548 lr=0.001415 grad_norm=1.335 tok/s=29687.6 src_tok=713 tgt_tok=655 mem=55.7/217.7MB
[STEP e07 s0295/0605] avg_loss=1.3578 lr=0.001411 grad_norm=1.307 tok/s=37055.8 src_tok=692 tgt_tok=611 mem=56.2/217.7MB
[STEP e07 s0320/0605] avg_loss=1.3582 lr=0.001406 grad_norm=1.204 tok/s=35901.5 src_tok=699 tgt_tok=632 mem=55.7/217.7MB
[STEP e07 s0345/0605] avg_loss=1.3624 lr=0.001402 grad_norm=1.356 tok/s=39087.4 src_tok=747 tgt_tok=682 mem=57.9/217.7MB
[STEP e07 s0370/0605] avg_loss=1.3633 lr=0.001397 grad_norm=1.168 tok/s=34327.4 src_tok=730 tgt_tok=646 mem=56.2/217.7MB
[STEP e07 s0395/0605] avg_loss=1.3668 lr=0.001393 grad_norm=1.092 tok/s=37153.9 src_tok=717 tgt_tok=654 mem=55.1/217.7MB
[STEP e07 s0420/0605] avg_loss=1.3697 lr=0.001389 grad_norm=1.107 tok/s=32074.2 src_tok=705 tgt_tok=627 mem=57.9/217.7MB
[STEP e07 s0445/0605] avg_loss=1.3706 lr=0.001384 grad_norm=1.271 tok/s=20487.1 src_tok=713 tgt_tok=639 mem=57.3/217.7MB
[STEP e07 s0470/0605] avg_loss=1.3731 lr=0.001380 grad_norm=1.341 tok/s=40713.2 src_tok=693 tgt_tok=611 mem=57.3/217.7MB
[STEP e07 s0495/0605] avg_loss=1.3758 lr=0.001376 grad_norm=1.141 tok/s=40132.0 src_tok=729 tgt_tok=636 mem=55.1/217.7MB
[STEP e07 s0520/0605] avg_loss=1.3770 lr=0.001372 grad_norm=1.156 tok/s=33182.1 src_tok=686 tgt_tok=611 mem=54.6/217.7MB
[STEP e07 s0545/0605] avg_loss=1.3792 lr=0.001368 grad_norm=1.174 tok/s=27565.3 src_tok=705 tgt_tok=619 mem=54.6/217.7MB
[STEP e07 s0570/0605] avg_loss=1.3823 lr=0.001364 grad_norm=1.166 tok/s=34499.6 src_tok=720 tgt_tok=660 mem=56.2/217.7MB
[STEP e07 s0595/0605] avg_loss=1.3835 lr=0.001360 grad_norm=1.323 tok/s=35172.4 src_tok=659 tgt_tok=609 mem=59.2/217.7MB
[STEP e07 s0605/0605] avg_loss=1.3846 lr=0.001358 grad_norm=2.820 tok/s=5048.6 src_tok=120 tgt_tok=110 mem=44.7/217.7MB
[EPOCH 07] train_loss=1.3846 train_ppl=3.99 val_loss=1.4410 val_bleu=38.09 val_chrf=62.81 val_token_acc=43.24 peak_mem=217.7MB time=00:31 samples=valid_epoch_07.txt
[INFO] new best checkpoint saved at epoch 7 (val_bleu=38.09)
[STEP e08 s0015/0605] avg_loss=1.2815 lr=0.001356 grad_norm=1.272 tok/s=25892.7 src_tok=712 tgt_tok=638 mem=59.2/200.9MB
[STEP e08 s0040/0605] avg_loss=1.2574 lr=0.001352 grad_norm=1.117 tok/s=42052.5 src_tok=754 tgt_tok=668 mem=57.9/205.5MB
[STEP e08 s0065/0605] avg_loss=1.2635 lr=0.001348 grad_norm=1.139 tok/s=40506.0 src_tok=733 tgt_tok=642 mem=56.2/205.5MB
[STEP e08 s0090/0605] avg_loss=1.2664 lr=0.001344 grad_norm=1.185 tok/s=33343.1 src_tok=747 tgt_tok=654 mem=56.2/218.5MB
[STEP e08 s0115/0605] avg_loss=1.2628 lr=0.001340 grad_norm=1.299 tok/s=27990.6 src_tok=715 tgt_tok=651 mem=60.6/218.5MB
[STEP e08 s0140/0605] avg_loss=1.2668 lr=0.001336 grad_norm=1.199 tok/s=43373.7 src_tok=720 tgt_tok=627 mem=56.8/218.5MB
[STEP e08 s0165/0605] avg_loss=1.2693 lr=0.001332 grad_norm=1.101 tok/s=29312.4 src_tok=703 tgt_tok=642 mem=57.3/218.5MB
[STEP e08 s0190/0605] avg_loss=1.2720 lr=0.001329 grad_norm=1.152 tok/s=38895.0 src_tok=697 tgt_tok=624 mem=58.4/218.5MB
[STEP e08 s0215/0605] avg_loss=1.2765 lr=0.001325 grad_norm=1.238 tok/s=42350.9 src_tok=727 tgt_tok=656 mem=56.2/218.5MB
[STEP e08 s0240/0605] avg_loss=1.2843 lr=0.001321 grad_norm=1.190 tok/s=36884.1 src_tok=703 tgt_tok=669 mem=56.8/218.5MB
[STEP e08 s0265/0605] avg_loss=1.2887 lr=0.001317 grad_norm=1.283 tok/s=39592.0 src_tok=686 tgt_tok=625 mem=55.1/218.5MB
[STEP e08 s0290/0605] avg_loss=1.2955 lr=0.001314 grad_norm=1.132 tok/s=33150.8 src_tok=697 tgt_tok=629 mem=57.3/218.5MB
[STEP e08 s0315/0605] avg_loss=1.3008 lr=0.001310 grad_norm=1.195 tok/s=25265.6 src_tok=740 tgt_tok=650 mem=59.5/218.5MB
[STEP e08 s0340/0605] avg_loss=1.3035 lr=0.001307 grad_norm=1.332 tok/s=35026.3 src_tok=723 tgt_tok=643 mem=57.9/218.5MB
[STEP e08 s0365/0605] avg_loss=1.3077 lr=0.001303 grad_norm=1.416 tok/s=37239.9 src_tok=760 tgt_tok=656 mem=57.9/218.5MB
[STEP e08 s0390/0605] avg_loss=1.3104 lr=0.001300 grad_norm=1.261 tok/s=36848.7 src_tok=731 tgt_tok=675 mem=60.1/218.5MB
[STEP e08 s0415/0605] avg_loss=1.3119 lr=0.001296 grad_norm=1.150 tok/s=39077.8 src_tok=728 tgt_tok=636 mem=59.5/218.5MB
[STEP e08 s0440/0605] avg_loss=1.3118 lr=0.001293 grad_norm=1.186 tok/s=18878.7 src_tok=721 tgt_tok=647 mem=54.6/218.5MB
[STEP e08 s0465/0605] avg_loss=1.3126 lr=0.001289 grad_norm=1.281 tok/s=34639.5 src_tok=731 tgt_tok=655 mem=55.1/218.5MB
[STEP e08 s0490/0605] avg_loss=1.3148 lr=0.001286 grad_norm=1.329 tok/s=41386.2 src_tok=724 tgt_tok=648 mem=59.2/218.5MB
[STEP e08 s0515/0605] avg_loss=1.3166 lr=0.001282 grad_norm=1.183 tok/s=39120.9 src_tok=703 tgt_tok=638 mem=55.7/218.5MB
[STEP e08 s0540/0605] avg_loss=1.3183 lr=0.001279 grad_norm=1.169 tok/s=41480.2 src_tok=738 tgt_tok=662 mem=57.9/218.5MB
[STEP e08 s0565/0605] avg_loss=1.3190 lr=0.001276 grad_norm=1.300 tok/s=37235.1 src_tok=736 tgt_tok=676 mem=57.3/218.5MB
[STEP e08 s0590/0605] avg_loss=1.3201 lr=0.001272 grad_norm=1.161 tok/s=42140.2 src_tok=786 tgt_tok=727 mem=57.3/218.5MB
[STEP e08 s0605/0605] avg_loss=1.3218 lr=0.001270 grad_norm=2.853 tok/s=3880.1 src_tok=121 tgt_tok=108 mem=44.8/218.5MB
[EPOCH 08] train_loss=1.3218 train_ppl=3.75 val_loss=1.4179 val_bleu=39.52 val_chrf=63.68 val_token_acc=44.41 peak_mem=218.5MB time=00:31 samples=valid_epoch_08.txt
[INFO] new best checkpoint saved at epoch 8 (val_bleu=39.52)
[STEP e09 s0010/0605] avg_loss=1.1754 lr=0.001269 grad_norm=1.108 tok/s=39929.6 src_tok=692 tgt_tok=626 mem=59.5/189.2MB
[STEP e09 s0035/0605] avg_loss=1.1909 lr=0.001266 grad_norm=1.280 tok/s=27028.0 src_tok=714 tgt_tok=625 mem=60.1/204.0MB
[STEP e09 s0060/0605] avg_loss=1.1967 lr=0.001263 grad_norm=1.193 tok/s=34288.5 src_tok=738 tgt_tok=651 mem=56.8/204.0MB
[STEP e09 s0085/0605] avg_loss=1.2061 lr=0.001259 grad_norm=1.187 tok/s=32177.6 src_tok=748 tgt_tok=666 mem=57.9/217.7MB
[STEP e09 s0110/0605] avg_loss=1.2092 lr=0.001256 grad_norm=1.159 tok/s=24767.0 src_tok=737 tgt_tok=650 mem=62.8/217.7MB
[STEP e09 s0135/0605] avg_loss=1.2096 lr=0.001253 grad_norm=1.209 tok/s=31314.2 src_tok=757 tgt_tok=683 mem=57.3/217.7MB
[STEP e09 s0160/0605] avg_loss=1.2183 lr=0.001250 grad_norm=1.237 tok/s=18586.3 src_tok=696 tgt_tok=607 mem=56.8/217.7MB
[STEP e09 s0185/0605] avg_loss=1.2212 lr=0.001247 grad_norm=1.275 tok/s=30398.9 src_tok=772 tgt_tok=688 mem=54.6/217.7MB
[STEP e09 s0210/0605] avg_loss=1.2265 lr=0.001244 grad_norm=1.245 tok/s=25415.2 src_tok=742 tgt_tok=657 mem=62.8/217.7MB
[STEP e09 s0235/0605] avg_loss=1.2309 lr=0.001241 grad_norm=1.322 tok/s=20264.5 src_tok=745 tgt_tok=675 mem=57.3/218.5MB
[STEP e09 s0260/0605] avg_loss=1.2348 lr=0.001238 grad_norm=1.261 tok/s=23485.9 src_tok=727 tgt_tok=641 mem=57.3/218.5MB
[STEP e09 s0285/0605] avg_loss=1.2398 lr=0.001235 grad_norm=1.405 tok/s=21670.6 src_tok=672 tgt_tok=599 mem=60.1/218.5MB
[STEP e09 s0310/0605] avg_loss=1.2403 lr=0.001232 grad_norm=1.157 tok/s=19736.9 src_tok=678 tgt_tok=609 mem=56.2/218.5MB
[STEP e09 s0335/0605] avg_loss=1.2432 lr=0.001229 grad_norm=1.296 tok/s=22754.8 src_tok=708 tgt_tok=608 mem=55.1/218.5MB
[STEP e09 s0360/0605] avg_loss=1.2477 lr=0.001226 grad_norm=1.253 tok/s=34548.7 src_tok=738 tgt_tok=660 mem=56.2/218.5MB
[STEP e09 s0385/0605] avg_loss=1.2498 lr=0.001223 grad_norm=1.229 tok/s=35482.7 src_tok=716 tgt_tok=626 mem=55.1/218.5MB
[STEP e09 s0410/0605] avg_loss=1.2516 lr=0.001220 grad_norm=1.127 tok/s=24186.9 src_tok=729 tgt_tok=641 mem=57.9/218.5MB
[STEP e09 s0435/0605] avg_loss=1.2542 lr=0.001217 grad_norm=1.260 tok/s=29213.6 src_tok=710 tgt_tok=608 mem=55.1/218.5MB
[STEP e09 s0460/0605] avg_loss=1.2576 lr=0.001214 grad_norm=1.317 tok/s=23128.7 src_tok=690 tgt_tok=636 mem=55.7/218.5MB
[STEP e09 s0485/0605] avg_loss=1.2594 lr=0.001211 grad_norm=1.221 tok/s=19720.9 src_tok=727 tgt_tok=626 mem=56.2/218.5MB
[STEP e09 s0510/0605] avg_loss=1.2649 lr=0.001208 grad_norm=1.158 tok/s=43411.6 src_tok=708 tgt_tok=650 mem=56.2/218.5MB
[STEP e09 s0535/0605] avg_loss=1.2666 lr=0.001205 grad_norm=1.300 tok/s=30668.5 src_tok=707 tgt_tok=624 mem=56.2/218.5MB
[STEP e09 s0560/0605] avg_loss=1.2679 lr=0.001203 grad_norm=1.312 tok/s=22292.9 src_tok=719 tgt_tok=628 mem=55.7/218.5MB
[STEP e09 s0585/0605] avg_loss=1.2701 lr=0.001200 grad_norm=1.220 tok/s=18872.5 src_tok=705 tgt_tok=639 mem=59.0/218.5MB
[STEP e09 s0605/0605] avg_loss=1.2716 lr=0.001198 grad_norm=3.414 tok/s=3979.0 src_tok=115 tgt_tok=96 mem=44.8/218.5MB
[EPOCH 09] train_loss=1.2716 train_ppl=3.57 val_loss=1.3922 val_bleu=40.14 val_chrf=64.40 val_token_acc=44.57 peak_mem=218.5MB time=00:37 samples=valid_epoch_09.txt
[INFO] new best checkpoint saved at epoch 9 (val_bleu=40.14)
[STEP e10 s0005/0605] avg_loss=1.1248 lr=0.001197 grad_norm=1.190 tok/s=38341.4 src_tok=700 tgt_tok=636 mem=56.2/200.5MB
[STEP e10 s0030/0605] avg_loss=1.1766 lr=0.001194 grad_norm=1.308 tok/s=29338.4 src_tok=682 tgt_tok=610 mem=55.1/208.2MB
[STEP e10 s0055/0605] avg_loss=1.1803 lr=0.001192 grad_norm=1.316 tok/s=43134.0 src_tok=729 tgt_tok=652 mem=59.5/208.2MB
[STEP e10 s0080/0605] avg_loss=1.1733 lr=0.001189 grad_norm=1.238 tok/s=32753.7 src_tok=717 tgt_tok=643 mem=59.2/208.2MB
[STEP e10 s0105/0605] avg_loss=1.1793 lr=0.001186 grad_norm=1.217 tok/s=26877.5 src_tok=713 tgt_tok=605 mem=54.6/208.2MB
[STEP e10 s0130/0605] avg_loss=1.1785 lr=0.001184 grad_norm=1.260 tok/s=30357.8 src_tok=663 tgt_tok=611 mem=56.8/208.2MB
[STEP e10 s0155/0605] avg_loss=1.1793 lr=0.001181 grad_norm=1.380 tok/s=23743.6 src_tok=672 tgt_tok=620 mem=56.8/208.2MB
[STEP e10 s0180/0605] avg_loss=1.1868 lr=0.001178 grad_norm=1.213 tok/s=43562.5 src_tok=759 tgt_tok=685 mem=59.2/208.2MB
[STEP e10 s0205/0605] avg_loss=1.1875 lr=0.001176 grad_norm=1.308 tok/s=24984.4 src_tok=739 tgt_tok=661 mem=57.3/208.2MB
[STEP e10 s0230/0605] avg_loss=1.1896 lr=0.001173 grad_norm=1.242 tok/s=34297.8 src_tok=689 tgt_tok=608 mem=55.7/217.7MB
[STEP e10 s0255/0605] avg_loss=1.1926 lr=0.001171 grad_norm=1.283 tok/s=44422.8 src_tok=755 tgt_tok=688 mem=64.5/217.7MB
[STEP e10 s0280/0605] avg_loss=1.1959 lr=0.001168 grad_norm=1.228 tok/s=19723.5 src_tok=734 tgt_tok=682 mem=57.3/217.7MB
[STEP e10 s0305/0605] avg_loss=1.2002 lr=0.001166 grad_norm=1.249 tok/s=32415.1 src_tok=701 tgt_tok=646 mem=56.2/217.7MB
[STEP e10 s0330/0605] avg_loss=1.2025 lr=0.001163 grad_norm=1.198 tok/s=12878.1 src_tok=720 tgt_tok=666 mem=57.3/217.7MB
[STEP e10 s0355/0605] avg_loss=1.2064 lr=0.001160 grad_norm=1.291 tok/s=21530.4 src_tok=694 tgt_tok=622 mem=55.7/217.7MB
[STEP e10 s0380/0605] avg_loss=1.2089 lr=0.001158 grad_norm=1.677 tok/s=39370.7 src_tok=734 tgt_tok=666 mem=57.3/217.7MB
[STEP e10 s0405/0605] avg_loss=1.2115 lr=0.001156 grad_norm=1.323 tok/s=22116.2 src_tok=734 tgt_tok=650 mem=57.3/217.7MB
[STEP e10 s0430/0605] avg_loss=1.2152 lr=0.001153 grad_norm=1.393 tok/s=15463.6 src_tok=716 tgt_tok=631 mem=56.2/217.7MB
[STEP e10 s0455/0605] avg_loss=1.2176 lr=0.001151 grad_norm=1.168 tok/s=30563.2 src_tok=703 tgt_tok=641 mem=59.0/217.7MB
[STEP e10 s0480/0605] avg_loss=1.2192 lr=0.001148 grad_norm=1.170 tok/s=17177.5 src_tok=709 tgt_tok=631 mem=55.1/217.7MB
[STEP e10 s0505/0605] avg_loss=1.2216 lr=0.001146 grad_norm=1.318 tok/s=17498.2 src_tok=764 tgt_tok=680 mem=56.2/217.7MB
[STEP e10 s0530/0605] avg_loss=1.2255 lr=0.001143 grad_norm=1.327 tok/s=42359.4 src_tok=745 tgt_tok=654 mem=55.7/217.7MB
[STEP e10 s0555/0605] avg_loss=1.2262 lr=0.001141 grad_norm=1.314 tok/s=37771.6 src_tok=688 tgt_tok=634 mem=55.1/217.7MB
[STEP e10 s0580/0605] avg_loss=1.2286 lr=0.001139 grad_norm=1.204 tok/s=27837.3 src_tok=690 tgt_tok=622 mem=59.2/217.7MB
[STEP e10 s0605/0605] avg_loss=1.2305 lr=0.001136 grad_norm=inf tok/s=3290.7 src_tok=109 tgt_tok=112 mem=45.6/217.7MB
[EPOCH 10] train_loss=1.2305 train_ppl=3.42 val_loss=1.3919 val_bleu=39.67 val_chrf=63.95 val_token_acc=45.46 peak_mem=217.7MB time=00:38 samples=valid_epoch_10.txt
[INFO] patience 1/5
[STEP e11 s0025/0605] avg_loss=1.0862 lr=0.001134 grad_norm=1.841 tok/s=31089.4 src_tok=740 tgt_tok=646 mem=57.3/187.2MB
[STEP e11 s0050/0605] avg_loss=1.0942 lr=0.001132 grad_norm=1.208 tok/s=24145.6 src_tok=704 tgt_tok=640 mem=55.1/215.2MB
[STEP e11 s0075/0605] avg_loss=1.1078 lr=0.001129 grad_norm=1.258 tok/s=28488.7 src_tok=711 tgt_tok=647 mem=56.8/215.2MB
[STEP e11 s0100/0605] avg_loss=1.1104 lr=0.001127 grad_norm=1.260 tok/s=33108.6 src_tok=795 tgt_tok=676 mem=56.8/215.2MB
[STEP e11 s0125/0605] avg_loss=1.1206 lr=0.001125 grad_norm=1.267 tok/s=38502.6 src_tok=707 tgt_tok=626 mem=56.2/215.2MB
[STEP e11 s0150/0605] avg_loss=1.1346 lr=0.001122 grad_norm=1.290 tok/s=44355.8 src_tok=743 tgt_tok=663 mem=57.3/215.2MB
[STEP e11 s0175/0605] avg_loss=1.1372 lr=0.001120 grad_norm=1.264 tok/s=41898.9 src_tok=764 tgt_tok=678 mem=56.2/215.2MB
[STEP e11 s0200/0605] avg_loss=1.1413 lr=0.001118 grad_norm=1.230 tok/s=53691.1 src_tok=752 tgt_tok=674 mem=57.9/217.7MB
[STEP e11 s0225/0605] avg_loss=1.1463 lr=0.001116 grad_norm=1.200 tok/s=43764.6 src_tok=707 tgt_tok=650 mem=56.8/217.7MB
[STEP e11 s0250/0605] avg_loss=1.1526 lr=0.001114 grad_norm=1.268 tok/s=31994.8 src_tok=785 tgt_tok=683 mem=56.2/217.7MB
[STEP e11 s0275/0605] avg_loss=1.1558 lr=0.001111 grad_norm=1.391 tok/s=40930.4 src_tok=725 tgt_tok=667 mem=59.5/217.7MB
[STEP e11 s0300/0605] avg_loss=1.1608 lr=0.001109 grad_norm=1.291 tok/s=39010.3 src_tok=716 tgt_tok=663 mem=57.9/217.7MB
[STEP e11 s0325/0605] avg_loss=1.1648 lr=0.001107 grad_norm=1.209 tok/s=37314.4 src_tok=723 tgt_tok=664 mem=56.8/217.7MB
[STEP e11 s0350/0605] avg_loss=1.1671 lr=0.001105 grad_norm=1.557 tok/s=40959.2 src_tok=681 tgt_tok=595 mem=55.1/217.7MB
[STEP e11 s0375/0605] avg_loss=1.1715 lr=0.001103 grad_norm=1.295 tok/s=31318.1 src_tok=696 tgt_tok=636 mem=57.9/217.7MB
[STEP e11 s0400/0605] avg_loss=1.1747 lr=0.001100 grad_norm=1.303 tok/s=38626.7 src_tok=721 tgt_tok=635 mem=55.1/217.7MB
[STEP e11 s0425/0605] avg_loss=1.1761 lr=0.001098 grad_norm=1.241 tok/s=41114.2 src_tok=691 tgt_tok=630 mem=55.7/217.7MB
[STEP e11 s0450/0605] avg_loss=1.1793 lr=0.001096 grad_norm=1.517 tok/s=33633.6 src_tok=687 tgt_tok=638 mem=54.0/217.7MB
[STEP e11 s0475/0605] avg_loss=1.1801 lr=0.001094 grad_norm=1.374 tok/s=37800.3 src_tok=753 tgt_tok=679 mem=55.7/217.7MB
[STEP e11 s0500/0605] avg_loss=1.1833 lr=0.001092 grad_norm=1.230 tok/s=33787.3 src_tok=720 tgt_tok=651 mem=55.7/217.7MB
[STEP e11 s0525/0605] avg_loss=1.1849 lr=0.001090 grad_norm=1.304 tok/s=38747.1 src_tok=726 tgt_tok=631 mem=62.3/217.7MB
[STEP e11 s0550/0605] avg_loss=1.1855 lr=0.001088 grad_norm=1.218 tok/s=45654.4 src_tok=695 tgt_tok=627 mem=56.2/217.7MB
[STEP e11 s0575/0605] avg_loss=1.1873 lr=0.001086 grad_norm=1.215 tok/s=37358.1 src_tok=684 tgt_tok=609 mem=54.6/217.7MB
[STEP e11 s0600/0605] avg_loss=1.1889 lr=0.001084 grad_norm=1.289 tok/s=41969.6 src_tok=774 tgt_tok=678 mem=59.0/217.7MB
[STEP e11 s0605/0605] avg_loss=1.1903 lr=0.001083 grad_norm=inf tok/s=5087.3 src_tok=113 tgt_tok=99 mem=44.8/217.7MB
[EPOCH 11] train_loss=1.1903 train_ppl=3.29 val_loss=1.4028 val_bleu=39.81 val_chrf=64.19 val_token_acc=45.33 peak_mem=217.7MB time=00:26 samples=valid_epoch_11.txt
[INFO] patience 2/5
[STEP e12 s0020/0605] avg_loss=1.0949 lr=0.001082 grad_norm=1.451 tok/s=28781.3 src_tok=681 tgt_tok=608 mem=56.2/205.5MB
[STEP e12 s0045/0605] avg_loss=1.0782 lr=0.001080 grad_norm=1.265 tok/s=40885.6 src_tok=744 tgt_tok=665 mem=57.3/205.5MB
[STEP e12 s0070/0605] avg_loss=1.0767 lr=0.001078 grad_norm=1.302 tok/s=35403.1 src_tok=712 tgt_tok=604 mem=55.1/205.5MB
[STEP e12 s0095/0605] avg_loss=1.0915 lr=0.001076 grad_norm=1.283 tok/s=37500.5 src_tok=719 tgt_tok=656 mem=55.1/215.5MB
[STEP e12 s0120/0605] avg_loss=1.1059 lr=0.001074 grad_norm=1.307 tok/s=31632.9 src_tok=705 tgt_tok=649 mem=56.2/215.5MB
[STEP e12 s0145/0605] avg_loss=1.1151 lr=0.001072 grad_norm=1.360 tok/s=34244.4 src_tok=689 tgt_tok=622 mem=59.2/215.5MB
[STEP e12 s0170/0605] avg_loss=1.1156 lr=0.001070 grad_norm=1.284 tok/s=42635.5 src_tok=729 tgt_tok=636 mem=55.1/215.5MB
[STEP e12 s0195/0605] avg_loss=1.1218 lr=0.001068 grad_norm=1.166 tok/s=47688.1 src_tok=765 tgt_tok=676 mem=59.2/217.9MB
[STEP e12 s0220/0605] avg_loss=1.1241 lr=0.001066 grad_norm=1.231 tok/s=38787.9 src_tok=689 tgt_tok=600 mem=54.6/217.9MB
[STEP e12 s0245/0605] avg_loss=1.1231 lr=0.001064 grad_norm=1.253 tok/s=38299.4 src_tok=709 tgt_tok=615 mem=61.7/217.9MB
[STEP e12 s0270/0605] avg_loss=1.1281 lr=0.001062 grad_norm=1.458 tok/s=41013.9 src_tok=722 tgt_tok=650 mem=56.2/217.9MB
[STEP e12 s0295/0605] avg_loss=1.1291 lr=0.001060 grad_norm=1.368 tok/s=40677.5 src_tok=715 tgt_tok=644 mem=56.8/217.9MB
[STEP e12 s0320/0605] avg_loss=1.1297 lr=0.001058 grad_norm=1.350 tok/s=41671.1 src_tok=712 tgt_tok=647 mem=57.9/217.9MB
[STEP e12 s0345/0605] avg_loss=1.1330 lr=0.001056 grad_norm=1.427 tok/s=39758.1 src_tok=761 tgt_tok=674 mem=56.8/217.9MB
[STEP e12 s0370/0605] avg_loss=1.1361 lr=0.001054 grad_norm=1.310 tok/s=39020.2 src_tok=729 tgt_tok=696 mem=60.1/217.9MB
[STEP e12 s0395/0605] avg_loss=1.1377 lr=0.001053 grad_norm=1.282 tok/s=34685.0 src_tok=717 tgt_tok=640 mem=56.2/217.9MB
[STEP e12 s0420/0605] avg_loss=1.1395 lr=0.001051 grad_norm=1.304 tok/s=44626.0 src_tok=748 tgt_tok=668 mem=55.1/217.9MB
[STEP e12 s0445/0605] avg_loss=1.1430 lr=0.001049 grad_norm=1.310 tok/s=39695.6 src_tok=697 tgt_tok=627 mem=59.2/217.9MB
[STEP e12 s0470/0605] avg_loss=1.1459 lr=0.001047 grad_norm=1.373 tok/s=45619.8 src_tok=767 tgt_tok=694 mem=56.8/217.9MB
[STEP e12 s0495/0605] avg_loss=1.1493 lr=0.001045 grad_norm=1.345 tok/s=38849.8 src_tok=756 tgt_tok=667 mem=57.3/217.9MB
[STEP e12 s0520/0605] avg_loss=1.1515 lr=0.001043 grad_norm=1.291 tok/s=39016.5 src_tok=706 tgt_tok=650 mem=56.2/217.9MB
[STEP e12 s0545/0605] avg_loss=1.1545 lr=0.001042 grad_norm=1.398 tok/s=39258.1 src_tok=744 tgt_tok=679 mem=59.5/217.9MB
[STEP e12 s0570/0605] avg_loss=1.1574 lr=0.001040 grad_norm=1.383 tok/s=41044.2 src_tok=706 tgt_tok=637 mem=58.4/217.9MB
[STEP e12 s0595/0605] avg_loss=1.1578 lr=0.001038 grad_norm=1.290 tok/s=45035.6 src_tok=725 tgt_tok=651 mem=59.2/217.9MB
[STEP e12 s0605/0605] avg_loss=1.1588 lr=0.001037 grad_norm=3.409 tok/s=5907.2 src_tok=109 tgt_tok=110 mem=44.9/217.9MB
[EPOCH 12] train_loss=1.1588 train_ppl=3.19 val_loss=1.3816 val_bleu=40.77 val_chrf=65.02 val_token_acc=45.22 peak_mem=217.9MB time=00:25 samples=valid_epoch_12.txt
[INFO] new best checkpoint saved at epoch 12 (val_bleu=40.77)
[STEP e13 s0015/0605] avg_loss=1.0482 lr=0.001036 grad_norm=1.343 tok/s=38075.3 src_tok=723 tgt_tok=644 mem=59.2/214.9MB
[STEP e13 s0040/0605] avg_loss=1.0618 lr=0.001034 grad_norm=1.470 tok/s=33131.3 src_tok=705 tgt_tok=625 mem=55.1/216.0MB
[STEP e13 s0065/0605] avg_loss=1.0599 lr=0.001033 grad_norm=1.324 tok/s=42237.3 src_tok=727 tgt_tok=651 mem=56.8/216.0MB
[STEP e13 s0090/0605] avg_loss=1.0620 lr=0.001031 grad_norm=1.189 tok/s=37555.6 src_tok=711 tgt_tok=618 mem=57.3/216.0MB
[STEP e13 s0115/0605] avg_loss=1.0626 lr=0.001029 grad_norm=1.234 tok/s=41014.9 src_tok=743 tgt_tok=649 mem=59.0/216.0MB
[STEP e13 s0140/0605] avg_loss=1.0703 lr=0.001027 grad_norm=1.359 tok/s=44684.9 src_tok=796 tgt_tok=711 mem=59.5/216.0MB
[STEP e13 s0165/0605] avg_loss=1.0767 lr=0.001026 grad_norm=1.203 tok/s=40113.0 src_tok=710 tgt_tok=651 mem=59.2/216.0MB
[STEP e13 s0190/0605] avg_loss=1.0772 lr=0.001024 grad_norm=1.446 tok/s=41062.8 src_tok=730 tgt_tok=648 mem=57.9/216.0MB
[STEP e13 s0215/0605] avg_loss=1.0832 lr=0.001022 grad_norm=1.311 tok/s=41655.5 src_tok=769 tgt_tok=700 mem=57.9/216.0MB
[STEP e13 s0240/0605] avg_loss=1.0889 lr=0.001021 grad_norm=1.329 tok/s=36579.9 src_tok=688 tgt_tok=621 mem=55.1/217.7MB
[STEP e13 s0265/0605] avg_loss=1.0918 lr=0.001019 grad_norm=1.382 tok/s=25853.3 src_tok=696 tgt_tok=624 mem=55.1/217.7MB
[STEP e13 s0290/0605] avg_loss=1.0958 lr=0.001017 grad_norm=1.391 tok/s=12398.8 src_tok=661 tgt_tok=579 mem=54.6/217.7MB
[STEP e13 s0315/0605] avg_loss=1.0999 lr=0.001015 grad_norm=1.241 tok/s=25041.8 src_tok=769 tgt_tok=682 mem=56.2/217.7MB
[STEP e13 s0340/0605] avg_loss=1.1060 lr=0.001014 grad_norm=1.315 tok/s=26493.7 src_tok=712 tgt_tok=655 mem=56.2/217.7MB
[STEP e13 s0365/0605] avg_loss=1.1097 lr=0.001012 grad_norm=1.411 tok/s=26560.1 src_tok=763 tgt_tok=672 mem=59.2/217.7MB
[STEP e13 s0390/0605] avg_loss=1.1099 lr=0.001010 grad_norm=1.461 tok/s=29400.6 src_tok=714 tgt_tok=633 mem=56.8/217.7MB
[STEP e13 s0415/0605] avg_loss=1.1132 lr=0.001009 grad_norm=1.410 tok/s=25424.2 src_tok=727 tgt_tok=635 mem=62.8/217.7MB
[STEP e13 s0440/0605] avg_loss=1.1142 lr=0.001007 grad_norm=1.223 tok/s=37593.8 src_tok=703 tgt_tok=631 mem=55.7/217.7MB
[STEP e13 s0465/0605] avg_loss=1.1165 lr=0.001006 grad_norm=1.285 tok/s=43388.5 src_tok=743 tgt_tok=651 mem=56.8/217.7MB
[STEP e13 s0490/0605] avg_loss=1.1203 lr=0.001004 grad_norm=1.384 tok/s=27596.1 src_tok=740 tgt_tok=694 mem=60.6/217.7MB
[STEP e13 s0515/0605] avg_loss=1.1221 lr=0.001002 grad_norm=1.204 tok/s=27331.3 src_tok=719 tgt_tok=629 mem=57.9/217.7MB
[STEP e13 s0540/0605] avg_loss=1.1245 lr=0.001001 grad_norm=1.202 tok/s=26140.0 src_tok=660 tgt_tok=569 mem=59.2/217.7MB
[STEP e13 s0565/0605] avg_loss=1.1265 lr=0.000999 grad_norm=1.417 tok/s=22274.7 src_tok=728 tgt_tok=656 mem=55.7/217.7MB
[STEP e13 s0590/0605] avg_loss=1.1298 lr=0.000998 grad_norm=1.333 tok/s=16586.1 src_tok=706 tgt_tok=626 mem=57.3/217.7MB
[STEP e13 s0605/0605] avg_loss=1.1318 lr=0.000997 grad_norm=3.319 tok/s=4107.1 src_tok=125 tgt_tok=116 mem=45.9/217.7MB
[EPOCH 13] train_loss=1.1318 train_ppl=3.10 val_loss=1.3844 val_bleu=39.37 val_chrf=64.20 val_token_acc=44.16 peak_mem=217.7MB time=00:34 samples=valid_epoch_13.txt
[INFO] patience 1/5
[STEP e14 s0010/0605] avg_loss=1.0057 lr=0.000996 grad_norm=1.419 tok/s=38293.4 src_tok=662 tgt_tok=593 mem=57.3/192.1MB
[STEP e14 s0035/0605] avg_loss=1.0135 lr=0.000994 grad_norm=1.257 tok/s=41365.4 src_tok=709 tgt_tok=615 mem=55.7/193.8MB
[STEP e14 s0060/0605] avg_loss=1.0325 lr=0.000993 grad_norm=1.309 tok/s=50290.2 src_tok=754 tgt_tok=696 mem=59.2/193.8MB
[STEP e14 s0085/0605] avg_loss=1.0381 lr=0.000991 grad_norm=1.277 tok/s=46841.0 src_tok=724 tgt_tok=623 mem=53.5/208.2MB
[STEP e14 s0110/0605] avg_loss=1.0356 lr=0.000990 grad_norm=1.304 tok/s=47693.6 src_tok=759 tgt_tok=673 mem=57.9/216.0MB
[STEP e14 s0135/0605] avg_loss=1.0431 lr=0.000988 grad_norm=1.395 tok/s=45820.4 src_tok=706 tgt_tok=625 mem=56.2/216.0MB
[STEP e14 s0160/0605] avg_loss=1.0441 lr=0.000987 grad_norm=1.370 tok/s=51133.7 src_tok=723 tgt_tok=646 mem=60.1/216.0MB
[STEP e14 s0185/0605] avg_loss=1.0491 lr=0.000985 grad_norm=1.383 tok/s=44979.8 src_tok=702 tgt_tok=613 mem=56.2/216.0MB
[STEP e14 s0210/0605] avg_loss=1.0543 lr=0.000984 grad_norm=1.428 tok/s=43620.2 src_tok=707 tgt_tok=634 mem=56.2/216.0MB
[STEP e14 s0235/0605] avg_loss=1.0567 lr=0.000982 grad_norm=1.368 tok/s=45696.9 src_tok=701 tgt_tok=627 mem=55.7/216.0MB
[STEP e14 s0260/0605] avg_loss=1.0617 lr=0.000981 grad_norm=1.375 tok/s=45738.0 src_tok=687 tgt_tok=615 mem=56.2/217.7MB
[STEP e14 s0285/0605] avg_loss=1.0655 lr=0.000979 grad_norm=1.308 tok/s=48780.1 src_tok=688 tgt_tok=611 mem=59.5/217.7MB
[STEP e14 s0310/0605] avg_loss=1.0692 lr=0.000978 grad_norm=1.316 tok/s=42406.1 src_tok=711 tgt_tok=647 mem=56.8/217.7MB
[STEP e14 s0335/0605] avg_loss=1.0753 lr=0.000976 grad_norm=1.326 tok/s=45455.8 src_tok=692 tgt_tok=627 mem=56.2/217.7MB
[STEP e14 s0360/0605] avg_loss=1.0779 lr=0.000975 grad_norm=1.315 tok/s=52596.2 src_tok=757 tgt_tok=700 mem=59.5/217.7MB
[STEP e14 s0385/0605] avg_loss=1.0816 lr=0.000973 grad_norm=1.352 tok/s=50091.3 src_tok=762 tgt_tok=688 mem=57.9/217.7MB
[STEP e14 s0410/0605] avg_loss=1.0846 lr=0.000972 grad_norm=1.347 tok/s=46056.6 src_tok=744 tgt_tok=672 mem=59.0/217.7MB
[STEP e14 s0435/0605] avg_loss=1.0877 lr=0.000970 grad_norm=1.316 tok/s=50746.3 src_tok=748 tgt_tok=676 mem=59.0/217.7MB
[STEP e14 s0460/0605] avg_loss=1.0906 lr=0.000969 grad_norm=1.380 tok/s=46857.8 src_tok=749 tgt_tok=657 mem=61.5/217.7MB
[STEP e14 s0485/0605] avg_loss=1.0940 lr=0.000967 grad_norm=1.403 tok/s=49264.9 src_tok=741 tgt_tok=689 mem=59.0/218.2MB
[STEP e14 s0510/0605] avg_loss=1.0951 lr=0.000966 grad_norm=1.400 tok/s=45739.0 src_tok=724 tgt_tok=656 mem=59.2/218.2MB
[STEP e14 s0535/0605] avg_loss=1.0972 lr=0.000964 grad_norm=1.469 tok/s=46312.5 src_tok=697 tgt_tok=598 mem=54.6/218.2MB
[STEP e14 s0560/0605] avg_loss=1.0999 lr=0.000963 grad_norm=1.428 tok/s=42995.1 src_tok=658 tgt_tok=588 mem=55.1/218.2MB
[STEP e14 s0585/0605] avg_loss=1.1025 lr=0.000961 grad_norm=1.325 tok/s=55602.6 src_tok=762 tgt_tok=714 mem=60.1/218.2MB
[STEP e14 s0605/0605] avg_loss=1.1052 lr=0.000960 grad_norm=3.093 tok/s=8861.0 src_tok=140 tgt_tok=135 mem=45.9/218.2MB
[EPOCH 14] train_loss=1.1052 train_ppl=3.02 val_loss=1.3839 val_bleu=39.79 val_chrf=64.15 val_token_acc=44.89 peak_mem=218.2MB time=00:22 samples=valid_epoch_14.txt
[INFO] patience 2/5
[STEP e15 s0005/0605] avg_loss=0.9830 lr=0.000960 grad_norm=1.335 tok/s=42983.4 src_tok=720 tgt_tok=643 mem=64.5/216.0MB
[STEP e15 s0030/0605] avg_loss=1.0116 lr=0.000959 grad_norm=1.310 tok/s=34917.8 src_tok=662 tgt_tok=595 mem=54.0/216.0MB
[STEP e15 s0055/0605] avg_loss=1.0108 lr=0.000957 grad_norm=1.411 tok/s=28246.9 src_tok=701 tgt_tok=616 mem=55.7/216.0MB
[STEP e15 s0080/0605] avg_loss=1.0175 lr=0.000956 grad_norm=1.260 tok/s=31433.3 src_tok=696 tgt_tok=609 mem=56.2/217.7MB
[STEP e15 s0105/0605] avg_loss=1.0182 lr=0.000954 grad_norm=1.376 tok/s=48998.4 src_tok=700 tgt_tok=623 mem=55.7/217.7MB
[STEP e15 s0130/0605] avg_loss=1.0265 lr=0.000953 grad_norm=1.282 tok/s=40791.0 src_tok=655 tgt_tok=609 mem=55.1/217.7MB
[STEP e15 s0155/0605] avg_loss=1.0328 lr=0.000952 grad_norm=1.239 tok/s=43154.6 src_tok=729 tgt_tok=652 mem=59.2/217.7MB
[STEP e15 s0180/0605] avg_loss=1.0338 lr=0.000950 grad_norm=1.562 tok/s=35625.9 src_tok=745 tgt_tok=680 mem=57.9/217.7MB
[STEP e15 s0205/0605] avg_loss=1.0398 lr=0.000949 grad_norm=1.263 tok/s=37701.8 src_tok=700 tgt_tok=619 mem=57.3/217.7MB
[STEP e15 s0230/0605] avg_loss=1.0461 lr=0.000948 grad_norm=1.415 tok/s=47858.6 src_tok=703 tgt_tok=695 mem=60.6/217.7MB
[STEP e15 s0255/0605] avg_loss=1.0464 lr=0.000946 grad_norm=1.232 tok/s=47261.1 src_tok=741 tgt_tok=677 mem=56.2/217.7MB
[STEP e15 s0280/0605] avg_loss=1.0511 lr=0.000945 grad_norm=1.327 tok/s=49267.5 src_tok=772 tgt_tok=706 mem=62.6/217.7MB
[STEP e15 s0305/0605] avg_loss=1.0573 lr=0.000944 grad_norm=1.367 tok/s=46158.3 src_tok=683 tgt_tok=610 mem=56.8/217.7MB
[STEP e15 s0330/0605] avg_loss=1.0582 lr=0.000942 grad_norm=1.342 tok/s=48200.5 src_tok=707 tgt_tok=632 mem=57.3/217.7MB
[STEP e15 s0355/0605] avg_loss=1.0602 lr=0.000941 grad_norm=1.358 tok/s=43494.9 src_tok=683 tgt_tok=622 mem=57.3/217.7MB
[STEP e15 s0380/0605] avg_loss=1.0631 lr=0.000940 grad_norm=1.520 tok/s=46724.8 src_tok=768 tgt_tok=681 mem=62.3/217.7MB
[STEP e15 s0405/0605] avg_loss=1.0670 lr=0.000938 grad_norm=1.319 tok/s=45750.2 src_tok=710 tgt_tok=664 mem=55.7/217.7MB
[STEP e15 s0430/0605] avg_loss=1.0696 lr=0.000937 grad_norm=1.300 tok/s=44318.3 src_tok=681 tgt_tok=604 mem=58.4/217.7MB
[STEP e15 s0455/0605] avg_loss=1.0726 lr=0.000936 grad_norm=1.353 tok/s=47923.3 src_tok=726 tgt_tok=667 mem=57.9/217.7MB
[STEP e15 s0480/0605] avg_loss=1.0743 lr=0.000934 grad_norm=1.342 tok/s=49800.0 src_tok=732 tgt_tok=663 mem=60.1/217.7MB
[STEP e15 s0505/0605] avg_loss=1.0765 lr=0.000933 grad_norm=1.341 tok/s=47319.6 src_tok=695 tgt_tok=630 mem=56.8/217.7MB
[STEP e15 s0530/0605] avg_loss=1.0792 lr=0.000932 grad_norm=1.330 tok/s=44530.8 src_tok=681 tgt_tok=611 mem=56.2/217.7MB
[STEP e15 s0555/0605] avg_loss=1.0790 lr=0.000930 grad_norm=1.424 tok/s=50730.8 src_tok=751 tgt_tok=670 mem=60.6/217.7MB
[STEP e15 s0580/0605] avg_loss=1.0806 lr=0.000929 grad_norm=1.256 tok/s=50659.0 src_tok=732 tgt_tok=662 mem=59.5/217.7MB
[STEP e15 s0605/0605] avg_loss=1.0833 lr=0.000928 grad_norm=inf tok/s=7722.7 src_tok=118 tgt_tok=106 mem=45.6/217.7MB
[EPOCH 15] train_loss=1.0833 train_ppl=2.95 val_loss=1.3717 val_bleu=40.42 val_chrf=64.74 val_token_acc=44.98 peak_mem=217.7MB time=00:22 samples=valid_epoch_15.txt
[INFO] patience 3/5
[STEP e16 s0025/0605] avg_loss=0.9875 lr=0.000927 grad_norm=1.227 tok/s=39955.6 src_tok=690 tgt_tok=629 mem=55.7/208.2MB
[STEP e16 s0050/0605] avg_loss=0.9775 lr=0.000925 grad_norm=1.508 tok/s=48840.4 src_tok=734 tgt_tok=633 mem=55.7/208.2MB
[STEP e16 s0075/0605] avg_loss=0.9822 lr=0.000924 grad_norm=1.442 tok/s=45778.6 src_tok=720 tgt_tok=654 mem=57.3/208.2MB
[STEP e16 s0100/0605] avg_loss=0.9851 lr=0.000923 grad_norm=1.408 tok/s=45699.0 src_tok=729 tgt_tok=642 mem=56.2/208.2MB
[STEP e16 s0125/0605] avg_loss=0.9913 lr=0.000921 grad_norm=1.632 tok/s=50266.2 src_tok=748 tgt_tok=660 mem=60.6/208.2MB
[STEP e16 s0150/0605] avg_loss=0.9984 lr=0.000920 grad_norm=1.413 tok/s=36323.0 src_tok=712 tgt_tok=634 mem=56.2/208.2MB
[STEP e16 s0175/0605] avg_loss=1.0009 lr=0.000919 grad_norm=1.323 tok/s=46621.8 src_tok=720 tgt_tok=632 mem=57.3/208.2MB
[STEP e16 s0200/0605] avg_loss=1.0119 lr=0.000918 grad_norm=1.470 tok/s=48499.8 src_tok=715 tgt_tok=643 mem=62.3/208.2MB
[STEP e16 s0225/0605] avg_loss=1.0171 lr=0.000916 grad_norm=1.394 tok/s=45596.9 src_tok=685 tgt_tok=587 mem=54.0/208.2MB
[STEP e16 s0250/0605] avg_loss=1.0175 lr=0.000915 grad_norm=1.366 tok/s=47704.2 src_tok=759 tgt_tok=673 mem=57.3/208.2MB
[STEP e16 s0275/0605] avg_loss=1.0209 lr=0.000914 grad_norm=1.389 tok/s=40941.5 src_tok=741 tgt_tok=673 mem=60.6/208.2MB
[STEP e16 s0300/0605] avg_loss=1.0228 lr=0.000913 grad_norm=1.374 tok/s=43721.9 src_tok=720 tgt_tok=680 mem=56.8/208.2MB
[STEP e16 s0325/0605] avg_loss=1.0267 lr=0.000912 grad_norm=1.456 tok/s=49792.7 src_tok=729 tgt_tok=665 mem=57.9/208.2MB
[STEP e16 s0350/0605] avg_loss=1.0316 lr=0.000910 grad_norm=1.306 tok/s=47236.7 src_tok=718 tgt_tok=651 mem=55.1/208.2MB
[STEP e16 s0375/0605] avg_loss=1.0341 lr=0.000909 grad_norm=1.387 tok/s=43536.5 src_tok=729 tgt_tok=645 mem=56.2/208.2MB
[STEP e16 s0400/0605] avg_loss=1.0369 lr=0.000908 grad_norm=1.348 tok/s=43375.3 src_tok=713 tgt_tok=631 mem=57.9/216.0MB
[STEP e16 s0425/0605] avg_loss=1.0415 lr=0.000907 grad_norm=1.357 tok/s=48210.0 src_tok=775 tgt_tok=720 mem=57.3/216.0MB
[STEP e16 s0450/0605] avg_loss=1.0447 lr=0.000906 grad_norm=1.340 tok/s=44676.9 src_tok=690 tgt_tok=628 mem=62.3/216.0MB
[STEP e16 s0475/0605] avg_loss=1.0456 lr=0.000904 grad_norm=1.506 tok/s=42876.2 src_tok=696 tgt_tok=636 mem=56.2/217.7MB
[STEP e16 s0500/0605] avg_loss=1.0485 lr=0.000903 grad_norm=1.550 tok/s=45214.9 src_tok=706 tgt_tok=606 mem=55.7/217.7MB
[STEP e16 s0525/0605] avg_loss=1.0521 lr=0.000902 grad_norm=1.499 tok/s=43799.5 src_tok=758 tgt_tok=688 mem=62.3/217.7MB
[STEP e16 s0550/0605] avg_loss=1.0553 lr=0.000901 grad_norm=1.339 tok/s=43076.1 src_tok=739 tgt_tok=660 mem=54.0/217.7MB
[STEP e16 s0575/0605] avg_loss=1.0576 lr=0.000900 grad_norm=1.499 tok/s=47463.7 src_tok=700 tgt_tok=656 mem=59.0/217.7MB
[STEP e16 s0600/0605] avg_loss=1.0609 lr=0.000899 grad_norm=1.369 tok/s=41713.3 src_tok=689 tgt_tok=604 mem=57.3/217.7MB
[STEP e16 s0605/0605] avg_loss=1.0613 lr=0.000898 grad_norm=3.678 tok/s=6784.3 src_tok=120 tgt_tok=101 mem=45.9/217.7MB
[EPOCH 16] train_loss=1.0613 train_ppl=2.89 val_loss=1.3962 val_bleu=38.80 val_chrf=63.19 val_token_acc=44.28 peak_mem=217.7MB time=00:22 samples=valid_epoch_16.txt
[INFO] patience 4/5
[STEP e17 s0020/0605] avg_loss=0.9441 lr=0.000897 grad_norm=1.375 tok/s=46118.7 src_tok=739 tgt_tok=644 mem=54.6/184.5MB
[STEP e17 s0045/0605] avg_loss=0.9656 lr=0.000896 grad_norm=1.433 tok/s=45570.3 src_tok=681 tgt_tok=608 mem=55.1/206.9MB
[STEP e17 s0070/0605] avg_loss=0.9633 lr=0.000895 grad_norm=1.352 tok/s=46252.0 src_tok=766 tgt_tok=714 mem=60.1/217.7MB
[STEP e17 s0095/0605] avg_loss=0.9667 lr=0.000894 grad_norm=1.424 tok/s=42851.4 src_tok=719 tgt_tok=634 mem=58.4/217.7MB
[STEP e17 s0120/0605] avg_loss=0.9727 lr=0.000893 grad_norm=1.260 tok/s=36185.8 src_tok=722 tgt_tok=637 mem=57.3/217.7MB
[STEP e17 s0145/0605] avg_loss=0.9823 lr=0.000892 grad_norm=1.411 tok/s=32922.9 src_tok=685 tgt_tok=632 mem=57.3/217.7MB
[STEP e17 s0170/0605] avg_loss=0.9826 lr=0.000891 grad_norm=1.300 tok/s=14478.6 src_tok=735 tgt_tok=659 mem=56.8/217.7MB
[STEP e17 s0195/0605] avg_loss=0.9879 lr=0.000889 grad_norm=1.343 tok/s=21055.0 src_tok=735 tgt_tok=634 mem=57.3/217.7MB
[STEP e17 s0220/0605] avg_loss=0.9935 lr=0.000888 grad_norm=1.345 tok/s=16680.7 src_tok=706 tgt_tok=621 mem=55.7/217.7MB
[STEP e17 s0245/0605] avg_loss=0.9992 lr=0.000887 grad_norm=1.284 tok/s=32659.2 src_tok=747 tgt_tok=686 mem=56.2/217.7MB
[STEP e17 s0270/0605] avg_loss=1.0016 lr=0.000886 grad_norm=1.352 tok/s=18147.7 src_tok=780 tgt_tok=718 mem=59.2/217.7MB
[STEP e17 s0295/0605] avg_loss=1.0045 lr=0.000885 grad_norm=1.410 tok/s=34490.2 src_tok=751 tgt_tok=662 mem=57.9/217.7MB
[STEP e17 s0320/0605] avg_loss=1.0083 lr=0.000884 grad_norm=1.408 tok/s=27722.5 src_tok=731 tgt_tok=668 mem=62.3/217.7MB
[STEP e17 s0345/0605] avg_loss=1.0122 lr=0.000883 grad_norm=1.365 tok/s=31682.2 src_tok=764 tgt_tok=682 mem=60.6/217.7MB
[STEP e17 s0370/0605] avg_loss=1.0154 lr=0.000882 grad_norm=1.504 tok/s=28819.8 src_tok=703 tgt_tok=656 mem=57.3/217.7MB
[STEP e17 s0395/0605] avg_loss=1.0207 lr=0.000881 grad_norm=1.457 tok/s=35745.8 src_tok=736 tgt_tok=667 mem=57.9/217.7MB
[STEP e17 s0420/0605] avg_loss=1.0244 lr=0.000879 grad_norm=1.414 tok/s=28613.9 src_tok=727 tgt_tok=649 mem=57.9/217.7MB
[STEP e17 s0445/0605] avg_loss=1.0260 lr=0.000878 grad_norm=1.279 tok/s=26194.9 src_tok=715 tgt_tok=653 mem=60.1/217.7MB
[STEP e17 s0470/0605] avg_loss=1.0298 lr=0.000877 grad_norm=1.484 tok/s=21030.8 src_tok=695 tgt_tok=636 mem=55.7/217.7MB
[STEP e17 s0495/0605] avg_loss=1.0320 lr=0.000876 grad_norm=1.421 tok/s=32821.4 src_tok=703 tgt_tok=641 mem=57.9/217.7MB
[STEP e17 s0520/0605] avg_loss=1.0333 lr=0.000875 grad_norm=1.352 tok/s=49157.3 src_tok=765 tgt_tok=688 mem=62.8/217.7MB
[STEP e17 s0545/0605] avg_loss=1.0352 lr=0.000874 grad_norm=1.331 tok/s=46244.0 src_tok=750 tgt_tok=684 mem=62.3/217.7MB
[STEP e17 s0570/0605] avg_loss=1.0368 lr=0.000873 grad_norm=1.391 tok/s=15991.9 src_tok=725 tgt_tok=653 mem=59.0/217.7MB
[STEP e17 s0595/0605] avg_loss=1.0394 lr=0.000872 grad_norm=1.411 tok/s=26998.3 src_tok=729 tgt_tok=652 mem=55.7/217.7MB
[STEP e17 s0605/0605] avg_loss=1.0405 lr=0.000872 grad_norm=2.747 tok/s=8029.3 src_tok=134 tgt_tok=115 mem=45.9/217.7MB
[EPOCH 17] train_loss=1.0405 train_ppl=2.83 val_loss=1.3957 val_bleu=40.35 val_chrf=64.87 val_token_acc=44.61 peak_mem=217.7MB time=00:33 samples=valid_epoch_17.txt
[INFO] patience 5/5
[INFO] Early stopping triggered at epoch 17.
[TEST] bleu=39.35 chrf=63.95 token_acc=45.90 exact=7.10
[DONE] run summary written to outputs\baseline_tiny_en_de\run_summary.md
