[INFO] device = cuda
[INFO] mixed_precision = True
[INFO] gpu = NVIDIA GeForce RTX 2050 (total_mem=4095.6MB, capability=8.6)
[INFO] trainable parameters = 2,195,584
[INFO] dataset sizes = train:29000 valid:1014 test:1000
[INFO] vocab sizes = src:5977 tgt:6000 max_len:40
[STEP e01 s0001/0605] avg_loss=8.7042 lr=0.000022 grad_norm=1.436 tok/s=6910.6 src_tok=712 tgt_tok=663 mem=63.1/210.5MB
[STEP e01 s0025/0605] avg_loss=8.4650 lr=0.000287 grad_norm=1.430 tok/s=45487.8 src_tok=744 tgt_tok=651 mem=58.1/228.2MB
[STEP e01 s0050/0605] avg_loss=8.0105 lr=0.000563 grad_norm=1.347 tok/s=30205.5 src_tok=759 tgt_tok=661 mem=56.7/228.2MB
[STEP e01 s0075/0605] avg_loss=7.4359 lr=0.000840 grad_norm=0.771 tok/s=29304.1 src_tok=717 tgt_tok=627 mem=54.8/228.2MB
[STEP e01 s0100/0605] avg_loss=6.9976 lr=0.001116 grad_norm=0.878 tok/s=44707.1 src_tok=697 tgt_tok=623 mem=56.7/228.2MB
[STEP e01 s0125/0605] avg_loss=6.6802 lr=0.001392 grad_norm=0.601 tok/s=31900.3 src_tok=686 tgt_tok=609 mem=60.6/228.2MB
[STEP e01 s0150/0605] avg_loss=6.4245 lr=0.001668 grad_norm=0.815 tok/s=39629.3 src_tok=700 tgt_tok=624 mem=55.4/228.2MB
[STEP e01 s0175/0605] avg_loss=6.2013 lr=0.001945 grad_norm=0.779 tok/s=40689.6 src_tok=683 tgt_tok=622 mem=58.7/236.7MB
[STEP e01 s0200/0605] avg_loss=6.0117 lr=0.002221 grad_norm=0.796 tok/s=45558.5 src_tok=729 tgt_tok=641 mem=55.4/236.7MB
[STEP e01 s0225/0605] avg_loss=5.8412 lr=0.002497 grad_norm=1.425 tok/s=25986.5 src_tok=682 tgt_tok=635 mem=56.7/236.7MB
[STEP e01 s0250/0605] avg_loss=5.7003 lr=0.002773 grad_norm=0.990 tok/s=37242.9 src_tok=729 tgt_tok=656 mem=55.4/236.7MB
[STEP e01 s0275/0605] avg_loss=5.5727 lr=0.003049 grad_norm=1.031 tok/s=38843.8 src_tok=712 tgt_tok=648 mem=62.5/236.7MB
[STEP e01 s0300/0605] avg_loss=5.4605 lr=0.003326 grad_norm=0.918 tok/s=39440.8 src_tok=684 tgt_tok=600 mem=54.4/236.7MB
[STEP e01 s0325/0605] avg_loss=5.3604 lr=0.003602 grad_norm=0.924 tok/s=34170.4 src_tok=672 tgt_tok=595 mem=58.7/236.7MB
[STEP e01 s0350/0605] avg_loss=5.2713 lr=0.003878 grad_norm=1.048 tok/s=46689.1 src_tok=726 tgt_tok=636 mem=54.3/236.7MB
[STEP e01 s0375/0605] avg_loss=5.1850 lr=0.004154 grad_norm=1.024 tok/s=22000.0 src_tok=630 tgt_tok=551 mem=53.7/236.7MB
[STEP e01 s0400/0605] avg_loss=5.1087 lr=0.004414 grad_norm=1.001 tok/s=46626.1 src_tok=720 tgt_tok=668 mem=57.6/236.7MB
[STEP e01 s0425/0605] avg_loss=5.0419 lr=0.004282 grad_norm=0.970 tok/s=42910.7 src_tok=678 tgt_tok=608 mem=58.1/236.7MB
[STEP e01 s0450/0605] avg_loss=4.9786 lr=0.004162 grad_norm=1.039 tok/s=41627.1 src_tok=721 tgt_tok=657 mem=55.4/236.7MB
[STEP e01 s0475/0605] avg_loss=4.9173 lr=0.004051 grad_norm=0.923 tok/s=48631.0 src_tok=774 tgt_tok=696 mem=57.0/238.3MB
[STEP e01 s0500/0605] avg_loss=4.8612 lr=0.003949 grad_norm=0.946 tok/s=28368.4 src_tok=752 tgt_tok=661 mem=56.7/238.3MB
[STEP e01 s0525/0605] avg_loss=4.8098 lr=0.003854 grad_norm=1.050 tok/s=45545.0 src_tok=726 tgt_tok=641 mem=57.0/238.8MB
[STEP e01 s0550/0605] avg_loss=4.7598 lr=0.003765 grad_norm=1.015 tok/s=49112.5 src_tok=708 tgt_tok=663 mem=58.1/238.8MB
[STEP e01 s0575/0605] avg_loss=4.7125 lr=0.003683 grad_norm=1.019 tok/s=26822.0 src_tok=734 tgt_tok=677 mem=57.0/238.8MB
[STEP e01 s0600/0605] avg_loss=4.6669 lr=0.003605 grad_norm=1.022 tok/s=39177.6 src_tok=715 tgt_tok=645 mem=54.8/238.8MB
[STEP e01 s0605/0605] avg_loss=4.6579 lr=0.003591 grad_norm=2.151 tok/s=4894.7 src_tok=113 tgt_tok=94 mem=44.2/238.8MB
[EPOCH 01] train_loss=4.6579 train_ppl=105.41 val_loss=3.4218 val_bleu=20.86 val_chrf=44.78 val_token_acc=34.64 peak_mem=238.8MB time=00:29 samples=valid_epoch_01.txt
[INFO] new best checkpoint saved at epoch 1 (val_bleu=20.86)
[STEP e02 s0020/0605] avg_loss=3.4860 lr=0.003533 grad_norm=0.919 tok/s=46397.1 src_tok=729 tgt_tok=663 mem=57.6/194.7MB
[STEP e02 s0045/0605] avg_loss=3.4974 lr=0.003464 grad_norm=0.955 tok/s=41944.0 src_tok=740 tgt_tok=637 mem=59.8/219.3MB
[STEP e02 s0070/0605] avg_loss=3.4811 lr=0.003400 grad_norm=0.998 tok/s=41225.0 src_tok=703 tgt_tok=648 mem=57.6/219.3MB
[STEP e02 s0095/0605] avg_loss=3.4621 lr=0.003338 grad_norm=0.988 tok/s=43607.1 src_tok=716 tgt_tok=654 mem=57.6/219.3MB
[STEP e02 s0120/0605] avg_loss=3.4612 lr=0.003280 grad_norm=1.035 tok/s=48300.4 src_tok=752 tgt_tok=667 mem=57.0/219.3MB
[STEP e02 s0145/0605] avg_loss=3.4518 lr=0.003225 grad_norm=1.008 tok/s=46706.9 src_tok=686 tgt_tok=617 mem=53.7/236.1MB
[STEP e02 s0170/0605] avg_loss=3.4390 lr=0.003173 grad_norm=1.045 tok/s=41876.9 src_tok=672 tgt_tok=614 mem=58.7/238.8MB
[STEP e02 s0195/0605] avg_loss=3.4352 lr=0.003123 grad_norm=0.970 tok/s=37404.0 src_tok=794 tgt_tok=730 mem=57.6/238.8MB
[STEP e02 s0220/0605] avg_loss=3.4313 lr=0.003075 grad_norm=0.939 tok/s=45675.3 src_tok=726 tgt_tok=646 mem=56.5/238.8MB
[STEP e02 s0245/0605] avg_loss=3.4224 lr=0.003030 grad_norm=0.980 tok/s=40033.6 src_tok=652 tgt_tok=589 mem=57.0/238.8MB
[STEP e02 s0270/0605] avg_loss=3.4116 lr=0.002986 grad_norm=0.942 tok/s=43786.1 src_tok=690 tgt_tok=605 mem=55.4/238.8MB
[STEP e02 s0295/0605] avg_loss=3.4001 lr=0.002945 grad_norm=1.117 tok/s=39834.1 src_tok=710 tgt_tok=625 mem=55.4/238.8MB
[STEP e02 s0320/0605] avg_loss=3.3931 lr=0.002905 grad_norm=0.964 tok/s=46937.1 src_tok=744 tgt_tok=672 mem=62.5/238.8MB
[STEP e02 s0345/0605] avg_loss=3.3851 lr=0.002866 grad_norm=0.944 tok/s=36864.1 src_tok=724 tgt_tok=624 mem=54.3/238.8MB
[STEP e02 s0370/0605] avg_loss=3.3763 lr=0.002829 grad_norm=0.948 tok/s=44135.4 src_tok=697 tgt_tok=620 mem=54.3/238.8MB
[STEP e02 s0395/0605] avg_loss=3.3697 lr=0.002794 grad_norm=1.011 tok/s=41852.1 src_tok=712 tgt_tok=673 mem=56.7/238.8MB
[STEP e02 s0420/0605] avg_loss=3.3596 lr=0.002759 grad_norm=0.925 tok/s=37163.1 src_tok=745 tgt_tok=670 mem=57.6/238.8MB
[STEP e02 s0445/0605] avg_loss=3.3508 lr=0.002726 grad_norm=1.056 tok/s=39915.1 src_tok=686 tgt_tok=604 mem=54.8/238.8MB
[STEP e02 s0470/0605] avg_loss=3.3439 lr=0.002695 grad_norm=0.892 tok/s=48830.9 src_tok=742 tgt_tok=680 mem=58.1/238.8MB
[STEP e02 s0495/0605] avg_loss=3.3346 lr=0.002664 grad_norm=0.986 tok/s=34288.3 src_tok=681 tgt_tok=588 mem=55.9/238.8MB
[STEP e02 s0520/0605] avg_loss=3.3253 lr=0.002634 grad_norm=0.910 tok/s=42036.6 src_tok=678 tgt_tok=625 mem=53.9/238.8MB
[STEP e02 s0545/0605] avg_loss=3.3206 lr=0.002605 grad_norm=0.914 tok/s=48475.3 src_tok=753 tgt_tok=688 mem=60.9/238.8MB
[STEP e02 s0570/0605] avg_loss=3.3132 lr=0.002577 grad_norm=0.954 tok/s=49867.0 src_tok=728 tgt_tok=656 mem=55.9/238.8MB
[STEP e02 s0595/0605] avg_loss=3.3057 lr=0.002550 grad_norm=0.880 tok/s=42618.6 src_tok=681 tgt_tok=604 mem=60.9/238.8MB
[STEP e02 s0605/0605] avg_loss=3.3033 lr=0.002540 grad_norm=2.191 tok/s=6157.5 src_tok=105 tgt_tok=88 mem=44.1/238.8MB
[EPOCH 02] train_loss=3.3033 train_ppl=27.20 val_loss=2.9383 val_bleu=29.06 val_chrf=52.59 val_token_acc=38.97 peak_mem=238.8MB time=00:25 samples=valid_epoch_02.txt
[INFO] new best checkpoint saved at epoch 2 (val_bleu=29.06)
[STEP e03 s0015/0605] avg_loss=3.0348 lr=0.002524 grad_norm=0.953 tok/s=41788.5 src_tok=725 tgt_tok=654 mem=58.7/197.3MB
[STEP e03 s0040/0605] avg_loss=2.9845 lr=0.002499 grad_norm=0.894 tok/s=45548.1 src_tok=776 tgt_tok=681 mem=55.4/197.3MB
[STEP e03 s0065/0605] avg_loss=2.9920 lr=0.002474 grad_norm=0.920 tok/s=46000.5 src_tok=746 tgt_tok=680 mem=59.2/197.3MB
[STEP e03 s0090/0605] avg_loss=2.9873 lr=0.002451 grad_norm=0.968 tok/s=41227.2 src_tok=683 tgt_tok=595 mem=58.1/209.7MB
[STEP e03 s0115/0605] avg_loss=2.9936 lr=0.002427 grad_norm=0.998 tok/s=52956.0 src_tok=746 tgt_tok=684 mem=57.6/236.7MB
[STEP e03 s0140/0605] avg_loss=2.9920 lr=0.002405 grad_norm=0.912 tok/s=48101.6 src_tok=761 tgt_tok=682 mem=59.2/236.7MB
[STEP e03 s0165/0605] avg_loss=2.9890 lr=0.002383 grad_norm=0.975 tok/s=44089.5 src_tok=687 tgt_tok=635 mem=54.8/236.7MB
[STEP e03 s0190/0605] avg_loss=2.9917 lr=0.002361 grad_norm=1.016 tok/s=31655.6 src_tok=732 tgt_tok=635 mem=56.7/236.7MB
[STEP e03 s0215/0605] avg_loss=2.9923 lr=0.002341 grad_norm=0.930 tok/s=46893.1 src_tok=743 tgt_tok=658 mem=57.6/236.7MB
[STEP e03 s0240/0605] avg_loss=2.9928 lr=0.002320 grad_norm=0.865 tok/s=47867.7 src_tok=735 tgt_tok=665 mem=62.0/236.7MB
[STEP e03 s0265/0605] avg_loss=2.9937 lr=0.002301 grad_norm=0.872 tok/s=52612.4 src_tok=767 tgt_tok=680 mem=57.6/236.7MB
[STEP e03 s0290/0605] avg_loss=2.9902 lr=0.002281 grad_norm=0.897 tok/s=47176.9 src_tok=718 tgt_tok=654 mem=56.5/236.7MB
[STEP e03 s0315/0605] avg_loss=2.9858 lr=0.002263 grad_norm=0.922 tok/s=50596.7 src_tok=783 tgt_tok=681 mem=55.4/236.7MB
[STEP e03 s0340/0605] avg_loss=2.9847 lr=0.002244 grad_norm=0.948 tok/s=47725.1 src_tok=747 tgt_tok=667 mem=57.6/236.7MB
[STEP e03 s0365/0605] avg_loss=2.9794 lr=0.002226 grad_norm=0.907 tok/s=43934.5 src_tok=710 tgt_tok=615 mem=54.4/236.7MB
[STEP e03 s0390/0605] avg_loss=2.9796 lr=0.002209 grad_norm=0.988 tok/s=40580.9 src_tok=697 tgt_tok=643 mem=57.0/236.7MB
[STEP e03 s0415/0605] avg_loss=2.9802 lr=0.002192 grad_norm=1.053 tok/s=45571.1 src_tok=714 tgt_tok=653 mem=57.6/236.7MB
[STEP e03 s0440/0605] avg_loss=2.9782 lr=0.002175 grad_norm=0.894 tok/s=42664.9 src_tok=743 tgt_tok=662 mem=60.6/236.7MB
[STEP e03 s0465/0605] avg_loss=2.9771 lr=0.002159 grad_norm=1.040 tok/s=39001.3 src_tok=739 tgt_tok=669 mem=62.0/236.7MB
[STEP e03 s0490/0605] avg_loss=2.9736 lr=0.002143 grad_norm=0.925 tok/s=51696.8 src_tok=760 tgt_tok=687 mem=59.8/236.7MB
[STEP e03 s0515/0605] avg_loss=2.9708 lr=0.002128 grad_norm=0.987 tok/s=43951.4 src_tok=695 tgt_tok=657 mem=55.9/236.7MB
[STEP e03 s0540/0605] avg_loss=2.9678 lr=0.002112 grad_norm=0.960 tok/s=33748.1 src_tok=671 tgt_tok=595 mem=56.7/236.7MB
[STEP e03 s0565/0605] avg_loss=2.9649 lr=0.002097 grad_norm=0.866 tok/s=27489.2 src_tok=716 tgt_tok=618 mem=58.7/238.3MB
[STEP e03 s0590/0605] avg_loss=2.9633 lr=0.002083 grad_norm=0.940 tok/s=39488.3 src_tok=691 tgt_tok=612 mem=55.4/238.3MB
[STEP e03 s0605/0605] avg_loss=2.9620 lr=0.002074 grad_norm=1.865 tok/s=6938.9 src_tok=120 tgt_tok=110 mem=44.5/238.3MB
[EPOCH 03] train_loss=2.9620 train_ppl=19.34 val_loss=2.7746 val_bleu=30.80 val_chrf=55.64 val_token_acc=40.04 peak_mem=238.3MB time=00:24 samples=valid_epoch_03.txt
[INFO] new best checkpoint saved at epoch 3 (val_bleu=30.80)
[STEP e04 s0010/0605] avg_loss=2.7751 lr=0.002068 grad_norm=0.923 tok/s=30327.1 src_tok=738 tgt_tok=641 mem=56.7/205.8MB
[STEP e04 s0035/0605] avg_loss=2.7484 lr=0.002054 grad_norm=0.873 tok/s=28414.3 src_tok=717 tgt_tok=663 mem=57.6/224.2MB
[STEP e04 s0060/0605] avg_loss=2.7667 lr=0.002041 grad_norm=0.859 tok/s=33642.9 src_tok=724 tgt_tok=666 mem=58.1/224.2MB
[STEP e04 s0085/0605] avg_loss=2.7757 lr=0.002027 grad_norm=0.870 tok/s=27695.3 src_tok=693 tgt_tok=647 mem=55.4/226.0MB
[STEP e04 s0110/0605] avg_loss=2.7833 lr=0.002014 grad_norm=0.878 tok/s=43011.6 src_tok=725 tgt_tok=642 mem=56.7/228.2MB
[STEP e04 s0135/0605] avg_loss=2.7749 lr=0.002001 grad_norm=1.007 tok/s=47112.0 src_tok=722 tgt_tok=656 mem=55.4/236.7MB
[STEP e04 s0160/0605] avg_loss=2.7746 lr=0.001988 grad_norm=0.922 tok/s=45834.1 src_tok=745 tgt_tok=673 mem=57.0/238.3MB
[STEP e04 s0185/0605] avg_loss=2.7798 lr=0.001976 grad_norm=0.897 tok/s=45138.5 src_tok=753 tgt_tok=698 mem=56.7/238.3MB
[STEP e04 s0210/0605] avg_loss=2.7770 lr=0.001964 grad_norm=0.979 tok/s=42331.3 src_tok=682 tgt_tok=599 mem=53.2/238.3MB
[STEP e04 s0235/0605] avg_loss=2.7775 lr=0.001952 grad_norm=0.846 tok/s=39418.4 src_tok=745 tgt_tok=666 mem=58.1/238.3MB
[STEP e04 s0260/0605] avg_loss=2.7813 lr=0.001940 grad_norm=0.905 tok/s=39407.7 src_tok=683 tgt_tok=604 mem=54.8/238.3MB
[STEP e04 s0285/0605] avg_loss=2.7827 lr=0.001928 grad_norm=0.937 tok/s=41148.5 src_tok=724 tgt_tok=651 mem=55.4/238.3MB
[STEP e04 s0310/0605] avg_loss=2.7847 lr=0.001917 grad_norm=0.917 tok/s=47663.0 src_tok=711 tgt_tok=623 mem=56.7/238.3MB
[STEP e04 s0335/0605] avg_loss=2.7847 lr=0.001906 grad_norm=0.917 tok/s=43634.1 src_tok=725 tgt_tok=656 mem=56.7/238.3MB
[STEP e04 s0360/0605] avg_loss=2.7864 lr=0.001895 grad_norm=0.943 tok/s=34491.3 src_tok=687 tgt_tok=626 mem=56.7/238.3MB
[STEP e04 s0385/0605] avg_loss=2.7857 lr=0.001884 grad_norm=0.898 tok/s=42044.0 src_tok=710 tgt_tok=656 mem=57.0/238.3MB
[STEP e04 s0410/0605] avg_loss=2.7863 lr=0.001873 grad_norm=0.899 tok/s=39194.2 src_tok=662 tgt_tok=597 mem=55.4/238.3MB
[STEP e04 s0435/0605] avg_loss=2.7863 lr=0.001863 grad_norm=0.940 tok/s=48389.7 src_tok=768 tgt_tok=684 mem=62.0/238.3MB
[STEP e04 s0460/0605] avg_loss=2.7874 lr=0.001853 grad_norm=1.003 tok/s=43792.8 src_tok=733 tgt_tok=656 mem=56.7/238.3MB
[STEP e04 s0485/0605] avg_loss=2.7849 lr=0.001843 grad_norm=0.836 tok/s=31235.2 src_tok=717 tgt_tok=631 mem=57.0/238.3MB
[STEP e04 s0510/0605] avg_loss=2.7853 lr=0.001833 grad_norm=0.931 tok/s=44620.9 src_tok=723 tgt_tok=665 mem=56.5/238.3MB
[STEP e04 s0535/0605] avg_loss=2.7876 lr=0.001823 grad_norm=1.069 tok/s=44184.2 src_tok=724 tgt_tok=647 mem=57.6/238.3MB
[STEP e04 s0560/0605] avg_loss=2.7861 lr=0.001813 grad_norm=0.818 tok/s=47969.4 src_tok=742 tgt_tok=665 mem=57.6/238.3MB
[STEP e04 s0585/0605] avg_loss=2.7861 lr=0.001804 grad_norm=0.894 tok/s=50560.0 src_tok=746 tgt_tok=669 mem=58.1/238.3MB
[STEP e04 s0605/0605] avg_loss=2.7859 lr=0.001796 grad_norm=1.987 tok/s=7426.1 src_tok=126 tgt_tok=104 mem=44.7/238.3MB
[EPOCH 04] train_loss=2.7859 train_ppl=16.21 val_loss=2.6710 val_bleu=34.12 val_chrf=58.98 val_token_acc=41.03 peak_mem=238.3MB time=00:26 samples=valid_epoch_04.txt
[INFO] new best checkpoint saved at epoch 4 (val_bleu=34.12)
[STEP e05 s0005/0605] avg_loss=2.6857 lr=0.001795 grad_norm=0.958 tok/s=45962.6 src_tok=742 tgt_tok=683 mem=60.9/204.8MB
[STEP e05 s0030/0605] avg_loss=2.6296 lr=0.001785 grad_norm=0.868 tok/s=33250.2 src_tok=740 tgt_tok=667 mem=62.5/225.9MB
[STEP e05 s0055/0605] avg_loss=2.6478 lr=0.001776 grad_norm=0.891 tok/s=35094.2 src_tok=677 tgt_tok=605 mem=55.9/225.9MB
[STEP e05 s0080/0605] avg_loss=2.6521 lr=0.001767 grad_norm=0.885 tok/s=38864.6 src_tok=706 tgt_tok=645 mem=60.6/236.8MB
[STEP e05 s0105/0605] avg_loss=2.6568 lr=0.001759 grad_norm=0.872 tok/s=48247.6 src_tok=759 tgt_tok=673 mem=56.5/236.8MB
[STEP e05 s0130/0605] avg_loss=2.6567 lr=0.001750 grad_norm=0.922 tok/s=44812.5 src_tok=729 tgt_tok=652 mem=58.7/236.8MB
[STEP e05 s0155/0605] avg_loss=2.6596 lr=0.001741 grad_norm=0.808 tok/s=19807.2 src_tok=691 tgt_tok=592 mem=54.3/236.8MB
[STEP e05 s0180/0605] avg_loss=2.6655 lr=0.001733 grad_norm=0.864 tok/s=21916.8 src_tok=715 tgt_tok=647 mem=55.4/236.8MB
[STEP e05 s0205/0605] avg_loss=2.6624 lr=0.001725 grad_norm=0.900 tok/s=43901.0 src_tok=722 tgt_tok=626 mem=53.7/236.8MB
[STEP e05 s0230/0605] avg_loss=2.6615 lr=0.001717 grad_norm=0.933 tok/s=35889.6 src_tok=711 tgt_tok=642 mem=56.7/236.8MB
[STEP e05 s0255/0605] avg_loss=2.6614 lr=0.001709 grad_norm=0.953 tok/s=42841.1 src_tok=717 tgt_tok=654 mem=57.6/236.8MB
[STEP e05 s0280/0605] avg_loss=2.6627 lr=0.001701 grad_norm=0.807 tok/s=50056.5 src_tok=742 tgt_tok=687 mem=57.6/236.8MB
[STEP e05 s0305/0605] avg_loss=2.6640 lr=0.001693 grad_norm=0.989 tok/s=39323.0 src_tok=735 tgt_tok=618 mem=55.9/239.1MB
[STEP e05 s0330/0605] avg_loss=2.6654 lr=0.001685 grad_norm=0.891 tok/s=43738.6 src_tok=725 tgt_tok=645 mem=57.0/239.3MB
[STEP e05 s0355/0605] avg_loss=2.6668 lr=0.001678 grad_norm=0.944 tok/s=43808.5 src_tok=774 tgt_tok=694 mem=62.5/239.3MB
[STEP e05 s0380/0605] avg_loss=2.6686 lr=0.001670 grad_norm=0.979 tok/s=47100.9 src_tok=786 tgt_tok=674 mem=60.9/239.3MB
[STEP e05 s0405/0605] avg_loss=2.6706 lr=0.001663 grad_norm=0.879 tok/s=36400.4 src_tok=672 tgt_tok=585 mem=54.3/239.3MB
[STEP e05 s0430/0605] avg_loss=2.6713 lr=0.001655 grad_norm=0.917 tok/s=48668.2 src_tok=734 tgt_tok=654 mem=57.6/239.3MB
[STEP e05 s0455/0605] avg_loss=2.6725 lr=0.001648 grad_norm=1.022 tok/s=48388.1 src_tok=756 tgt_tok=674 mem=60.9/239.3MB
[STEP e05 s0480/0605] avg_loss=2.6745 lr=0.001641 grad_norm=0.948 tok/s=49859.5 src_tok=728 tgt_tok=668 mem=55.9/239.3MB
[STEP e05 s0505/0605] avg_loss=2.6759 lr=0.001634 grad_norm=0.931 tok/s=26337.6 src_tok=760 tgt_tok=691 mem=58.7/239.3MB
[STEP e05 s0530/0605] avg_loss=2.6775 lr=0.001627 grad_norm=0.870 tok/s=40211.3 src_tok=747 tgt_tok=659 mem=56.7/239.3MB
[STEP e05 s0555/0605] avg_loss=2.6781 lr=0.001620 grad_norm=0.878 tok/s=48416.0 src_tok=763 tgt_tok=677 mem=57.0/239.3MB
[STEP e05 s0580/0605] avg_loss=2.6782 lr=0.001613 grad_norm=0.836 tok/s=47420.8 src_tok=740 tgt_tok=644 mem=55.4/239.3MB
[STEP e05 s0605/0605] avg_loss=2.6779 lr=0.001607 grad_norm=2.024 tok/s=7202.2 src_tok=142 tgt_tok=130 mem=44.5/239.3MB
[EPOCH 05] train_loss=2.6779 train_ppl=14.55 val_loss=2.6151 val_bleu=35.42 val_chrf=59.80 val_token_acc=43.39 peak_mem=239.3MB time=00:26 samples=valid_epoch_05.txt
[INFO] new best checkpoint saved at epoch 5 (val_bleu=35.42)
[STEP e06 s0025/0605] avg_loss=2.5459 lr=0.001600 grad_norm=0.876 tok/s=43751.2 src_tok=761 tgt_tok=662 mem=57.0/217.6MB
[STEP e06 s0050/0605] avg_loss=2.5566 lr=0.001594 grad_norm=0.885 tok/s=42878.2 src_tok=745 tgt_tok=670 mem=56.7/238.3MB
[STEP e06 s0075/0605] avg_loss=2.5447 lr=0.001587 grad_norm=0.904 tok/s=44789.5 src_tok=764 tgt_tok=714 mem=58.7/238.3MB
[STEP e06 s0100/0605] avg_loss=2.5454 lr=0.001581 grad_norm=0.961 tok/s=44497.0 src_tok=716 tgt_tok=632 mem=53.7/238.3MB
[STEP e06 s0125/0605] avg_loss=2.5535 lr=0.001575 grad_norm=0.890 tok/s=51360.4 src_tok=756 tgt_tok=682 mem=55.9/238.3MB
[STEP e06 s0150/0605] avg_loss=2.5614 lr=0.001568 grad_norm=0.932 tok/s=22318.7 src_tok=713 tgt_tok=624 mem=55.4/238.3MB
[STEP e06 s0175/0605] avg_loss=2.5634 lr=0.001562 grad_norm=0.847 tok/s=42356.1 src_tok=715 tgt_tok=620 mem=58.7/238.3MB
[STEP e06 s0200/0605] avg_loss=2.5606 lr=0.001556 grad_norm=1.056 tok/s=43547.5 src_tok=719 tgt_tok=631 mem=57.6/238.3MB
[STEP e06 s0225/0605] avg_loss=2.5656 lr=0.001550 grad_norm=0.886 tok/s=46830.6 src_tok=738 tgt_tok=668 mem=56.7/238.3MB
[STEP e06 s0250/0605] avg_loss=2.5671 lr=0.001544 grad_norm=0.923 tok/s=45732.6 src_tok=728 tgt_tok=624 mem=56.7/238.3MB
[STEP e06 s0275/0605] avg_loss=2.5737 lr=0.001538 grad_norm=0.927 tok/s=26340.3 src_tok=717 tgt_tok=628 mem=56.7/238.3MB
[STEP e06 s0300/0605] avg_loss=2.5769 lr=0.001533 grad_norm=0.850 tok/s=42904.8 src_tok=741 tgt_tok=674 mem=57.0/238.3MB
[STEP e06 s0325/0605] avg_loss=2.5790 lr=0.001527 grad_norm=0.976 tok/s=33514.4 src_tok=733 tgt_tok=641 mem=55.4/238.3MB
[STEP e06 s0350/0605] avg_loss=2.5822 lr=0.001521 grad_norm=0.980 tok/s=41775.3 src_tok=772 tgt_tok=690 mem=56.5/238.3MB
[STEP e06 s0375/0605] avg_loss=2.5837 lr=0.001516 grad_norm=0.877 tok/s=44268.4 src_tok=719 tgt_tok=629 mem=53.2/238.3MB
[STEP e06 s0400/0605] avg_loss=2.5866 lr=0.001510 grad_norm=1.050 tok/s=38788.2 src_tok=742 tgt_tok=667 mem=62.0/238.3MB
[STEP e06 s0425/0605] avg_loss=2.5892 lr=0.001505 grad_norm=0.970 tok/s=23390.1 src_tok=716 tgt_tok=654 mem=55.9/238.3MB
[STEP e06 s0450/0605] avg_loss=2.5908 lr=0.001499 grad_norm=0.917 tok/s=27571.2 src_tok=698 tgt_tok=606 mem=55.4/238.3MB
[STEP e06 s0475/0605] avg_loss=2.5925 lr=0.001494 grad_norm=0.894 tok/s=49587.2 src_tok=724 tgt_tok=667 mem=56.7/238.3MB
[STEP e06 s0500/0605] avg_loss=2.5951 lr=0.001489 grad_norm=1.034 tok/s=47714.6 src_tok=755 tgt_tok=652 mem=60.9/238.3MB
[STEP e06 s0525/0605] avg_loss=2.5962 lr=0.001483 grad_norm=1.004 tok/s=40563.7 src_tok=690 tgt_tok=621 mem=55.4/238.3MB
[STEP e06 s0550/0605] avg_loss=2.5963 lr=0.001478 grad_norm=0.826 tok/s=47010.4 src_tok=723 tgt_tok=641 mem=54.3/238.3MB
[STEP e06 s0575/0605] avg_loss=2.5977 lr=0.001473 grad_norm=0.979 tok/s=43142.4 src_tok=711 tgt_tok=653 mem=58.7/238.3MB
[STEP e06 s0600/0605] avg_loss=2.5983 lr=0.001468 grad_norm=0.967 tok/s=41492.5 src_tok=761 tgt_tok=662 mem=58.1/238.3MB
[STEP e06 s0605/0605] avg_loss=2.5988 lr=0.001467 grad_norm=2.423 tok/s=5667.6 src_tok=99 tgt_tok=84 mem=44.1/238.3MB
[EPOCH 06] train_loss=2.5988 train_ppl=13.45 val_loss=2.5756 val_bleu=36.38 val_chrf=60.93 val_token_acc=42.56 peak_mem=238.3MB time=00:25 samples=valid_epoch_06.txt
[INFO] new best checkpoint saved at epoch 6 (val_bleu=36.38)
[STEP e07 s0020/0605] avg_loss=2.4918 lr=0.001463 grad_norm=0.885 tok/s=25235.7 src_tok=694 tgt_tok=593 mem=58.1/228.2MB
[STEP e07 s0045/0605] avg_loss=2.4752 lr=0.001458 grad_norm=0.994 tok/s=43656.0 src_tok=731 tgt_tok=647 mem=54.8/228.2MB
[STEP e07 s0070/0605] avg_loss=2.4830 lr=0.001453 grad_norm=0.882 tok/s=47906.1 src_tok=752 tgt_tok=685 mem=58.7/228.2MB
[STEP e07 s0095/0605] avg_loss=2.4899 lr=0.001448 grad_norm=0.999 tok/s=46799.4 src_tok=722 tgt_tok=660 mem=62.5/228.2MB
[STEP e07 s0120/0605] avg_loss=2.5000 lr=0.001443 grad_norm=1.064 tok/s=35284.7 src_tok=719 tgt_tok=631 mem=56.7/238.2MB
[STEP e07 s0145/0605] avg_loss=2.5072 lr=0.001438 grad_norm=0.884 tok/s=47754.6 src_tok=733 tgt_tok=652 mem=58.7/238.2MB
[STEP e07 s0170/0605] avg_loss=2.5140 lr=0.001434 grad_norm=0.862 tok/s=47656.7 src_tok=733 tgt_tok=649 mem=56.7/238.2MB
[STEP e07 s0195/0605] avg_loss=2.5104 lr=0.001429 grad_norm=0.889 tok/s=26566.4 src_tok=694 tgt_tok=609 mem=54.8/238.2MB
[STEP e07 s0220/0605] avg_loss=2.5151 lr=0.001424 grad_norm=0.845 tok/s=35248.1 src_tok=754 tgt_tok=706 mem=58.7/238.2MB
[STEP e07 s0245/0605] avg_loss=2.5166 lr=0.001420 grad_norm=0.889 tok/s=38111.4 src_tok=730 tgt_tok=662 mem=54.8/238.2MB
[STEP e07 s0270/0605] avg_loss=2.5185 lr=0.001415 grad_norm=0.985 tok/s=47743.5 src_tok=713 tgt_tok=655 mem=55.4/238.2MB
[STEP e07 s0295/0605] avg_loss=2.5200 lr=0.001411 grad_norm=0.950 tok/s=39488.9 src_tok=692 tgt_tok=611 mem=56.7/238.2MB
[STEP e07 s0320/0605] avg_loss=2.5205 lr=0.001406 grad_norm=0.912 tok/s=49296.8 src_tok=699 tgt_tok=632 mem=55.4/238.3MB
[STEP e07 s0345/0605] avg_loss=2.5244 lr=0.001402 grad_norm=0.895 tok/s=40841.3 src_tok=747 tgt_tok=682 mem=57.6/238.3MB
[STEP e07 s0370/0605] avg_loss=2.5255 lr=0.001397 grad_norm=0.875 tok/s=42879.2 src_tok=730 tgt_tok=646 mem=55.9/238.3MB
[STEP e07 s0395/0605] avg_loss=2.5281 lr=0.001393 grad_norm=0.872 tok/s=21568.5 src_tok=717 tgt_tok=654 mem=54.8/238.3MB
[STEP e07 s0420/0605] avg_loss=2.5302 lr=0.001389 grad_norm=0.908 tok/s=36991.7 src_tok=705 tgt_tok=627 mem=57.6/238.3MB
[STEP e07 s0445/0605] avg_loss=2.5308 lr=0.001384 grad_norm=0.944 tok/s=32189.7 src_tok=713 tgt_tok=639 mem=57.0/238.3MB
[STEP e07 s0470/0605] avg_loss=2.5316 lr=0.001380 grad_norm=0.997 tok/s=38355.7 src_tok=693 tgt_tok=611 mem=57.0/238.3MB
[STEP e07 s0495/0605] avg_loss=2.5340 lr=0.001376 grad_norm=0.842 tok/s=41386.7 src_tok=729 tgt_tok=636 mem=54.8/238.3MB
[STEP e07 s0520/0605] avg_loss=2.5347 lr=0.001372 grad_norm=0.959 tok/s=42878.3 src_tok=686 tgt_tok=611 mem=54.3/238.3MB
[STEP e07 s0545/0605] avg_loss=2.5360 lr=0.001368 grad_norm=0.925 tok/s=43265.9 src_tok=705 tgt_tok=619 mem=54.3/238.3MB
[STEP e07 s0570/0605] avg_loss=2.5381 lr=0.001364 grad_norm=0.927 tok/s=33702.1 src_tok=720 tgt_tok=660 mem=55.9/238.3MB
[STEP e07 s0595/0605] avg_loss=2.5390 lr=0.001360 grad_norm=0.939 tok/s=46975.5 src_tok=659 tgt_tok=609 mem=58.7/238.3MB
[STEP e07 s0605/0605] avg_loss=2.5396 lr=0.001358 grad_norm=2.045 tok/s=7536.9 src_tok=120 tgt_tok=110 mem=44.3/238.3MB
[EPOCH 07] train_loss=2.5396 train_ppl=12.67 val_loss=2.5453 val_bleu=38.13 val_chrf=62.24 val_token_acc=44.45 peak_mem=238.3MB time=00:27 samples=valid_epoch_07.txt
[INFO] new best checkpoint saved at epoch 7 (val_bleu=38.13)
[STEP e08 s0015/0605] avg_loss=2.4655 lr=0.001356 grad_norm=0.895 tok/s=43564.9 src_tok=712 tgt_tok=638 mem=58.1/219.7MB
[STEP e08 s0040/0605] avg_loss=2.4456 lr=0.001352 grad_norm=0.936 tok/s=47400.8 src_tok=754 tgt_tok=668 mem=57.6/226.8MB
[STEP e08 s0065/0605] avg_loss=2.4492 lr=0.001348 grad_norm=0.857 tok/s=44357.4 src_tok=733 tgt_tok=642 mem=56.7/226.8MB
[STEP e08 s0090/0605] avg_loss=2.4514 lr=0.001344 grad_norm=0.852 tok/s=46678.2 src_tok=747 tgt_tok=654 mem=55.9/238.3MB
[STEP e08 s0115/0605] avg_loss=2.4482 lr=0.001340 grad_norm=0.913 tok/s=44066.4 src_tok=715 tgt_tok=651 mem=60.3/238.3MB
[STEP e08 s0140/0605] avg_loss=2.4511 lr=0.001336 grad_norm=0.931 tok/s=46391.0 src_tok=720 tgt_tok=627 mem=56.7/238.3MB
[STEP e08 s0165/0605] avg_loss=2.4519 lr=0.001332 grad_norm=0.904 tok/s=44061.9 src_tok=703 tgt_tok=642 mem=57.0/238.3MB
[STEP e08 s0190/0605] avg_loss=2.4541 lr=0.001329 grad_norm=0.783 tok/s=43673.1 src_tok=697 tgt_tok=624 mem=58.1/238.3MB
[STEP e08 s0215/0605] avg_loss=2.4572 lr=0.001325 grad_norm=1.003 tok/s=43195.5 src_tok=727 tgt_tok=656 mem=56.7/238.3MB
[STEP e08 s0240/0605] avg_loss=2.4641 lr=0.001321 grad_norm=0.962 tok/s=39219.9 src_tok=703 tgt_tok=669 mem=56.5/239.1MB
[STEP e08 s0265/0605] avg_loss=2.4676 lr=0.001317 grad_norm=0.924 tok/s=44410.9 src_tok=686 tgt_tok=625 mem=54.8/239.1MB
[STEP e08 s0290/0605] avg_loss=2.4729 lr=0.001314 grad_norm=0.918 tok/s=46588.9 src_tok=697 tgt_tok=629 mem=57.0/239.1MB
[STEP e08 s0315/0605] avg_loss=2.4777 lr=0.001310 grad_norm=0.878 tok/s=46960.4 src_tok=740 tgt_tok=650 mem=59.2/239.1MB
[STEP e08 s0340/0605] avg_loss=2.4794 lr=0.001307 grad_norm=0.978 tok/s=47513.5 src_tok=723 tgt_tok=643 mem=57.6/239.1MB
[STEP e08 s0365/0605] avg_loss=2.4834 lr=0.001303 grad_norm=0.919 tok/s=45014.6 src_tok=760 tgt_tok=656 mem=57.6/239.1MB
[STEP e08 s0390/0605] avg_loss=2.4851 lr=0.001300 grad_norm=1.055 tok/s=39722.4 src_tok=731 tgt_tok=675 mem=60.6/239.1MB
[STEP e08 s0415/0605] avg_loss=2.4865 lr=0.001296 grad_norm=0.907 tok/s=34111.0 src_tok=728 tgt_tok=636 mem=59.2/239.1MB
[STEP e08 s0440/0605] avg_loss=2.4862 lr=0.001293 grad_norm=0.905 tok/s=39081.9 src_tok=721 tgt_tok=647 mem=54.3/239.1MB
[STEP e08 s0465/0605] avg_loss=2.4867 lr=0.001289 grad_norm=0.975 tok/s=46223.2 src_tok=731 tgt_tok=655 mem=54.8/239.1MB
[STEP e08 s0490/0605] avg_loss=2.4883 lr=0.001286 grad_norm=0.953 tok/s=24483.4 src_tok=724 tgt_tok=648 mem=58.1/239.1MB
[STEP e08 s0515/0605] avg_loss=2.4889 lr=0.001282 grad_norm=0.999 tok/s=42116.4 src_tok=703 tgt_tok=638 mem=55.4/239.1MB
[STEP e08 s0540/0605] avg_loss=2.4901 lr=0.001279 grad_norm=0.954 tok/s=39419.1 src_tok=738 tgt_tok=662 mem=57.6/239.1MB
[STEP e08 s0565/0605] avg_loss=2.4898 lr=0.001276 grad_norm=0.994 tok/s=44112.7 src_tok=736 tgt_tok=676 mem=57.0/239.1MB
[STEP e08 s0590/0605] avg_loss=2.4910 lr=0.001272 grad_norm=0.948 tok/s=45474.0 src_tok=786 tgt_tok=727 mem=57.0/239.1MB
[STEP e08 s0605/0605] avg_loss=2.4925 lr=0.001270 grad_norm=2.238 tok/s=4768.3 src_tok=121 tgt_tok=108 mem=44.5/239.1MB
[EPOCH 08] train_loss=2.4925 train_ppl=12.09 val_loss=2.5282 val_bleu=38.75 val_chrf=62.66 val_token_acc=43.99 peak_mem=239.1MB time=00:24 samples=valid_epoch_08.txt
[INFO] new best checkpoint saved at epoch 8 (val_bleu=38.75)
[STEP e09 s0010/0605] avg_loss=2.3904 lr=0.001269 grad_norm=0.900 tok/s=35636.4 src_tok=692 tgt_tok=626 mem=59.2/205.6MB
[STEP e09 s0035/0605] avg_loss=2.3941 lr=0.001266 grad_norm=0.947 tok/s=36188.1 src_tok=714 tgt_tok=625 mem=60.6/224.2MB
[STEP e09 s0060/0605] avg_loss=2.3945 lr=0.001263 grad_norm=0.927 tok/s=47003.8 src_tok=738 tgt_tok=651 mem=56.7/224.2MB
[STEP e09 s0085/0605] avg_loss=2.4007 lr=0.001259 grad_norm=0.833 tok/s=40399.9 src_tok=748 tgt_tok=666 mem=57.6/238.2MB
[STEP e09 s0110/0605] avg_loss=2.4027 lr=0.001256 grad_norm=0.867 tok/s=45308.0 src_tok=737 tgt_tok=650 mem=62.5/238.2MB
[STEP e09 s0135/0605] avg_loss=2.4032 lr=0.001253 grad_norm=0.954 tok/s=46462.8 src_tok=757 tgt_tok=683 mem=57.0/238.2MB
[STEP e09 s0160/0605] avg_loss=2.4094 lr=0.001250 grad_norm=0.920 tok/s=40736.3 src_tok=696 tgt_tok=607 mem=56.7/238.2MB
[STEP e09 s0185/0605] avg_loss=2.4122 lr=0.001247 grad_norm=0.948 tok/s=50343.1 src_tok=772 tgt_tok=688 mem=54.3/238.2MB
[STEP e09 s0210/0605] avg_loss=2.4156 lr=0.001244 grad_norm=0.997 tok/s=43739.5 src_tok=742 tgt_tok=657 mem=62.5/238.2MB
[STEP e09 s0235/0605] avg_loss=2.4206 lr=0.001241 grad_norm=1.061 tok/s=45808.0 src_tok=745 tgt_tok=675 mem=57.0/238.3MB
[STEP e09 s0260/0605] avg_loss=2.4245 lr=0.001238 grad_norm=0.953 tok/s=41990.9 src_tok=727 tgt_tok=641 mem=57.0/238.3MB
[STEP e09 s0285/0605] avg_loss=2.4295 lr=0.001235 grad_norm=1.022 tok/s=37401.3 src_tok=672 tgt_tok=599 mem=59.8/238.3MB
[STEP e09 s0310/0605] avg_loss=2.4295 lr=0.001232 grad_norm=0.895 tok/s=38415.8 src_tok=678 tgt_tok=609 mem=56.7/238.3MB
[STEP e09 s0335/0605] avg_loss=2.4318 lr=0.001229 grad_norm=0.975 tok/s=39799.4 src_tok=708 tgt_tok=608 mem=54.8/238.3MB
[STEP e09 s0360/0605] avg_loss=2.4354 lr=0.001226 grad_norm=0.900 tok/s=43680.9 src_tok=738 tgt_tok=660 mem=55.9/238.3MB
[STEP e09 s0385/0605] avg_loss=2.4376 lr=0.001223 grad_norm=0.897 tok/s=37263.7 src_tok=716 tgt_tok=626 mem=54.8/238.3MB
[STEP e09 s0410/0605] avg_loss=2.4376 lr=0.001220 grad_norm=0.858 tok/s=42814.3 src_tok=729 tgt_tok=641 mem=57.6/238.3MB
[STEP e09 s0435/0605] avg_loss=2.4394 lr=0.001217 grad_norm=0.959 tok/s=33565.6 src_tok=710 tgt_tok=608 mem=54.8/238.3MB
[STEP e09 s0460/0605] avg_loss=2.4422 lr=0.001214 grad_norm=0.978 tok/s=41110.0 src_tok=690 tgt_tok=636 mem=55.4/238.3MB
[STEP e09 s0485/0605] avg_loss=2.4439 lr=0.001211 grad_norm=0.966 tok/s=45712.9 src_tok=727 tgt_tok=626 mem=56.7/238.3MB
[STEP e09 s0510/0605] avg_loss=2.4477 lr=0.001208 grad_norm=0.894 tok/s=46033.1 src_tok=708 tgt_tok=650 mem=56.7/238.3MB
[STEP e09 s0535/0605] avg_loss=2.4491 lr=0.001205 grad_norm=0.962 tok/s=40679.0 src_tok=707 tgt_tok=624 mem=56.7/238.3MB
[STEP e09 s0560/0605] avg_loss=2.4495 lr=0.001203 grad_norm=1.048 tok/s=46429.5 src_tok=719 tgt_tok=628 mem=55.4/238.3MB
[STEP e09 s0585/0605] avg_loss=2.4511 lr=0.001200 grad_norm=0.951 tok/s=47327.6 src_tok=705 tgt_tok=639 mem=58.7/238.3MB
[STEP e09 s0605/0605] avg_loss=2.4522 lr=0.001198 grad_norm=2.265 tok/s=6593.7 src_tok=115 tgt_tok=96 mem=44.4/238.3MB
[EPOCH 09] train_loss=2.4522 train_ppl=11.61 val_loss=2.5150 val_bleu=39.32 val_chrf=63.56 val_token_acc=44.37 peak_mem=238.3MB time=00:24 samples=valid_epoch_09.txt
[INFO] new best checkpoint saved at epoch 9 (val_bleu=39.32)
[STEP e10 s0005/0605] avg_loss=2.3593 lr=0.001197 grad_norm=0.857 tok/s=20019.3 src_tok=700 tgt_tok=636 mem=56.7/219.3MB
[STEP e10 s0030/0605] avg_loss=2.3818 lr=0.001194 grad_norm=0.992 tok/s=22604.5 src_tok=682 tgt_tok=610 mem=54.8/228.2MB
[STEP e10 s0055/0605] avg_loss=2.3869 lr=0.001192 grad_norm=1.015 tok/s=41815.9 src_tok=729 tgt_tok=652 mem=59.2/228.2MB
[STEP e10 s0080/0605] avg_loss=2.3737 lr=0.001189 grad_norm=1.012 tok/s=39997.3 src_tok=717 tgt_tok=643 mem=58.1/228.2MB
[STEP e10 s0105/0605] avg_loss=2.3823 lr=0.001186 grad_norm=0.959 tok/s=40943.1 src_tok=713 tgt_tok=605 mem=54.3/228.2MB
[STEP e10 s0130/0605] avg_loss=2.3804 lr=0.001184 grad_norm=0.950 tok/s=41226.3 src_tok=663 tgt_tok=611 mem=56.7/228.2MB
[STEP e10 s0155/0605] avg_loss=2.3787 lr=0.001181 grad_norm=0.996 tok/s=42401.2 src_tok=672 tgt_tok=620 mem=56.5/228.2MB
[STEP e10 s0180/0605] avg_loss=2.3848 lr=0.001178 grad_norm=0.955 tok/s=51571.2 src_tok=759 tgt_tok=685 mem=58.1/228.2MB
[STEP e10 s0205/0605] avg_loss=2.3860 lr=0.001176 grad_norm=0.915 tok/s=48231.0 src_tok=739 tgt_tok=661 mem=57.0/228.2MB
[STEP e10 s0230/0605] avg_loss=2.3883 lr=0.001173 grad_norm=1.016 tok/s=37432.1 src_tok=689 tgt_tok=608 mem=55.4/238.8MB
[STEP e10 s0255/0605] avg_loss=2.3908 lr=0.001171 grad_norm=0.895 tok/s=44610.1 src_tok=755 tgt_tok=688 mem=64.2/238.8MB
[STEP e10 s0280/0605] avg_loss=2.3935 lr=0.001168 grad_norm=0.979 tok/s=48769.4 src_tok=734 tgt_tok=682 mem=57.0/238.8MB
[STEP e10 s0305/0605] avg_loss=2.3973 lr=0.001166 grad_norm=1.011 tok/s=31311.7 src_tok=701 tgt_tok=646 mem=56.7/238.8MB
[STEP e10 s0330/0605] avg_loss=2.3976 lr=0.001163 grad_norm=0.988 tok/s=41377.6 src_tok=720 tgt_tok=666 mem=57.0/238.8MB
[STEP e10 s0355/0605] avg_loss=2.4014 lr=0.001160 grad_norm=0.996 tok/s=45953.5 src_tok=694 tgt_tok=622 mem=55.4/238.8MB
[STEP e10 s0380/0605] avg_loss=2.4031 lr=0.001158 grad_norm=0.986 tok/s=48006.6 src_tok=734 tgt_tok=666 mem=57.0/238.8MB
[STEP e10 s0405/0605] avg_loss=2.4053 lr=0.001156 grad_norm=0.976 tok/s=28831.3 src_tok=734 tgt_tok=650 mem=57.0/238.8MB
[STEP e10 s0430/0605] avg_loss=2.4085 lr=0.001153 grad_norm=1.010 tok/s=40741.7 src_tok=716 tgt_tok=631 mem=55.9/238.8MB
[STEP e10 s0455/0605] avg_loss=2.4106 lr=0.001151 grad_norm=0.961 tok/s=47986.3 src_tok=703 tgt_tok=641 mem=58.7/238.8MB
[STEP e10 s0480/0605] avg_loss=2.4127 lr=0.001148 grad_norm=0.884 tok/s=27908.7 src_tok=709 tgt_tok=631 mem=54.8/238.8MB
[STEP e10 s0505/0605] avg_loss=2.4140 lr=0.001146 grad_norm=0.977 tok/s=49790.6 src_tok=764 tgt_tok=680 mem=56.7/238.8MB
[STEP e10 s0530/0605] avg_loss=2.4171 lr=0.001143 grad_norm=0.993 tok/s=40135.6 src_tok=745 tgt_tok=654 mem=55.4/238.8MB
[STEP e10 s0555/0605] avg_loss=2.4172 lr=0.001141 grad_norm=0.951 tok/s=41333.0 src_tok=688 tgt_tok=634 mem=54.8/238.8MB
[STEP e10 s0580/0605] avg_loss=2.4185 lr=0.001139 grad_norm=0.977 tok/s=46129.9 src_tok=690 tgt_tok=622 mem=58.1/238.8MB
[STEP e10 s0605/0605] avg_loss=2.4198 lr=0.001136 grad_norm=2.676 tok/s=7113.0 src_tok=109 tgt_tok=112 mem=44.8/238.8MB
[EPOCH 10] train_loss=2.4198 train_ppl=11.24 val_loss=2.5041 val_bleu=39.16 val_chrf=62.70 val_token_acc=44.98 peak_mem=238.8MB time=00:25 samples=valid_epoch_10.txt
[INFO] patience 1/5
[STEP e11 s0025/0605] avg_loss=2.3094 lr=0.001134 grad_norm=1.022 tok/s=44660.0 src_tok=740 tgt_tok=646 mem=57.0/204.7MB
[STEP e11 s0050/0605] avg_loss=2.3181 lr=0.001132 grad_norm=0.951 tok/s=26869.0 src_tok=704 tgt_tok=640 mem=54.8/236.6MB
[STEP e11 s0075/0605] avg_loss=2.3250 lr=0.001129 grad_norm=0.981 tok/s=21557.0 src_tok=711 tgt_tok=647 mem=56.7/236.6MB
[STEP e11 s0100/0605] avg_loss=2.3269 lr=0.001127 grad_norm=0.945 tok/s=40834.3 src_tok=795 tgt_tok=676 mem=56.7/236.6MB
[STEP e11 s0125/0605] avg_loss=2.3370 lr=0.001125 grad_norm=0.942 tok/s=34174.0 src_tok=707 tgt_tok=626 mem=56.7/236.6MB
[STEP e11 s0150/0605] avg_loss=2.3474 lr=0.001122 grad_norm=0.929 tok/s=41355.4 src_tok=743 tgt_tok=663 mem=57.0/236.6MB
[STEP e11 s0175/0605] avg_loss=2.3502 lr=0.001120 grad_norm=0.887 tok/s=43743.1 src_tok=764 tgt_tok=678 mem=55.9/236.6MB
[STEP e11 s0200/0605] avg_loss=2.3542 lr=0.001118 grad_norm=0.984 tok/s=47428.6 src_tok=752 tgt_tok=674 mem=57.6/238.8MB
[STEP e11 s0225/0605] avg_loss=2.3585 lr=0.001116 grad_norm=0.955 tok/s=43789.8 src_tok=707 tgt_tok=650 mem=56.7/238.8MB
[STEP e11 s0250/0605] avg_loss=2.3635 lr=0.001114 grad_norm=0.967 tok/s=42434.7 src_tok=785 tgt_tok=683 mem=56.7/238.8MB
[STEP e11 s0275/0605] avg_loss=2.3648 lr=0.001111 grad_norm=0.943 tok/s=43499.6 src_tok=725 tgt_tok=667 mem=59.2/238.8MB
[STEP e11 s0300/0605] avg_loss=2.3695 lr=0.001109 grad_norm=0.980 tok/s=40560.6 src_tok=716 tgt_tok=663 mem=57.6/238.8MB
[STEP e11 s0325/0605] avg_loss=2.3729 lr=0.001107 grad_norm=0.947 tok/s=40137.3 src_tok=723 tgt_tok=664 mem=56.5/238.8MB
[STEP e11 s0350/0605] avg_loss=2.3749 lr=0.001105 grad_norm=0.951 tok/s=39218.1 src_tok=681 tgt_tok=595 mem=54.8/238.8MB
[STEP e11 s0375/0605] avg_loss=2.3781 lr=0.001103 grad_norm=0.921 tok/s=44360.9 src_tok=696 tgt_tok=636 mem=57.6/238.8MB
[STEP e11 s0400/0605] avg_loss=2.3805 lr=0.001100 grad_norm=1.023 tok/s=37763.4 src_tok=721 tgt_tok=635 mem=54.8/238.8MB
[STEP e11 s0425/0605] avg_loss=2.3806 lr=0.001098 grad_norm=0.873 tok/s=36669.9 src_tok=691 tgt_tok=630 mem=55.4/238.8MB
[STEP e11 s0450/0605] avg_loss=2.3823 lr=0.001096 grad_norm=1.111 tok/s=34367.2 src_tok=687 tgt_tok=638 mem=53.7/238.8MB
[STEP e11 s0475/0605] avg_loss=2.3826 lr=0.001094 grad_norm=1.066 tok/s=40882.4 src_tok=753 tgt_tok=679 mem=55.4/238.8MB
[STEP e11 s0500/0605] avg_loss=2.3846 lr=0.001092 grad_norm=1.005 tok/s=41977.9 src_tok=720 tgt_tok=651 mem=55.4/238.8MB
[STEP e11 s0525/0605] avg_loss=2.3854 lr=0.001090 grad_norm=1.077 tok/s=31877.9 src_tok=726 tgt_tok=631 mem=62.0/238.8MB
[STEP e11 s0550/0605] avg_loss=2.3852 lr=0.001088 grad_norm=0.973 tok/s=34282.6 src_tok=695 tgt_tok=627 mem=55.9/238.8MB
[STEP e11 s0575/0605] avg_loss=2.3862 lr=0.001086 grad_norm=1.035 tok/s=39113.4 src_tok=684 tgt_tok=609 mem=54.3/238.8MB
[STEP e11 s0600/0605] avg_loss=2.3873 lr=0.001084 grad_norm=0.963 tok/s=41883.3 src_tok=774 tgt_tok=678 mem=58.7/238.8MB
[STEP e11 s0605/0605] avg_loss=2.3883 lr=0.001083 grad_norm=2.503 tok/s=3132.4 src_tok=113 tgt_tok=99 mem=44.4/238.8MB
[EPOCH 11] train_loss=2.3883 train_ppl=10.89 val_loss=2.5037 val_bleu=39.60 val_chrf=63.18 val_token_acc=45.04 peak_mem=238.8MB time=00:28 samples=valid_epoch_11.txt
[INFO] new best checkpoint saved at epoch 11 (val_bleu=39.60)
[STEP e12 s0020/0605] avg_loss=2.3156 lr=0.001082 grad_norm=1.023 tok/s=40283.6 src_tok=681 tgt_tok=608 mem=56.7/226.2MB
[STEP e12 s0045/0605] avg_loss=2.3031 lr=0.001080 grad_norm=0.952 tok/s=50119.8 src_tok=744 tgt_tok=665 mem=57.0/226.2MB
[STEP e12 s0070/0605] avg_loss=2.3008 lr=0.001078 grad_norm=1.046 tok/s=44351.4 src_tok=712 tgt_tok=604 mem=54.8/226.2MB
[STEP e12 s0095/0605] avg_loss=2.3107 lr=0.001076 grad_norm=0.958 tok/s=38055.6 src_tok=719 tgt_tok=656 mem=54.8/236.4MB
[STEP e12 s0120/0605] avg_loss=2.3218 lr=0.001074 grad_norm=0.927 tok/s=41457.4 src_tok=705 tgt_tok=649 mem=56.7/236.7MB
[STEP e12 s0145/0605] avg_loss=2.3297 lr=0.001072 grad_norm=0.997 tok/s=40952.5 src_tok=689 tgt_tok=622 mem=58.1/236.7MB
[STEP e12 s0170/0605] avg_loss=2.3311 lr=0.001070 grad_norm=0.970 tok/s=45268.4 src_tok=729 tgt_tok=636 mem=54.8/236.7MB
[STEP e12 s0195/0605] avg_loss=2.3358 lr=0.001068 grad_norm=0.895 tok/s=51495.2 src_tok=765 tgt_tok=676 mem=58.7/238.3MB
[STEP e12 s0220/0605] avg_loss=2.3372 lr=0.001066 grad_norm=1.038 tok/s=41566.1 src_tok=689 tgt_tok=600 mem=54.3/238.3MB
[STEP e12 s0245/0605] avg_loss=2.3366 lr=0.001064 grad_norm=0.984 tok/s=41355.8 src_tok=709 tgt_tok=615 mem=61.4/238.3MB
[STEP e12 s0270/0605] avg_loss=2.3425 lr=0.001062 grad_norm=1.141 tok/s=40256.2 src_tok=722 tgt_tok=650 mem=56.7/238.3MB
[STEP e12 s0295/0605] avg_loss=2.3415 lr=0.001060 grad_norm=0.994 tok/s=31197.6 src_tok=715 tgt_tok=644 mem=56.5/238.3MB
[STEP e12 s0320/0605] avg_loss=2.3419 lr=0.001058 grad_norm=1.030 tok/s=46886.7 src_tok=712 tgt_tok=647 mem=57.6/239.1MB
[STEP e12 s0345/0605] avg_loss=2.3439 lr=0.001056 grad_norm=1.024 tok/s=47860.0 src_tok=761 tgt_tok=674 mem=56.7/239.1MB
[STEP e12 s0370/0605] avg_loss=2.3466 lr=0.001054 grad_norm=0.992 tok/s=45990.5 src_tok=729 tgt_tok=696 mem=59.8/239.1MB
[STEP e12 s0395/0605] avg_loss=2.3476 lr=0.001053 grad_norm=0.995 tok/s=40927.0 src_tok=717 tgt_tok=640 mem=56.7/239.1MB
[STEP e12 s0420/0605] avg_loss=2.3486 lr=0.001051 grad_norm=0.976 tok/s=38086.5 src_tok=748 tgt_tok=668 mem=54.8/239.1MB
[STEP e12 s0445/0605] avg_loss=2.3518 lr=0.001049 grad_norm=1.003 tok/s=40154.9 src_tok=697 tgt_tok=627 mem=58.7/239.1MB
[STEP e12 s0470/0605] avg_loss=2.3547 lr=0.001047 grad_norm=1.001 tok/s=42320.8 src_tok=767 tgt_tok=694 mem=56.5/239.1MB
[STEP e12 s0495/0605] avg_loss=2.3569 lr=0.001045 grad_norm=1.094 tok/s=45782.6 src_tok=756 tgt_tok=667 mem=57.0/239.1MB
[STEP e12 s0520/0605] avg_loss=2.3587 lr=0.001043 grad_norm=0.976 tok/s=39883.8 src_tok=706 tgt_tok=650 mem=56.7/239.1MB
[STEP e12 s0545/0605] avg_loss=2.3611 lr=0.001042 grad_norm=0.974 tok/s=49335.4 src_tok=744 tgt_tok=679 mem=59.2/239.1MB
[STEP e12 s0570/0605] avg_loss=2.3632 lr=0.001040 grad_norm=1.029 tok/s=44056.3 src_tok=706 tgt_tok=637 mem=58.1/239.1MB
[STEP e12 s0595/0605] avg_loss=2.3633 lr=0.001038 grad_norm=0.965 tok/s=41665.1 src_tok=725 tgt_tok=651 mem=58.7/239.1MB
[STEP e12 s0605/0605] avg_loss=2.3638 lr=0.001037 grad_norm=2.230 tok/s=3939.9 src_tok=109 tgt_tok=110 mem=44.6/239.1MB
[EPOCH 12] train_loss=2.3638 train_ppl=10.63 val_loss=2.4889 val_bleu=39.89 val_chrf=63.87 val_token_acc=45.35 peak_mem=239.1MB time=00:24 samples=valid_epoch_12.txt
[INFO] new best checkpoint saved at epoch 12 (val_bleu=39.89)
[STEP e13 s0015/0605] avg_loss=2.2746 lr=0.001036 grad_norm=1.034 tok/s=20950.6 src_tok=723 tgt_tok=644 mem=58.7/236.1MB
[STEP e13 s0040/0605] avg_loss=2.2931 lr=0.001034 grad_norm=0.989 tok/s=39120.2 src_tok=705 tgt_tok=625 mem=54.8/236.7MB
[STEP e13 s0065/0605] avg_loss=2.2911 lr=0.001033 grad_norm=0.954 tok/s=32760.4 src_tok=727 tgt_tok=651 mem=56.7/236.7MB
[STEP e13 s0090/0605] avg_loss=2.2934 lr=0.001031 grad_norm=0.914 tok/s=48077.3 src_tok=711 tgt_tok=618 mem=57.0/236.7MB
[STEP e13 s0115/0605] avg_loss=2.2922 lr=0.001029 grad_norm=0.883 tok/s=43394.8 src_tok=743 tgt_tok=649 mem=58.7/236.7MB
[STEP e13 s0140/0605] avg_loss=2.2969 lr=0.001027 grad_norm=0.972 tok/s=41172.6 src_tok=796 tgt_tok=711 mem=59.2/236.7MB
[STEP e13 s0165/0605] avg_loss=2.3010 lr=0.001026 grad_norm=0.994 tok/s=36771.5 src_tok=710 tgt_tok=651 mem=58.1/236.7MB
[STEP e13 s0190/0605] avg_loss=2.3017 lr=0.001024 grad_norm=0.950 tok/s=26955.3 src_tok=730 tgt_tok=648 mem=57.6/236.7MB
[STEP e13 s0215/0605] avg_loss=2.3066 lr=0.001022 grad_norm=0.955 tok/s=26467.3 src_tok=769 tgt_tok=700 mem=57.6/236.7MB
[STEP e13 s0240/0605] avg_loss=2.3112 lr=0.001021 grad_norm=0.965 tok/s=28308.2 src_tok=688 tgt_tok=621 mem=54.8/238.8MB
[STEP e13 s0265/0605] avg_loss=2.3143 lr=0.001019 grad_norm=1.036 tok/s=38178.4 src_tok=696 tgt_tok=624 mem=54.8/238.8MB
[STEP e13 s0290/0605] avg_loss=2.3170 lr=0.001017 grad_norm=1.018 tok/s=21767.3 src_tok=661 tgt_tok=579 mem=54.3/238.8MB
[STEP e13 s0315/0605] avg_loss=2.3204 lr=0.001015 grad_norm=0.892 tok/s=45695.7 src_tok=769 tgt_tok=682 mem=56.7/238.8MB
[STEP e13 s0340/0605] avg_loss=2.3249 lr=0.001014 grad_norm=0.932 tok/s=44085.1 src_tok=712 tgt_tok=655 mem=55.9/238.8MB
[STEP e13 s0365/0605] avg_loss=2.3273 lr=0.001012 grad_norm=1.082 tok/s=47845.2 src_tok=763 tgt_tok=672 mem=58.7/238.8MB
[STEP e13 s0390/0605] avg_loss=2.3265 lr=0.001010 grad_norm=0.968 tok/s=42512.4 src_tok=714 tgt_tok=633 mem=56.7/238.8MB
[STEP e13 s0415/0605] avg_loss=2.3287 lr=0.001009 grad_norm=0.934 tok/s=38930.4 src_tok=727 tgt_tok=635 mem=62.5/238.8MB
[STEP e13 s0440/0605] avg_loss=2.3286 lr=0.001007 grad_norm=1.040 tok/s=43010.9 src_tok=703 tgt_tok=631 mem=55.4/238.8MB
[STEP e13 s0465/0605] avg_loss=2.3302 lr=0.001006 grad_norm=0.916 tok/s=40330.7 src_tok=743 tgt_tok=651 mem=56.7/238.8MB
[STEP e13 s0490/0605] avg_loss=2.3333 lr=0.001004 grad_norm=1.086 tok/s=45275.6 src_tok=740 tgt_tok=694 mem=60.6/239.1MB
[STEP e13 s0515/0605] avg_loss=2.3344 lr=0.001002 grad_norm=0.959 tok/s=42132.4 src_tok=719 tgt_tok=629 mem=57.6/239.1MB
[STEP e13 s0540/0605] avg_loss=2.3362 lr=0.001001 grad_norm=1.017 tok/s=25700.6 src_tok=660 tgt_tok=569 mem=58.1/239.1MB
[STEP e13 s0565/0605] avg_loss=2.3371 lr=0.000999 grad_norm=1.000 tok/s=40704.8 src_tok=728 tgt_tok=656 mem=55.4/239.1MB
[STEP e13 s0590/0605] avg_loss=2.3395 lr=0.000998 grad_norm=1.005 tok/s=44419.5 src_tok=706 tgt_tok=626 mem=57.0/239.1MB
[STEP e13 s0605/0605] avg_loss=2.3414 lr=0.000997 grad_norm=2.878 tok/s=4079.8 src_tok=125 tgt_tok=116 mem=45.1/239.1MB
[EPOCH 13] train_loss=2.3414 train_ppl=10.40 val_loss=2.4893 val_bleu=38.80 val_chrf=63.07 val_token_acc=44.26 peak_mem=239.1MB time=00:25 samples=valid_epoch_13.txt
[INFO] patience 1/5
[STEP e14 s0010/0605] avg_loss=2.2330 lr=0.000996 grad_norm=1.028 tok/s=35877.8 src_tok=662 tgt_tok=593 mem=57.0/209.7MB
[STEP e14 s0035/0605] avg_loss=2.2648 lr=0.000994 grad_norm=0.958 tok/s=44124.6 src_tok=709 tgt_tok=615 mem=55.4/212.5MB
[STEP e14 s0060/0605] avg_loss=2.2714 lr=0.000993 grad_norm=1.006 tok/s=32755.3 src_tok=754 tgt_tok=696 mem=58.7/212.5MB
[STEP e14 s0085/0605] avg_loss=2.2715 lr=0.000991 grad_norm=0.960 tok/s=37200.8 src_tok=724 tgt_tok=623 mem=53.2/228.2MB
[STEP e14 s0110/0605] avg_loss=2.2661 lr=0.000990 grad_norm=0.985 tok/s=42502.8 src_tok=759 tgt_tok=673 mem=57.6/236.7MB
[STEP e14 s0135/0605] avg_loss=2.2719 lr=0.000988 grad_norm=0.998 tok/s=42853.2 src_tok=706 tgt_tok=625 mem=56.7/236.7MB
[STEP e14 s0160/0605] avg_loss=2.2731 lr=0.000987 grad_norm=1.012 tok/s=42013.0 src_tok=723 tgt_tok=646 mem=60.6/236.7MB
[STEP e14 s0185/0605] avg_loss=2.2774 lr=0.000985 grad_norm=0.974 tok/s=43279.6 src_tok=702 tgt_tok=613 mem=56.7/236.7MB
[STEP e14 s0210/0605] avg_loss=2.2813 lr=0.000984 grad_norm=1.137 tok/s=35278.1 src_tok=707 tgt_tok=634 mem=56.7/236.7MB
[STEP e14 s0235/0605] avg_loss=2.2836 lr=0.000982 grad_norm=1.042 tok/s=45222.0 src_tok=701 tgt_tok=627 mem=55.4/236.7MB
[STEP e14 s0260/0605] avg_loss=2.2887 lr=0.000981 grad_norm=0.957 tok/s=40686.8 src_tok=687 tgt_tok=615 mem=56.7/238.3MB
[STEP e14 s0285/0605] avg_loss=2.2911 lr=0.000979 grad_norm=0.959 tok/s=35105.0 src_tok=688 tgt_tok=611 mem=59.2/238.3MB
[STEP e14 s0310/0605] avg_loss=2.2938 lr=0.000978 grad_norm=0.937 tok/s=41786.4 src_tok=711 tgt_tok=647 mem=56.7/238.3MB
[STEP e14 s0335/0605] avg_loss=2.2988 lr=0.000976 grad_norm=0.989 tok/s=28065.0 src_tok=692 tgt_tok=627 mem=55.9/238.8MB
[STEP e14 s0360/0605] avg_loss=2.3000 lr=0.000975 grad_norm=1.001 tok/s=51937.3 src_tok=757 tgt_tok=700 mem=59.2/238.8MB
[STEP e14 s0385/0605] avg_loss=2.3038 lr=0.000973 grad_norm=1.004 tok/s=36389.1 src_tok=762 tgt_tok=688 mem=57.6/238.8MB
[STEP e14 s0410/0605] avg_loss=2.3072 lr=0.000972 grad_norm=0.949 tok/s=34536.5 src_tok=744 tgt_tok=672 mem=58.7/238.8MB
[STEP e14 s0435/0605] avg_loss=2.3094 lr=0.000970 grad_norm=0.965 tok/s=25183.6 src_tok=748 tgt_tok=676 mem=58.7/238.8MB
[STEP e14 s0460/0605] avg_loss=2.3115 lr=0.000969 grad_norm=1.036 tok/s=39550.9 src_tok=749 tgt_tok=657 mem=60.3/238.8MB
[STEP e14 s0485/0605] avg_loss=2.3143 lr=0.000967 grad_norm=1.100 tok/s=46135.9 src_tok=741 tgt_tok=689 mem=58.7/238.8MB
[STEP e14 s0510/0605] avg_loss=2.3150 lr=0.000966 grad_norm=1.019 tok/s=44498.5 src_tok=724 tgt_tok=656 mem=58.7/238.8MB
[STEP e14 s0535/0605] avg_loss=2.3160 lr=0.000964 grad_norm=0.954 tok/s=32786.6 src_tok=697 tgt_tok=598 mem=54.3/238.8MB
[STEP e14 s0560/0605] avg_loss=2.3191 lr=0.000963 grad_norm=1.069 tok/s=40256.5 src_tok=658 tgt_tok=588 mem=54.8/238.8MB
[STEP e14 s0585/0605] avg_loss=2.3210 lr=0.000961 grad_norm=1.017 tok/s=45433.3 src_tok=762 tgt_tok=714 mem=59.8/238.8MB
[STEP e14 s0605/0605] avg_loss=2.3236 lr=0.000960 grad_norm=2.641 tok/s=6548.3 src_tok=140 tgt_tok=135 mem=45.2/238.8MB
[EPOCH 14] train_loss=2.3236 train_ppl=10.21 val_loss=2.4850 val_bleu=39.10 val_chrf=63.29 val_token_acc=45.36 peak_mem=238.8MB time=00:25 samples=valid_epoch_14.txt
[INFO] patience 2/5
[STEP e15 s0005/0605] avg_loss=2.2087 lr=0.000960 grad_norm=1.046 tok/s=42594.3 src_tok=720 tgt_tok=643 mem=64.2/236.7MB
[STEP e15 s0030/0605] avg_loss=2.2485 lr=0.000959 grad_norm=1.075 tok/s=40567.6 src_tok=662 tgt_tok=595 mem=53.7/236.7MB
[STEP e15 s0055/0605] avg_loss=2.2508 lr=0.000957 grad_norm=1.151 tok/s=45336.2 src_tok=701 tgt_tok=616 mem=55.4/236.7MB
[STEP e15 s0080/0605] avg_loss=2.2497 lr=0.000956 grad_norm=0.886 tok/s=27788.4 src_tok=696 tgt_tok=609 mem=56.7/238.3MB
[STEP e15 s0105/0605] avg_loss=2.2512 lr=0.000954 grad_norm=0.972 tok/s=43225.8 src_tok=700 tgt_tok=623 mem=55.4/238.3MB
[STEP e15 s0130/0605] avg_loss=2.2589 lr=0.000953 grad_norm=1.037 tok/s=34181.2 src_tok=655 tgt_tok=609 mem=54.8/238.3MB
[STEP e15 s0155/0605] avg_loss=2.2671 lr=0.000952 grad_norm=0.937 tok/s=39457.9 src_tok=729 tgt_tok=652 mem=58.7/238.3MB
[STEP e15 s0180/0605] avg_loss=2.2672 lr=0.000950 grad_norm=1.049 tok/s=53030.7 src_tok=745 tgt_tok=680 mem=57.6/238.3MB
[STEP e15 s0205/0605] avg_loss=2.2728 lr=0.000949 grad_norm=0.953 tok/s=47130.2 src_tok=700 tgt_tok=619 mem=57.0/238.3MB
[STEP e15 s0230/0605] avg_loss=2.2777 lr=0.000948 grad_norm=1.103 tok/s=45770.3 src_tok=703 tgt_tok=695 mem=60.6/238.3MB
[STEP e15 s0255/0605] avg_loss=2.2784 lr=0.000946 grad_norm=1.049 tok/s=19457.0 src_tok=741 tgt_tok=677 mem=56.7/238.3MB
[STEP e15 s0280/0605] avg_loss=2.2819 lr=0.000945 grad_norm=1.057 tok/s=44788.2 src_tok=772 tgt_tok=706 mem=62.0/238.3MB
[STEP e15 s0305/0605] avg_loss=2.2863 lr=0.000944 grad_norm=1.112 tok/s=43514.3 src_tok=683 tgt_tok=610 mem=56.7/238.5MB
[STEP e15 s0330/0605] avg_loss=2.2876 lr=0.000942 grad_norm=1.056 tok/s=39368.4 src_tok=707 tgt_tok=632 mem=57.0/238.5MB
[STEP e15 s0355/0605] avg_loss=2.2899 lr=0.000941 grad_norm=1.044 tok/s=40405.8 src_tok=683 tgt_tok=622 mem=57.0/238.5MB
[STEP e15 s0380/0605] avg_loss=2.2916 lr=0.000940 grad_norm=1.011 tok/s=32941.2 src_tok=768 tgt_tok=681 mem=62.0/238.5MB
[STEP e15 s0405/0605] avg_loss=2.2949 lr=0.000938 grad_norm=0.925 tok/s=26158.7 src_tok=710 tgt_tok=664 mem=55.4/238.5MB
[STEP e15 s0430/0605] avg_loss=2.2968 lr=0.000937 grad_norm=1.062 tok/s=42817.0 src_tok=681 tgt_tok=604 mem=58.1/238.5MB
[STEP e15 s0455/0605] avg_loss=2.2993 lr=0.000936 grad_norm=1.009 tok/s=34409.1 src_tok=726 tgt_tok=667 mem=57.6/238.5MB
[STEP e15 s0480/0605] avg_loss=2.3005 lr=0.000934 grad_norm=0.987 tok/s=35463.5 src_tok=732 tgt_tok=663 mem=59.8/238.5MB
[STEP e15 s0505/0605] avg_loss=2.3021 lr=0.000933 grad_norm=1.065 tok/s=44187.1 src_tok=695 tgt_tok=630 mem=56.5/238.5MB
[STEP e15 s0530/0605] avg_loss=2.3033 lr=0.000932 grad_norm=1.054 tok/s=26621.1 src_tok=681 tgt_tok=611 mem=56.7/238.5MB
[STEP e15 s0555/0605] avg_loss=2.3029 lr=0.000930 grad_norm=0.985 tok/s=45834.3 src_tok=751 tgt_tok=670 mem=60.6/238.5MB
[STEP e15 s0580/0605] avg_loss=2.3039 lr=0.000929 grad_norm=1.015 tok/s=43065.1 src_tok=732 tgt_tok=662 mem=59.2/238.5MB
[STEP e15 s0605/0605] avg_loss=2.3057 lr=0.000928 grad_norm=2.783 tok/s=5465.3 src_tok=118 tgt_tok=106 mem=44.9/238.5MB
[EPOCH 15] train_loss=2.3057 train_ppl=10.03 val_loss=2.4780 val_bleu=40.18 val_chrf=64.02 val_token_acc=43.96 peak_mem=238.5MB time=00:26 samples=valid_epoch_15.txt
[INFO] new best checkpoint saved at epoch 15 (val_bleu=40.18)
[STEP e16 s0025/0605] avg_loss=2.2464 lr=0.000927 grad_norm=0.906 tok/s=36294.4 src_tok=690 tgt_tok=629 mem=55.4/228.6MB
[STEP e16 s0050/0605] avg_loss=2.2289 lr=0.000925 grad_norm=1.007 tok/s=39430.9 src_tok=734 tgt_tok=633 mem=55.4/228.6MB
[STEP e16 s0075/0605] avg_loss=2.2320 lr=0.000924 grad_norm=1.108 tok/s=43190.7 src_tok=720 tgt_tok=654 mem=57.0/228.6MB
[STEP e16 s0100/0605] avg_loss=2.2320 lr=0.000923 grad_norm=1.299 tok/s=33369.3 src_tok=729 tgt_tok=642 mem=55.9/228.6MB
[STEP e16 s0125/0605] avg_loss=2.2359 lr=0.000921 grad_norm=1.158 tok/s=46170.2 src_tok=748 tgt_tok=660 mem=60.3/228.6MB
[STEP e16 s0150/0605] avg_loss=2.2420 lr=0.000920 grad_norm=1.045 tok/s=39929.4 src_tok=712 tgt_tok=634 mem=56.7/228.6MB
[STEP e16 s0175/0605] avg_loss=2.2444 lr=0.000919 grad_norm=0.999 tok/s=43102.5 src_tok=720 tgt_tok=632 mem=57.0/228.6MB
[STEP e16 s0200/0605] avg_loss=2.2534 lr=0.000918 grad_norm=1.111 tok/s=32655.5 src_tok=715 tgt_tok=643 mem=62.0/228.6MB
[STEP e16 s0225/0605] avg_loss=2.2565 lr=0.000916 grad_norm=1.070 tok/s=34037.2 src_tok=685 tgt_tok=587 mem=53.7/228.6MB
[STEP e16 s0250/0605] avg_loss=2.2578 lr=0.000915 grad_norm=1.061 tok/s=47062.8 src_tok=759 tgt_tok=673 mem=57.0/228.6MB
[STEP e16 s0275/0605] avg_loss=2.2601 lr=0.000914 grad_norm=1.016 tok/s=43446.8 src_tok=741 tgt_tok=673 mem=60.3/228.6MB
[STEP e16 s0300/0605] avg_loss=2.2618 lr=0.000913 grad_norm=1.029 tok/s=31092.6 src_tok=720 tgt_tok=680 mem=56.7/228.6MB
[STEP e16 s0325/0605] avg_loss=2.2637 lr=0.000912 grad_norm=1.055 tok/s=46466.3 src_tok=729 tgt_tok=665 mem=57.6/228.6MB
[STEP e16 s0350/0605] avg_loss=2.2686 lr=0.000910 grad_norm=1.002 tok/s=36029.8 src_tok=718 tgt_tok=651 mem=54.8/228.6MB
[STEP e16 s0375/0605] avg_loss=2.2716 lr=0.000909 grad_norm=1.016 tok/s=38012.1 src_tok=729 tgt_tok=645 mem=56.7/228.6MB
[STEP e16 s0400/0605] avg_loss=2.2735 lr=0.000908 grad_norm=1.017 tok/s=40100.3 src_tok=713 tgt_tok=631 mem=57.6/236.7MB
[STEP e16 s0425/0605] avg_loss=2.2774 lr=0.000907 grad_norm=1.065 tok/s=33526.8 src_tok=775 tgt_tok=720 mem=57.0/236.7MB
[STEP e16 s0450/0605] avg_loss=2.2797 lr=0.000906 grad_norm=0.986 tok/s=25843.2 src_tok=690 tgt_tok=628 mem=62.0/236.7MB
[STEP e16 s0475/0605] avg_loss=2.2794 lr=0.000904 grad_norm=1.084 tok/s=31711.4 src_tok=696 tgt_tok=636 mem=55.9/238.3MB
[STEP e16 s0500/0605] avg_loss=2.2815 lr=0.000903 grad_norm=1.116 tok/s=35445.8 src_tok=706 tgt_tok=606 mem=55.4/238.3MB
[STEP e16 s0525/0605] avg_loss=2.2851 lr=0.000902 grad_norm=1.077 tok/s=18380.5 src_tok=758 tgt_tok=688 mem=62.0/238.3MB
[STEP e16 s0550/0605] avg_loss=2.2874 lr=0.000901 grad_norm=1.054 tok/s=37811.1 src_tok=739 tgt_tok=660 mem=53.7/238.3MB
[STEP e16 s0575/0605] avg_loss=2.2891 lr=0.000900 grad_norm=1.118 tok/s=44139.3 src_tok=700 tgt_tok=656 mem=58.7/238.3MB
[STEP e16 s0600/0605] avg_loss=2.2909 lr=0.000899 grad_norm=0.946 tok/s=41121.9 src_tok=689 tgt_tok=604 mem=57.0/238.3MB
[STEP e16 s0605/0605] avg_loss=2.2911 lr=0.000898 grad_norm=2.520 tok/s=6314.0 src_tok=120 tgt_tok=101 mem=44.7/238.3MB
[EPOCH 16] train_loss=2.2911 train_ppl=9.89 val_loss=2.4786 val_bleu=40.15 val_chrf=63.83 val_token_acc=45.14 peak_mem=238.3MB time=00:26 samples=valid_epoch_16.txt
[INFO] patience 1/5
[STEP e17 s0020/0605] avg_loss=2.2040 lr=0.000897 grad_norm=1.161 tok/s=44317.9 src_tok=739 tgt_tok=644 mem=54.3/201.5MB
[STEP e17 s0045/0605] avg_loss=2.2172 lr=0.000896 grad_norm=1.053 tok/s=36902.6 src_tok=681 tgt_tok=608 mem=54.8/227.1MB
[STEP e17 s0070/0605] avg_loss=2.2110 lr=0.000895 grad_norm=1.021 tok/s=49269.9 src_tok=766 tgt_tok=714 mem=59.8/238.3MB
[STEP e17 s0095/0605] avg_loss=2.2143 lr=0.000894 grad_norm=1.026 tok/s=42990.0 src_tok=719 tgt_tok=634 mem=58.1/238.3MB
[STEP e17 s0120/0605] avg_loss=2.2151 lr=0.000893 grad_norm=1.014 tok/s=41299.1 src_tok=722 tgt_tok=637 mem=57.0/238.3MB
[STEP e17 s0145/0605] avg_loss=2.2255 lr=0.000892 grad_norm=0.998 tok/s=29558.5 src_tok=685 tgt_tok=632 mem=57.0/238.3MB
[STEP e17 s0170/0605] avg_loss=2.2252 lr=0.000891 grad_norm=0.968 tok/s=43730.9 src_tok=735 tgt_tok=659 mem=56.7/238.3MB
[STEP e17 s0195/0605] avg_loss=2.2291 lr=0.000889 grad_norm=0.909 tok/s=42572.5 src_tok=735 tgt_tok=634 mem=57.0/238.3MB
[STEP e17 s0220/0605] avg_loss=2.2336 lr=0.000888 grad_norm=0.958 tok/s=40784.4 src_tok=706 tgt_tok=621 mem=55.4/238.3MB
[STEP e17 s0245/0605] avg_loss=2.2401 lr=0.000887 grad_norm=0.991 tok/s=46296.1 src_tok=747 tgt_tok=686 mem=56.7/238.3MB
[STEP e17 s0270/0605] avg_loss=2.2422 lr=0.000886 grad_norm=1.061 tok/s=44720.3 src_tok=780 tgt_tok=718 mem=58.1/238.3MB
[STEP e17 s0295/0605] avg_loss=2.2450 lr=0.000885 grad_norm=0.959 tok/s=47192.3 src_tok=751 tgt_tok=662 mem=57.6/238.3MB
[STEP e17 s0320/0605] avg_loss=2.2484 lr=0.000884 grad_norm=1.024 tok/s=44469.4 src_tok=731 tgt_tok=668 mem=62.0/238.3MB
[STEP e17 s0345/0605] avg_loss=2.2516 lr=0.000883 grad_norm=1.033 tok/s=47132.9 src_tok=764 tgt_tok=682 mem=60.3/238.3MB
[STEP e17 s0370/0605] avg_loss=2.2538 lr=0.000882 grad_norm=1.073 tok/s=42357.6 src_tok=703 tgt_tok=656 mem=57.0/238.3MB
[STEP e17 s0395/0605] avg_loss=2.2585 lr=0.000881 grad_norm=1.116 tok/s=45343.7 src_tok=736 tgt_tok=667 mem=57.6/238.3MB
[STEP e17 s0420/0605] avg_loss=2.2603 lr=0.000879 grad_norm=1.091 tok/s=38033.8 src_tok=727 tgt_tok=649 mem=57.6/238.3MB
[STEP e17 s0445/0605] avg_loss=2.2614 lr=0.000878 grad_norm=1.005 tok/s=43934.5 src_tok=715 tgt_tok=653 mem=59.8/238.3MB
[STEP e17 s0470/0605] avg_loss=2.2647 lr=0.000877 grad_norm=1.137 tok/s=44128.2 src_tok=695 tgt_tok=636 mem=55.4/238.3MB
[STEP e17 s0495/0605] avg_loss=2.2660 lr=0.000876 grad_norm=1.185 tok/s=37088.4 src_tok=703 tgt_tok=641 mem=57.6/238.3MB
[STEP e17 s0520/0605] avg_loss=2.2666 lr=0.000875 grad_norm=1.009 tok/s=45959.5 src_tok=765 tgt_tok=688 mem=62.5/238.3MB
[STEP e17 s0545/0605] avg_loss=2.2686 lr=0.000874 grad_norm=1.094 tok/s=42936.2 src_tok=750 tgt_tok=684 mem=62.0/238.3MB
[STEP e17 s0570/0605] avg_loss=2.2697 lr=0.000873 grad_norm=0.974 tok/s=28886.2 src_tok=725 tgt_tok=653 mem=58.7/238.3MB
[STEP e17 s0595/0605] avg_loss=2.2719 lr=0.000872 grad_norm=0.950 tok/s=44506.4 src_tok=729 tgt_tok=652 mem=55.4/238.3MB
[STEP e17 s0605/0605] avg_loss=2.2726 lr=0.000872 grad_norm=inf tok/s=8032.2 src_tok=134 tgt_tok=115 mem=44.7/238.3MB
[EPOCH 17] train_loss=2.2726 train_ppl=9.70 val_loss=2.4727 val_bleu=40.47 val_chrf=64.47 val_token_acc=44.55 peak_mem=238.3MB time=00:25 samples=valid_epoch_17.txt
[INFO] new best checkpoint saved at epoch 17 (val_bleu=40.47)
[STEP e18 s0015/0605] avg_loss=2.1972 lr=0.000871 grad_norm=1.169 tok/s=39987.6 src_tok=706 tgt_tok=613 mem=55.4/226.1MB
[STEP e18 s0040/0605] avg_loss=2.2243 lr=0.000870 grad_norm=0.990 tok/s=38487.5 src_tok=716 tgt_tok=626 mem=57.0/235.9MB
[STEP e18 s0065/0605] avg_loss=2.2179 lr=0.000869 grad_norm=0.959 tok/s=23746.4 src_tok=724 tgt_tok=639 mem=57.6/235.9MB
[STEP e18 s0090/0605] avg_loss=2.2125 lr=0.000868 grad_norm=0.930 tok/s=45838.2 src_tok=743 tgt_tok=690 mem=55.9/238.3MB
[STEP e18 s0115/0605] avg_loss=2.2185 lr=0.000867 grad_norm=0.955 tok/s=44480.0 src_tok=705 tgt_tok=614 mem=53.2/238.3MB
[STEP e18 s0140/0605] avg_loss=2.2180 lr=0.000866 grad_norm=1.079 tok/s=31381.6 src_tok=756 tgt_tok=658 mem=57.6/238.3MB
[STEP e18 s0165/0605] avg_loss=2.2219 lr=0.000865 grad_norm=1.048 tok/s=46767.4 src_tok=767 tgt_tok=671 mem=60.9/238.3MB
[STEP e18 s0190/0605] avg_loss=2.2278 lr=0.000864 grad_norm=0.988 tok/s=40693.0 src_tok=667 tgt_tok=597 mem=57.6/238.3MB
[STEP e18 s0215/0605] avg_loss=2.2306 lr=0.000863 grad_norm=1.031 tok/s=45426.0 src_tok=720 tgt_tok=666 mem=59.2/238.3MB
[STEP e18 s0240/0605] avg_loss=2.2319 lr=0.000862 grad_norm=1.049 tok/s=41111.1 src_tok=699 tgt_tok=606 mem=57.6/238.3MB
[STEP e18 s0265/0605] avg_loss=2.2360 lr=0.000860 grad_norm=1.113 tok/s=48465.8 src_tok=708 tgt_tok=627 mem=57.0/238.3MB
[STEP e18 s0290/0605] avg_loss=2.2370 lr=0.000859 grad_norm=0.984 tok/s=43008.0 src_tok=691 tgt_tok=615 mem=56.7/238.3MB
[STEP e18 s0315/0605] avg_loss=2.2391 lr=0.000858 grad_norm=1.016 tok/s=45588.9 src_tok=750 tgt_tok=665 mem=55.4/238.3MB
[STEP e18 s0340/0605] avg_loss=2.2424 lr=0.000857 grad_norm=1.007 tok/s=44746.4 src_tok=738 tgt_tok=666 mem=56.7/238.3MB
[STEP e18 s0365/0605] avg_loss=2.2455 lr=0.000856 grad_norm=1.130 tok/s=46566.0 src_tok=761 tgt_tok=692 mem=58.7/238.3MB
[STEP e18 s0390/0605] avg_loss=2.2465 lr=0.000855 grad_norm=0.963 tok/s=44421.3 src_tok=735 tgt_tok=664 mem=54.3/238.3MB
[STEP e18 s0415/0605] avg_loss=2.2482 lr=0.000854 grad_norm=1.077 tok/s=43387.1 src_tok=692 tgt_tok=609 mem=54.4/238.3MB
[STEP e18 s0440/0605] avg_loss=2.2489 lr=0.000853 grad_norm=1.130 tok/s=41836.9 src_tok=732 tgt_tok=648 mem=57.0/238.3MB
[STEP e18 s0465/0605] avg_loss=2.2492 lr=0.000852 grad_norm=1.020 tok/s=26688.1 src_tok=715 tgt_tok=646 mem=57.0/238.3MB
[STEP e18 s0490/0605] avg_loss=2.2489 lr=0.000851 grad_norm=1.045 tok/s=46806.8 src_tok=766 tgt_tok=699 mem=54.8/238.3MB
[STEP e18 s0515/0605] avg_loss=2.2512 lr=0.000850 grad_norm=1.116 tok/s=46075.2 src_tok=743 tgt_tok=648 mem=55.4/238.3MB
[STEP e18 s0540/0605] avg_loss=2.2517 lr=0.000849 grad_norm=1.287 tok/s=50748.4 src_tok=764 tgt_tok=683 mem=58.7/238.3MB
[STEP e18 s0565/0605] avg_loss=2.2550 lr=0.000849 grad_norm=0.970 tok/s=34435.1 src_tok=718 tgt_tok=643 mem=57.0/238.3MB
[STEP e18 s0590/0605] avg_loss=2.2563 lr=0.000848 grad_norm=1.108 tok/s=37084.7 src_tok=725 tgt_tok=647 mem=56.5/238.3MB
[STEP e18 s0605/0605] avg_loss=2.2581 lr=0.000847 grad_norm=2.804 tok/s=6236.6 src_tok=101 tgt_tok=86 mem=44.4/238.3MB
[EPOCH 18] train_loss=2.2581 train_ppl=9.57 val_loss=2.4819 val_bleu=39.95 val_chrf=64.04 val_token_acc=44.41 peak_mem=238.3MB time=00:25 samples=valid_epoch_18.txt
[INFO] patience 1/5
[STEP e19 s0010/0605] avg_loss=2.1992 lr=0.000847 grad_norm=1.056 tok/s=32321.9 src_tok=737 tgt_tok=668 mem=57.0/235.9MB
[STEP e19 s0035/0605] avg_loss=2.1793 lr=0.000846 grad_norm=1.029 tok/s=38709.2 src_tok=691 tgt_tok=625 mem=54.3/235.9MB
[STEP e19 s0060/0605] avg_loss=2.1955 lr=0.000845 grad_norm=1.008 tok/s=43144.7 src_tok=713 tgt_tok=647 mem=56.5/236.7MB
[STEP e19 s0085/0605] avg_loss=2.2009 lr=0.000844 grad_norm=1.141 tok/s=39274.9 src_tok=705 tgt_tok=612 mem=56.7/236.7MB
[STEP e19 s0110/0605] avg_loss=2.2076 lr=0.000843 grad_norm=1.155 tok/s=39556.0 src_tok=711 tgt_tok=624 mem=55.4/236.7MB
[STEP e19 s0135/0605] avg_loss=2.2144 lr=0.000842 grad_norm=1.172 tok/s=33099.3 src_tok=751 tgt_tok=700 mem=57.6/236.7MB
[STEP e19 s0160/0605] avg_loss=2.2172 lr=0.000841 grad_norm=1.013 tok/s=41951.6 src_tok=711 tgt_tok=654 mem=55.9/238.3MB
[STEP e19 s0185/0605] avg_loss=2.2225 lr=0.000840 grad_norm=1.143 tok/s=46921.7 src_tok=741 tgt_tok=666 mem=58.7/238.3MB
[STEP e19 s0210/0605] avg_loss=2.2262 lr=0.000839 grad_norm=1.002 tok/s=45784.3 src_tok=730 tgt_tok=668 mem=56.7/238.3MB
[STEP e19 s0235/0605] avg_loss=2.2294 lr=0.000838 grad_norm=1.073 tok/s=40877.2 src_tok=744 tgt_tok=667 mem=58.7/238.3MB
[STEP e19 s0260/0605] avg_loss=2.2286 lr=0.000837 grad_norm=1.010 tok/s=47399.2 src_tok=761 tgt_tok=681 mem=58.1/238.3MB
[STEP e19 s0285/0605] avg_loss=2.2311 lr=0.000836 grad_norm=1.035 tok/s=42546.9 src_tok=707 tgt_tok=612 mem=55.4/238.3MB
[STEP e19 s0310/0605] avg_loss=2.2336 lr=0.000835 grad_norm=1.132 tok/s=42915.9 src_tok=733 tgt_tok=664 mem=56.7/238.3MB
[STEP e19 s0335/0605] avg_loss=2.2361 lr=0.000834 grad_norm=1.076 tok/s=44036.0 src_tok=701 tgt_tok=618 mem=56.7/238.3MB
[STEP e19 s0360/0605] avg_loss=2.2373 lr=0.000833 grad_norm=1.096 tok/s=47023.4 src_tok=702 tgt_tok=614 mem=58.7/238.3MB
[STEP e19 s0385/0605] avg_loss=2.2368 lr=0.000832 grad_norm=1.113 tok/s=32884.1 src_tok=719 tgt_tok=629 mem=55.4/238.3MB
[STEP e19 s0410/0605] avg_loss=2.2391 lr=0.000831 grad_norm=1.191 tok/s=44670.0 src_tok=716 tgt_tok=649 mem=62.0/238.3MB
[STEP e19 s0435/0605] avg_loss=2.2396 lr=0.000831 grad_norm=1.161 tok/s=44539.6 src_tok=690 tgt_tok=602 mem=54.8/238.3MB
[STEP e19 s0460/0605] avg_loss=2.2418 lr=0.000830 grad_norm=1.064 tok/s=46282.2 src_tok=764 tgt_tok=672 mem=60.3/238.3MB
[STEP e19 s0485/0605] avg_loss=2.2427 lr=0.000829 grad_norm=1.010 tok/s=47334.3 src_tok=796 tgt_tok=718 mem=59.2/238.3MB
[STEP e19 s0510/0605] avg_loss=2.2438 lr=0.000828 grad_norm=1.096 tok/s=44452.6 src_tok=755 tgt_tok=689 mem=58.1/238.3MB
[STEP e19 s0535/0605] avg_loss=2.2447 lr=0.000827 grad_norm=1.068 tok/s=42209.6 src_tok=776 tgt_tok=700 mem=59.2/238.3MB
[STEP e19 s0560/0605] avg_loss=2.2458 lr=0.000826 grad_norm=1.184 tok/s=40795.6 src_tok=738 tgt_tok=650 mem=56.7/238.3MB
[STEP e19 s0585/0605] avg_loss=2.2463 lr=0.000825 grad_norm=1.137 tok/s=47273.2 src_tok=688 tgt_tok=613 mem=56.5/238.3MB
[STEP e19 s0605/0605] avg_loss=2.2470 lr=0.000824 grad_norm=2.747 tok/s=7062.5 src_tok=118 tgt_tok=108 mem=44.3/238.3MB
[EPOCH 19] train_loss=2.2470 train_ppl=9.46 val_loss=2.4686 val_bleu=40.00 val_chrf=63.76 val_token_acc=45.38 peak_mem=238.3MB time=00:24 samples=valid_epoch_19.txt
[INFO] patience 2/5
[STEP e20 s0005/0605] avg_loss=2.1350 lr=0.000824 grad_norm=0.998 tok/s=38512.2 src_tok=743 tgt_tok=657 mem=57.6/185.0MB
[STEP e20 s0030/0605] avg_loss=2.1676 lr=0.000823 grad_norm=1.003 tok/s=37721.2 src_tok=636 tgt_tok=571 mem=54.3/203.2MB
[STEP e20 s0055/0605] avg_loss=2.1876 lr=0.000822 grad_norm=1.216 tok/s=41584.9 src_tok=707 tgt_tok=604 mem=53.7/224.2MB
[STEP e20 s0080/0605] avg_loss=2.1938 lr=0.000822 grad_norm=1.096 tok/s=41825.3 src_tok=703 tgt_tok=597 mem=55.4/224.2MB
[STEP e20 s0105/0605] avg_loss=2.2021 lr=0.000821 grad_norm=1.160 tok/s=37563.5 src_tok=641 tgt_tok=561 mem=54.3/224.2MB
[STEP e20 s0130/0605] avg_loss=2.1996 lr=0.000820 grad_norm=1.068 tok/s=41927.8 src_tok=692 tgt_tok=632 mem=54.8/224.2MB
[STEP e20 s0155/0605] avg_loss=2.2047 lr=0.000819 grad_norm=1.094 tok/s=43911.2 src_tok=709 tgt_tok=633 mem=54.8/226.1MB
[STEP e20 s0180/0605] avg_loss=2.2045 lr=0.000818 grad_norm=1.029 tok/s=18619.4 src_tok=677 tgt_tok=622 mem=52.6/226.1MB
[STEP e20 s0205/0605] avg_loss=2.2058 lr=0.000817 grad_norm=1.068 tok/s=32081.5 src_tok=718 tgt_tok=630 mem=54.8/226.1MB
[STEP e20 s0230/0605] avg_loss=2.2082 lr=0.000816 grad_norm=1.116 tok/s=47658.3 src_tok=735 tgt_tok=672 mem=59.2/238.2MB
[STEP e20 s0255/0605] avg_loss=2.2089 lr=0.000815 grad_norm=1.003 tok/s=50303.3 src_tok=733 tgt_tok=679 mem=57.6/238.2MB
[STEP e20 s0280/0605] avg_loss=2.2117 lr=0.000815 grad_norm=1.215 tok/s=41992.3 src_tok=728 tgt_tok=636 mem=56.7/238.2MB
[STEP e20 s0305/0605] avg_loss=2.2148 lr=0.000814 grad_norm=1.224 tok/s=30610.6 src_tok=669 tgt_tok=607 mem=55.4/238.2MB
[STEP e20 s0330/0605] avg_loss=2.2177 lr=0.000813 grad_norm=1.036 tok/s=44652.0 src_tok=752 tgt_tok=668 mem=58.1/238.2MB
[STEP e20 s0355/0605] avg_loss=2.2208 lr=0.000812 grad_norm=1.009 tok/s=41773.9 src_tok=724 tgt_tok=634 mem=57.0/238.2MB
[STEP e20 s0380/0605] avg_loss=2.2225 lr=0.000811 grad_norm=1.113 tok/s=33138.7 src_tok=700 tgt_tok=625 mem=55.4/238.2MB
[STEP e20 s0405/0605] avg_loss=2.2245 lr=0.000810 grad_norm=1.131 tok/s=48633.9 src_tok=766 tgt_tok=678 mem=62.0/238.3MB
[STEP e20 s0430/0605] avg_loss=2.2257 lr=0.000809 grad_norm=1.070 tok/s=41202.9 src_tok=696 tgt_tok=595 mem=55.4/238.3MB
[STEP e20 s0455/0605] avg_loss=2.2284 lr=0.000809 grad_norm=1.164 tok/s=47811.6 src_tok=703 tgt_tok=635 mem=55.4/238.3MB
[STEP e20 s0480/0605] avg_loss=2.2286 lr=0.000808 grad_norm=1.077 tok/s=44353.7 src_tok=727 tgt_tok=673 mem=56.7/238.3MB
[STEP e20 s0505/0605] avg_loss=2.2296 lr=0.000807 grad_norm=1.005 tok/s=45785.1 src_tok=714 tgt_tok=640 mem=54.8/238.3MB
[STEP e20 s0530/0605] avg_loss=2.2324 lr=0.000806 grad_norm=1.154 tok/s=41114.5 src_tok=733 tgt_tok=647 mem=53.7/238.3MB
[STEP e20 s0555/0605] avg_loss=2.2345 lr=0.000805 grad_norm=1.101 tok/s=30096.7 src_tok=674 tgt_tok=606 mem=57.0/238.3MB
[STEP e20 s0580/0605] avg_loss=2.2358 lr=0.000804 grad_norm=1.084 tok/s=45728.0 src_tok=724 tgt_tok=615 mem=59.2/238.3MB
[STEP e20 s0605/0605] avg_loss=2.2362 lr=0.000803 grad_norm=2.674 tok/s=7791.7 src_tok=126 tgt_tok=115 mem=44.7/238.3MB
[EPOCH 20] train_loss=2.2362 train_ppl=9.36 val_loss=2.4656 val_bleu=40.48 val_chrf=64.11 val_token_acc=44.78 peak_mem=238.3MB time=00:24 samples=valid_epoch_20.txt
[INFO] new best checkpoint saved at epoch 20 (val_bleu=40.48)
[STEP e21 s0025/0605] avg_loss=2.1424 lr=0.000803 grad_norm=1.072 tok/s=25770.0 src_tok=724 tgt_tok=631 mem=56.5/220.8MB
[STEP e21 s0050/0605] avg_loss=2.1698 lr=0.000802 grad_norm=1.107 tok/s=44266.0 src_tok=707 tgt_tok=621 mem=55.9/228.2MB
[STEP e21 s0075/0605] avg_loss=2.1720 lr=0.000801 grad_norm=1.025 tok/s=46127.4 src_tok=715 tgt_tok=631 mem=54.3/228.2MB
[STEP e21 s0100/0605] avg_loss=2.1772 lr=0.000800 grad_norm=1.108 tok/s=43893.0 src_tok=712 tgt_tok=639 mem=56.7/228.2MB
[STEP e21 s0125/0605] avg_loss=2.1813 lr=0.000799 grad_norm=1.060 tok/s=48296.1 src_tok=715 tgt_tok=638 mem=54.3/228.2MB
[STEP e21 s0150/0605] avg_loss=2.1889 lr=0.000799 grad_norm=1.160 tok/s=40513.5 src_tok=717 tgt_tok=651 mem=55.4/236.8MB
[STEP e21 s0175/0605] avg_loss=2.1946 lr=0.000798 grad_norm=1.155 tok/s=45137.3 src_tok=729 tgt_tok=625 mem=55.9/236.8MB
[STEP e21 s0200/0605] avg_loss=2.1970 lr=0.000797 grad_norm=1.160 tok/s=44785.3 src_tok=682 tgt_tok=617 mem=55.9/236.8MB
[STEP e21 s0225/0605] avg_loss=2.1987 lr=0.000796 grad_norm=0.977 tok/s=41060.9 src_tok=736 tgt_tok=660 mem=56.5/236.8MB
[STEP e21 s0250/0605] avg_loss=2.1998 lr=0.000795 grad_norm=0.995 tok/s=41045.6 src_tok=714 tgt_tok=627 mem=55.4/236.8MB
[STEP e21 s0275/0605] avg_loss=2.2026 lr=0.000795 grad_norm=1.052 tok/s=41801.5 src_tok=709 tgt_tok=629 mem=56.7/236.8MB
[STEP e21 s0300/0605] avg_loss=2.2043 lr=0.000794 grad_norm=1.165 tok/s=31959.1 src_tok=765 tgt_tok=673 mem=56.7/236.8MB
[STEP e21 s0325/0605] avg_loss=2.2039 lr=0.000793 grad_norm=1.127 tok/s=19680.6 src_tok=728 tgt_tok=646 mem=54.3/236.8MB
[STEP e21 s0350/0605] avg_loss=2.2077 lr=0.000792 grad_norm=1.089 tok/s=43183.8 src_tok=769 tgt_tok=681 mem=60.9/238.8MB
[STEP e21 s0375/0605] avg_loss=2.2106 lr=0.000791 grad_norm=1.057 tok/s=39829.4 src_tok=739 tgt_tok=656 mem=58.7/238.8MB
[STEP e21 s0400/0605] avg_loss=2.2121 lr=0.000791 grad_norm=1.138 tok/s=41121.9 src_tok=682 tgt_tok=630 mem=58.1/238.8MB
[STEP e21 s0425/0605] avg_loss=2.2125 lr=0.000790 grad_norm=1.081 tok/s=44749.1 src_tok=722 tgt_tok=623 mem=57.6/238.8MB
[STEP e21 s0450/0605] avg_loss=2.2129 lr=0.000789 grad_norm=1.085 tok/s=37251.0 src_tok=712 tgt_tok=629 mem=55.4/238.8MB
[STEP e21 s0475/0605] avg_loss=2.2140 lr=0.000788 grad_norm=0.978 tok/s=40436.6 src_tok=666 tgt_tok=587 mem=54.3/238.8MB
[STEP e21 s0500/0605] avg_loss=2.2167 lr=0.000787 grad_norm=1.131 tok/s=48197.4 src_tok=725 tgt_tok=641 mem=55.9/238.8MB
[STEP e21 s0525/0605] avg_loss=2.2190 lr=0.000787 grad_norm=1.073 tok/s=39747.3 src_tok=677 tgt_tok=595 mem=57.0/238.8MB
[STEP e21 s0550/0605] avg_loss=2.2202 lr=0.000786 grad_norm=1.113 tok/s=34449.5 src_tok=725 tgt_tok=671 mem=59.2/238.8MB
[STEP e21 s0575/0605] avg_loss=2.2230 lr=0.000785 grad_norm=1.165 tok/s=47416.0 src_tok=757 tgt_tok=666 mem=61.4/238.8MB
[STEP e21 s0600/0605] avg_loss=2.2237 lr=0.000784 grad_norm=1.133 tok/s=39926.5 src_tok=739 tgt_tok=682 mem=57.0/238.8MB
[STEP e21 s0605/0605] avg_loss=2.2247 lr=0.000784 grad_norm=3.369 tok/s=8482.3 src_tok=137 tgt_tok=126 mem=45.2/238.8MB
[EPOCH 21] train_loss=2.2247 train_ppl=9.25 val_loss=2.4740 val_bleu=40.29 val_chrf=64.24 val_token_acc=44.07 peak_mem=238.8MB time=00:25 samples=valid_epoch_21.txt
[INFO] patience 1/5
[STEP e22 s0020/0605] avg_loss=2.1752 lr=0.000784 grad_norm=1.093 tok/s=41780.5 src_tok=703 tgt_tok=634 mem=58.1/225.9MB
[STEP e22 s0045/0605] avg_loss=2.1611 lr=0.000783 grad_norm=0.968 tok/s=40089.5 src_tok=715 tgt_tok=629 mem=54.8/225.9MB
[STEP e22 s0070/0605] avg_loss=2.1506 lr=0.000782 grad_norm=1.080 tok/s=44155.1 src_tok=703 tgt_tok=623 mem=54.8/226.8MB
[STEP e22 s0095/0605] avg_loss=2.1576 lr=0.000781 grad_norm=1.150 tok/s=37559.7 src_tok=673 tgt_tok=604 mem=54.3/228.6MB
[STEP e22 s0120/0605] avg_loss=2.1641 lr=0.000780 grad_norm=1.091 tok/s=51302.3 src_tok=730 tgt_tok=663 mem=57.0/228.6MB
[STEP e22 s0145/0605] avg_loss=2.1692 lr=0.000780 grad_norm=1.223 tok/s=43196.3 src_tok=677 tgt_tok=619 mem=54.8/228.6MB
[STEP e22 s0170/0605] avg_loss=2.1734 lr=0.000779 grad_norm=1.120 tok/s=49364.8 src_tok=768 tgt_tok=713 mem=55.4/228.6MB
[STEP e22 s0195/0605] avg_loss=2.1718 lr=0.000778 grad_norm=1.196 tok/s=41485.6 src_tok=685 tgt_tok=601 mem=54.3/228.6MB
[STEP e22 s0220/0605] avg_loss=2.1772 lr=0.000777 grad_norm=0.976 tok/s=39244.1 src_tok=698 tgt_tok=639 mem=56.7/228.6MB
[STEP e22 s0245/0605] avg_loss=2.1807 lr=0.000777 grad_norm=1.031 tok/s=42543.3 src_tok=722 tgt_tok=660 mem=56.7/228.6MB
[STEP e22 s0270/0605] avg_loss=2.1836 lr=0.000776 grad_norm=1.008 tok/s=40465.9 src_tok=698 tgt_tok=629 mem=58.7/236.2MB
[STEP e22 s0295/0605] avg_loss=2.1878 lr=0.000775 grad_norm=1.153 tok/s=46745.5 src_tok=724 tgt_tok=657 mem=60.6/236.2MB
[STEP e22 s0320/0605] avg_loss=2.1913 lr=0.000774 grad_norm=1.083 tok/s=47325.6 src_tok=748 tgt_tok=698 mem=57.0/236.2MB
[STEP e22 s0345/0605] avg_loss=2.1929 lr=0.000774 grad_norm=1.154 tok/s=43619.1 src_tok=726 tgt_tok=652 mem=58.1/238.6MB
[STEP e22 s0370/0605] avg_loss=2.1952 lr=0.000773 grad_norm=1.156 tok/s=47005.0 src_tok=731 tgt_tok=632 mem=56.7/238.6MB
[STEP e22 s0395/0605] avg_loss=2.1990 lr=0.000772 grad_norm=1.121 tok/s=39057.0 src_tok=726 tgt_tok=633 mem=54.3/238.6MB
[STEP e22 s0420/0605] avg_loss=2.2002 lr=0.000771 grad_norm=1.156 tok/s=30681.9 src_tok=740 tgt_tok=666 mem=57.6/238.6MB
[STEP e22 s0445/0605] avg_loss=2.2032 lr=0.000771 grad_norm=1.148 tok/s=34128.5 src_tok=709 tgt_tok=644 mem=58.1/238.6MB
[STEP e22 s0470/0605] avg_loss=2.2057 lr=0.000770 grad_norm=1.063 tok/s=45847.1 src_tok=712 tgt_tok=617 mem=59.8/238.6MB
[STEP e22 s0495/0605] avg_loss=2.2087 lr=0.000769 grad_norm=1.061 tok/s=46050.9 src_tok=759 tgt_tok=670 mem=58.1/238.6MB
[STEP e22 s0520/0605] avg_loss=2.2101 lr=0.000769 grad_norm=0.994 tok/s=40624.6 src_tok=751 tgt_tok=679 mem=56.7/238.6MB
[STEP e22 s0545/0605] avg_loss=2.2113 lr=0.000768 grad_norm=1.100 tok/s=45877.9 src_tok=731 tgt_tok=661 mem=54.8/238.6MB
[STEP e22 s0570/0605] avg_loss=2.2132 lr=0.000767 grad_norm=1.186 tok/s=40935.4 src_tok=673 tgt_tok=599 mem=54.8/238.6MB
[STEP e22 s0595/0605] avg_loss=2.2158 lr=0.000766 grad_norm=1.034 tok/s=44968.9 src_tok=741 tgt_tok=660 mem=54.8/238.6MB
[STEP e22 s0605/0605] avg_loss=2.2163 lr=0.000766 grad_norm=2.380 tok/s=7137.2 src_tok=130 tgt_tok=132 mem=44.8/238.6MB
[EPOCH 22] train_loss=2.2163 train_ppl=9.17 val_loss=2.4654 val_bleu=40.82 val_chrf=64.29 val_token_acc=45.41 peak_mem=238.6MB time=00:24 samples=valid_epoch_22.txt
[INFO] new best checkpoint saved at epoch 22 (val_bleu=40.82)
[STEP e23 s0015/0605] avg_loss=2.1590 lr=0.000766 grad_norm=1.055 tok/s=44345.6 src_tok=691 tgt_tok=640 mem=53.2/221.3MB
[STEP e23 s0040/0605] avg_loss=2.1237 lr=0.000765 grad_norm=1.104 tok/s=39390.5 src_tok=674 tgt_tok=624 mem=56.7/221.3MB
[STEP e23 s0065/0605] avg_loss=2.1436 lr=0.000764 grad_norm=1.106 tok/s=42873.9 src_tok=710 tgt_tok=634 mem=54.8/238.3MB
[STEP e23 s0090/0605] avg_loss=2.1472 lr=0.000764 grad_norm=1.145 tok/s=41807.0 src_tok=735 tgt_tok=676 mem=56.7/238.3MB
[STEP e23 s0115/0605] avg_loss=2.1506 lr=0.000763 grad_norm=1.102 tok/s=27208.9 src_tok=710 tgt_tok=611 mem=58.1/238.3MB
[STEP e23 s0140/0605] avg_loss=2.1541 lr=0.000762 grad_norm=1.035 tok/s=43519.4 src_tok=738 tgt_tok=654 mem=60.6/238.3MB
[STEP e23 s0165/0605] avg_loss=2.1609 lr=0.000761 grad_norm=1.280 tok/s=35902.3 src_tok=723 tgt_tok=653 mem=57.0/238.3MB
[STEP e23 s0190/0605] avg_loss=2.1649 lr=0.000761 grad_norm=0.995 tok/s=24844.7 src_tok=763 tgt_tok=678 mem=55.9/238.3MB
[STEP e23 s0215/0605] avg_loss=2.1738 lr=0.000760 grad_norm=1.143 tok/s=40395.2 src_tok=746 tgt_tok=650 mem=54.8/238.3MB
[STEP e23 s0240/0605] avg_loss=2.1795 lr=0.000759 grad_norm=1.156 tok/s=30479.6 src_tok=698 tgt_tok=628 mem=54.3/238.3MB
[STEP e23 s0265/0605] avg_loss=2.1829 lr=0.000759 grad_norm=1.197 tok/s=40133.8 src_tok=723 tgt_tok=641 mem=54.8/238.3MB
[STEP e23 s0290/0605] avg_loss=2.1826 lr=0.000758 grad_norm=1.068 tok/s=46256.4 src_tok=777 tgt_tok=682 mem=62.0/238.3MB
[STEP e23 s0315/0605] avg_loss=2.1869 lr=0.000757 grad_norm=1.158 tok/s=46083.9 src_tok=720 tgt_tok=658 mem=54.8/238.3MB
[STEP e23 s0340/0605] avg_loss=2.1888 lr=0.000757 grad_norm=1.138 tok/s=46547.8 src_tok=774 tgt_tok=669 mem=60.3/238.3MB
[STEP e23 s0365/0605] avg_loss=2.1921 lr=0.000756 grad_norm=1.086 tok/s=43688.4 src_tok=740 tgt_tok=660 mem=56.7/238.3MB
[STEP e23 s0390/0605] avg_loss=2.1924 lr=0.000755 grad_norm=1.080 tok/s=30469.6 src_tok=704 tgt_tok=622 mem=54.8/238.3MB
[STEP e23 s0415/0605] avg_loss=2.1953 lr=0.000754 grad_norm=1.014 tok/s=45024.4 src_tok=712 tgt_tok=638 mem=54.8/238.3MB
[STEP e23 s0440/0605] avg_loss=2.1954 lr=0.000754 grad_norm=1.043 tok/s=30384.1 src_tok=684 tgt_tok=620 mem=58.1/238.3MB
[STEP e23 s0465/0605] avg_loss=2.1974 lr=0.000753 grad_norm=1.130 tok/s=39541.3 src_tok=687 tgt_tok=598 mem=53.2/238.3MB
[STEP e23 s0490/0605] avg_loss=2.1977 lr=0.000752 grad_norm=1.089 tok/s=46395.3 src_tok=744 tgt_tok=661 mem=58.7/238.3MB
[STEP e23 s0515/0605] avg_loss=2.1993 lr=0.000752 grad_norm=1.000 tok/s=45436.6 src_tok=715 tgt_tok=648 mem=57.0/238.3MB
[STEP e23 s0540/0605] avg_loss=2.2018 lr=0.000751 grad_norm=1.091 tok/s=48666.7 src_tok=767 tgt_tok=693 mem=57.6/238.3MB
[STEP e23 s0565/0605] avg_loss=2.2038 lr=0.000750 grad_norm=1.090 tok/s=45287.7 src_tok=732 tgt_tok=672 mem=57.6/238.3MB
[STEP e23 s0590/0605] avg_loss=2.2063 lr=0.000750 grad_norm=1.292 tok/s=40753.7 src_tok=715 tgt_tok=634 mem=59.2/238.3MB
[STEP e23 s0605/0605] avg_loss=2.2068 lr=0.000749 grad_norm=2.488 tok/s=8321.2 src_tok=134 tgt_tok=130 mem=44.5/238.3MB
[EPOCH 23] train_loss=2.2068 train_ppl=9.09 val_loss=2.4735 val_bleu=40.51 val_chrf=64.34 val_token_acc=45.25 peak_mem=238.3MB time=00:25 samples=valid_epoch_23.txt
[INFO] patience 1/5
[STEP e24 s0010/0605] avg_loss=2.1538 lr=0.000749 grad_norm=0.993 tok/s=36757.4 src_tok=719 tgt_tok=653 mem=54.8/200.6MB
[STEP e24 s0035/0605] avg_loss=2.1377 lr=0.000748 grad_norm=1.085 tok/s=35886.1 src_tok=719 tgt_tok=644 mem=56.7/217.3MB
[STEP e24 s0060/0605] avg_loss=2.1388 lr=0.000748 grad_norm=1.026 tok/s=37748.2 src_tok=693 tgt_tok=648 mem=55.9/217.3MB
[STEP e24 s0085/0605] avg_loss=2.1477 lr=0.000747 grad_norm=1.087 tok/s=32487.0 src_tok=743 tgt_tok=684 mem=56.5/217.3MB
[STEP e24 s0110/0605] avg_loss=2.1482 lr=0.000746 grad_norm=1.160 tok/s=34289.2 src_tok=701 tgt_tok=602 mem=56.7/220.2MB
[STEP e24 s0135/0605] avg_loss=2.1492 lr=0.000746 grad_norm=1.177 tok/s=46780.9 src_tok=730 tgt_tok=646 mem=56.7/220.2MB
[STEP e24 s0160/0605] avg_loss=2.1538 lr=0.000745 grad_norm=1.185 tok/s=37689.2 src_tok=685 tgt_tok=617 mem=56.7/220.2MB
[STEP e24 s0185/0605] avg_loss=2.1594 lr=0.000744 grad_norm=1.134 tok/s=38136.8 src_tok=704 tgt_tok=631 mem=56.7/236.5MB
[STEP e24 s0210/0605] avg_loss=2.1633 lr=0.000744 grad_norm=1.210 tok/s=32780.5 src_tok=701 tgt_tok=629 mem=56.5/236.5MB
[STEP e24 s0235/0605] avg_loss=2.1681 lr=0.000743 grad_norm=1.193 tok/s=39722.9 src_tok=723 tgt_tok=654 mem=56.7/236.5MB
[STEP e24 s0260/0605] avg_loss=2.1681 lr=0.000742 grad_norm=1.209 tok/s=37063.7 src_tok=705 tgt_tok=643 mem=54.8/236.5MB
[STEP e24 s0285/0605] avg_loss=2.1714 lr=0.000742 grad_norm=1.083 tok/s=37537.4 src_tok=691 tgt_tok=623 mem=54.3/236.5MB
[STEP e24 s0310/0605] avg_loss=2.1722 lr=0.000741 grad_norm=1.307 tok/s=46694.9 src_tok=717 tgt_tok=644 mem=55.4/236.5MB
[STEP e24 s0335/0605] avg_loss=2.1749 lr=0.000740 grad_norm=1.152 tok/s=38645.3 src_tok=727 tgt_tok=647 mem=56.7/236.5MB
[STEP e24 s0360/0605] avg_loss=2.1786 lr=0.000740 grad_norm=1.166 tok/s=40090.1 src_tok=752 tgt_tok=692 mem=60.6/236.9MB
[STEP e24 s0385/0605] avg_loss=2.1812 lr=0.000739 grad_norm=1.146 tok/s=41751.5 src_tok=726 tgt_tok=656 mem=56.7/236.9MB
[STEP e24 s0410/0605] avg_loss=2.1853 lr=0.000738 grad_norm=1.025 tok/s=40506.6 src_tok=729 tgt_tok=659 mem=57.0/236.9MB
[STEP e24 s0435/0605] avg_loss=2.1855 lr=0.000738 grad_norm=1.140 tok/s=36655.1 src_tok=684 tgt_tok=609 mem=54.8/236.9MB
[STEP e24 s0460/0605] avg_loss=2.1873 lr=0.000737 grad_norm=1.136 tok/s=39184.5 src_tok=756 tgt_tok=676 mem=58.7/239.1MB
[STEP e24 s0485/0605] avg_loss=2.1881 lr=0.000737 grad_norm=1.028 tok/s=47927.9 src_tok=761 tgt_tok=676 mem=62.5/239.1MB
[STEP e24 s0510/0605] avg_loss=2.1899 lr=0.000736 grad_norm=1.086 tok/s=45958.3 src_tok=724 tgt_tok=700 mem=62.5/239.1MB
[STEP e24 s0535/0605] avg_loss=2.1921 lr=0.000735 grad_norm=1.187 tok/s=41765.3 src_tok=682 tgt_tok=608 mem=52.6/239.1MB
[STEP e24 s0560/0605] avg_loss=2.1927 lr=0.000735 grad_norm=1.141 tok/s=43463.5 src_tok=722 tgt_tok=659 mem=62.0/239.1MB
[STEP e24 s0585/0605] avg_loss=2.1945 lr=0.000734 grad_norm=1.123 tok/s=40633.8 src_tok=728 tgt_tok=632 mem=55.4/239.1MB
[STEP e24 s0605/0605] avg_loss=2.1963 lr=0.000733 grad_norm=2.365 tok/s=7575.5 src_tok=126 tgt_tok=100 mem=44.2/239.1MB
[EPOCH 24] train_loss=2.1963 train_ppl=8.99 val_loss=2.4705 val_bleu=40.29 val_chrf=64.05 val_token_acc=44.14 peak_mem=239.1MB time=00:25 samples=valid_epoch_24.txt
[INFO] patience 2/5
[STEP e25 s0005/0605] avg_loss=2.1043 lr=0.000733 grad_norm=1.121 tok/s=30513.7 src_tok=685 tgt_tok=616 mem=53.7/189.9MB
[STEP e25 s0030/0605] avg_loss=2.1263 lr=0.000733 grad_norm=1.130 tok/s=47958.4 src_tok=743 tgt_tok=657 mem=56.5/218.1MB
[STEP e25 s0055/0605] avg_loss=2.1335 lr=0.000732 grad_norm=1.138 tok/s=48165.7 src_tok=709 tgt_tok=640 mem=55.4/228.2MB
[STEP e25 s0080/0605] avg_loss=2.1354 lr=0.000731 grad_norm=1.033 tok/s=35634.7 src_tok=716 tgt_tok=667 mem=54.8/238.6MB
[STEP e25 s0105/0605] avg_loss=2.1378 lr=0.000731 grad_norm=1.194 tok/s=39565.5 src_tok=699 tgt_tok=613 mem=56.7/238.6MB
[STEP e25 s0130/0605] avg_loss=2.1417 lr=0.000730 grad_norm=1.178 tok/s=44660.1 src_tok=695 tgt_tok=604 mem=57.6/238.6MB
[STEP e25 s0155/0605] avg_loss=2.1450 lr=0.000730 grad_norm=1.200 tok/s=46657.4 src_tok=734 tgt_tok=676 mem=57.6/238.6MB
[STEP e25 s0180/0605] avg_loss=2.1513 lr=0.000729 grad_norm=1.110 tok/s=28620.9 src_tok=736 tgt_tok=635 mem=57.0/238.6MB
[STEP e25 s0205/0605] avg_loss=2.1525 lr=0.000728 grad_norm=1.108 tok/s=41517.9 src_tok=696 tgt_tok=644 mem=53.2/238.6MB
[STEP e25 s0230/0605] avg_loss=2.1570 lr=0.000728 grad_norm=1.074 tok/s=44857.8 src_tok=710 tgt_tok=646 mem=57.0/238.6MB
[STEP e25 s0255/0605] avg_loss=2.1593 lr=0.000727 grad_norm=1.192 tok/s=48980.2 src_tok=745 tgt_tok=676 mem=58.1/238.6MB
[STEP e25 s0280/0605] avg_loss=2.1588 lr=0.000727 grad_norm=1.252 tok/s=27948.4 src_tok=695 tgt_tok=630 mem=54.3/238.6MB
[STEP e25 s0305/0605] avg_loss=2.1646 lr=0.000726 grad_norm=1.220 tok/s=46336.7 src_tok=724 tgt_tok=662 mem=56.7/238.6MB
[STEP e25 s0330/0605] avg_loss=2.1661 lr=0.000725 grad_norm=1.052 tok/s=40526.8 src_tok=727 tgt_tok=648 mem=54.8/238.6MB
[STEP e25 s0355/0605] avg_loss=2.1692 lr=0.000725 grad_norm=1.244 tok/s=33581.1 src_tok=685 tgt_tok=613 mem=56.7/238.6MB
[STEP e25 s0380/0605] avg_loss=2.1715 lr=0.000724 grad_norm=1.056 tok/s=50241.7 src_tok=730 tgt_tok=671 mem=56.7/238.6MB
[STEP e25 s0405/0605] avg_loss=2.1747 lr=0.000723 grad_norm=1.076 tok/s=43697.8 src_tok=707 tgt_tok=637 mem=62.5/238.6MB
[STEP e25 s0430/0605] avg_loss=2.1777 lr=0.000723 grad_norm=1.180 tok/s=40002.4 src_tok=729 tgt_tok=671 mem=58.7/238.6MB
[STEP e25 s0455/0605] avg_loss=2.1805 lr=0.000722 grad_norm=1.195 tok/s=29924.6 src_tok=702 tgt_tok=645 mem=63.1/238.6MB
[STEP e25 s0480/0605] avg_loss=2.1803 lr=0.000722 grad_norm=0.991 tok/s=42095.5 src_tok=702 tgt_tok=645 mem=55.4/238.6MB
[STEP e25 s0505/0605] avg_loss=2.1839 lr=0.000721 grad_norm=1.254 tok/s=39546.1 src_tok=709 tgt_tok=617 mem=58.1/238.6MB
[STEP e25 s0530/0605] avg_loss=2.1844 lr=0.000720 grad_norm=1.073 tok/s=42177.2 src_tok=735 tgt_tok=645 mem=54.3/238.6MB
[STEP e25 s0555/0605] avg_loss=2.1873 lr=0.000720 grad_norm=1.185 tok/s=39438.0 src_tok=709 tgt_tok=638 mem=54.3/238.6MB
[STEP e25 s0580/0605] avg_loss=2.1895 lr=0.000719 grad_norm=1.060 tok/s=36782.8 src_tok=671 tgt_tok=602 mem=54.8/238.6MB
[STEP e25 s0605/0605] avg_loss=2.1908 lr=0.000719 grad_norm=2.775 tok/s=7439.8 src_tok=127 tgt_tok=104 mem=44.5/238.6MB
[EPOCH 25] train_loss=2.1908 train_ppl=8.94 val_loss=2.4751 val_bleu=40.83 val_chrf=64.74 val_token_acc=45.34 peak_mem=238.6MB time=00:25 samples=valid_epoch_25.txt
[INFO] new best checkpoint saved at epoch 25 (val_bleu=40.83)
[TEST] bleu=39.58 chrf=63.95 token_acc=45.71 exact=5.80
[DONE] run summary written to outputs\experiments\label_smoothing\run_summary.md
