[INFO] train: 29000 sentence pairs
[INFO] valid: 1014 sentence pairs
[INFO] test: 1000 sentence pairs
[DONE] processed data saved to data\processed\multi30k_en_de_quick
[DONE] src_vocab=4000 tgt_vocab=4000
[INFO] device = cpu
[INFO] mixed_precision = False
[INFO] trainable parameters = 1,142,016
[EPOCH 01] train_loss=5.3416 train_ppl=208.85 val_loss=4.8419 val_bleu=0.14 val_chrf=12.83 peak_mem=0.0MB time=00:28
[EPOCH 02] train_loss=4.4561 train_ppl=86.15 val_loss=4.6815 val_bleu=0.33 val_chrf=10.49 peak_mem=0.0MB time=00:28
[EPOCH 03] train_loss=4.2943 train_ppl=73.28 val_loss=4.6435 val_bleu=0.33 val_chrf=10.62 peak_mem=0.0MB time=00:29
[TEST] bleu=0.27 chrf=10.45 token_acc=11.60 exact=0.00

===== Demo translations =====
SRC: a man in a blue shirt is running .
TGT: ein mann mit einem einem einem einem einem einem einem einem einem einem einem einem einem einem einem einem einem einem einem einem einem einem einem einem einem einem einem einem einem einem einem einem einem einem einem einem
--------------------------------------------------
SRC: a child is playing with a ball .
TGT: ein mann mit einem einem einem einem einem einem einem einem einem einem einem einem einem einem einem einem einem einem einem einem einem einem einem einem einem einem einem einem einem einem einem einem einem einem einem einem
--------------------------------------------------
SRC: a woman is standing near a train .
TGT: ein mann mit einem einem einem einem einem einem einem einem einem einem einem einem einem einem einem einem einem einem einem einem einem einem einem einem einem einem einem einem einem einem einem einem einem einem einem einem
--------------------------------------------------
