[INFO] device = cuda
[INFO] mixed_precision = True
[INFO] gpu = NVIDIA GeForce RTX 2050 (total_mem=4095.6MB, capability=8.6)
[INFO] trainable parameters = 2,228,352
[INFO] dataset sizes = train:29000 valid:1014 test:1000
[INFO] vocab sizes = src:5977 tgt:6000 max_len:40
[STEP e01 s0001/0605] avg_loss=8.6968 lr=0.000022 grad_norm=1.566 tok/s=1473.4 src_tok=701 tgt_tok=611 mem=55.4/122.8MB
[STEP e01 s0025/0605] avg_loss=8.4604 lr=0.000287 grad_norm=1.653 tok/s=31454.5 src_tok=675 tgt_tok=589 mem=53.8/200.1MB
[STEP e01 s0050/0605] avg_loss=7.9477 lr=0.000563 grad_norm=1.581 tok/s=30022.5 src_tok=690 tgt_tok=631 mem=56.8/200.1MB
[STEP e01 s0075/0605] avg_loss=7.2870 lr=0.000840 grad_norm=0.858 tok/s=40377.1 src_tok=696 tgt_tok=635 mem=57.6/200.1MB
[STEP e01 s0100/0605] avg_loss=6.7623 lr=0.001116 grad_norm=0.756 tok/s=38455.7 src_tok=724 tgt_tok=622 mem=58.2/200.1MB
[STEP e01 s0125/0605] avg_loss=6.3474 lr=0.001392 grad_norm=0.848 tok/s=37823.0 src_tok=717 tgt_tok=628 mem=55.4/200.1MB
[STEP e01 s0150/0605] avg_loss=6.0032 lr=0.001668 grad_norm=0.855 tok/s=40799.9 src_tok=716 tgt_tok=631 mem=57.1/202.6MB
[STEP e01 s0175/0605] avg_loss=5.7214 lr=0.001945 grad_norm=0.864 tok/s=45320.3 src_tok=727 tgt_tok=658 mem=56.8/202.6MB
[STEP e01 s0200/0605] avg_loss=5.4895 lr=0.002221 grad_norm=1.096 tok/s=42752.4 src_tok=729 tgt_tok=655 mem=57.6/218.1MB
[STEP e01 s0225/0605] avg_loss=5.2914 lr=0.002497 grad_norm=1.121 tok/s=31807.6 src_tok=703 tgt_tok=620 mem=57.1/218.1MB
[STEP e01 s0250/0605] avg_loss=5.1192 lr=0.002773 grad_norm=1.098 tok/s=37805.1 src_tok=746 tgt_tok=664 mem=57.1/218.1MB
[STEP e01 s0275/0605] avg_loss=4.9682 lr=0.003049 grad_norm=1.055 tok/s=26626.8 src_tok=754 tgt_tok=698 mem=56.8/218.1MB
[STEP e01 s0300/0605] avg_loss=4.8301 lr=0.003326 grad_norm=1.226 tok/s=16368.0 src_tok=720 tgt_tok=642 mem=58.7/218.1MB
[STEP e01 s0325/0605] avg_loss=4.7106 lr=0.003602 grad_norm=1.200 tok/s=42336.4 src_tok=737 tgt_tok=662 mem=58.7/218.1MB
[STEP e01 s0350/0605] avg_loss=4.6044 lr=0.003878 grad_norm=1.205 tok/s=44651.2 src_tok=692 tgt_tok=627 mem=56.8/218.1MB
[STEP e01 s0375/0605] avg_loss=4.5106 lr=0.004154 grad_norm=1.187 tok/s=46056.4 src_tok=764 tgt_tok=717 mem=63.1/218.1MB
[STEP e01 s0400/0605] avg_loss=4.4248 lr=0.004414 grad_norm=1.291 tok/s=29087.0 src_tok=702 tgt_tok=651 mem=59.3/218.1MB
[STEP e01 s0425/0605] avg_loss=4.3482 lr=0.004282 grad_norm=1.239 tok/s=44230.5 src_tok=781 tgt_tok=704 mem=63.1/218.1MB
[STEP e01 s0450/0605] avg_loss=4.2780 lr=0.004162 grad_norm=1.142 tok/s=45174.0 src_tok=781 tgt_tok=697 mem=58.2/218.1MB
[STEP e01 s0475/0605] avg_loss=4.2110 lr=0.004051 grad_norm=1.210 tok/s=42626.6 src_tok=687 tgt_tok=635 mem=55.4/218.1MB
[STEP e01 s0500/0605] avg_loss=4.1487 lr=0.003949 grad_norm=1.151 tok/s=40636.7 src_tok=735 tgt_tok=648 mem=57.1/218.1MB
[STEP e01 s0525/0605] avg_loss=4.0892 lr=0.003854 grad_norm=1.237 tok/s=43574.7 src_tok=727 tgt_tok=620 mem=57.1/218.1MB
[STEP e01 s0550/0605] avg_loss=4.0340 lr=0.003765 grad_norm=1.114 tok/s=43386.6 src_tok=703 tgt_tok=642 mem=56.8/218.1MB
[STEP e01 s0575/0605] avg_loss=3.9788 lr=0.003683 grad_norm=1.287 tok/s=31358.3 src_tok=712 tgt_tok=656 mem=64.2/218.1MB
[STEP e01 s0600/0605] avg_loss=3.9298 lr=0.003605 grad_norm=1.076 tok/s=36732.3 src_tok=672 tgt_tok=599 mem=54.3/218.1MB
[STEP e01 s0605/0605] avg_loss=3.9200 lr=0.003591 grad_norm=2.410 tok/s=5469.7 src_tok=111 tgt_tok=100 mem=44.1/218.1MB
[EPOCH 01] train_loss=3.9200 train_ppl=50.40 val_loss=2.5050 val_bleu=20.24 val_chrf=44.63 val_token_acc=32.93 peak_mem=218.1MB time=00:31 samples=valid_epoch_01.txt
[INFO] new best checkpoint saved at epoch 1 (val_bleu=20.24)
[STEP e02 s0020/0605] avg_loss=2.5372 lr=0.003533 grad_norm=1.320 tok/s=29477.1 src_tok=700 tgt_tok=627 mem=53.8/178.7MB
[STEP e02 s0045/0605] avg_loss=2.5394 lr=0.003464 grad_norm=0.999 tok/s=44780.4 src_tok=756 tgt_tok=678 mem=58.2/218.5MB
[STEP e02 s0070/0605] avg_loss=2.5414 lr=0.003400 grad_norm=1.099 tok/s=40076.9 src_tok=714 tgt_tok=648 mem=57.6/218.5MB
[STEP e02 s0095/0605] avg_loss=2.5317 lr=0.003338 grad_norm=1.239 tok/s=46164.9 src_tok=751 tgt_tok=681 mem=60.4/218.5MB
[STEP e02 s0120/0605] avg_loss=2.5198 lr=0.003280 grad_norm=1.031 tok/s=46587.3 src_tok=756 tgt_tok=694 mem=58.2/218.5MB
[STEP e02 s0145/0605] avg_loss=2.5091 lr=0.003225 grad_norm=1.203 tok/s=44950.3 src_tok=718 tgt_tok=631 mem=55.4/218.5MB
[STEP e02 s0170/0605] avg_loss=2.5006 lr=0.003173 grad_norm=1.176 tok/s=39407.9 src_tok=677 tgt_tok=584 mem=53.2/218.5MB
[STEP e02 s0195/0605] avg_loss=2.4896 lr=0.003123 grad_norm=1.083 tok/s=45613.8 src_tok=742 tgt_tok=672 mem=56.5/218.5MB
[STEP e02 s0220/0605] avg_loss=2.4789 lr=0.003075 grad_norm=1.144 tok/s=34966.0 src_tok=687 tgt_tok=607 mem=59.3/218.5MB
[STEP e02 s0245/0605] avg_loss=2.4655 lr=0.003030 grad_norm=1.111 tok/s=45378.6 src_tok=681 tgt_tok=617 mem=57.1/218.5MB
[STEP e02 s0270/0605] avg_loss=2.4533 lr=0.002986 grad_norm=1.105 tok/s=40002.7 src_tok=717 tgt_tok=662 mem=57.6/218.5MB
[STEP e02 s0295/0605] avg_loss=2.4459 lr=0.002945 grad_norm=1.086 tok/s=39657.8 src_tok=689 tgt_tok=620 mem=56.5/218.5MB
[STEP e02 s0320/0605] avg_loss=2.4377 lr=0.002905 grad_norm=1.077 tok/s=24430.5 src_tok=740 tgt_tok=658 mem=60.7/218.5MB
[STEP e02 s0345/0605] avg_loss=2.4292 lr=0.002866 grad_norm=1.044 tok/s=34027.3 src_tok=695 tgt_tok=633 mem=54.9/218.5MB
[STEP e02 s0370/0605] avg_loss=2.4229 lr=0.002829 grad_norm=1.039 tok/s=51057.4 src_tok=736 tgt_tok=669 mem=54.3/218.5MB
[STEP e02 s0395/0605] avg_loss=2.4164 lr=0.002794 grad_norm=1.119 tok/s=23316.7 src_tok=733 tgt_tok=640 mem=55.4/218.5MB
[STEP e02 s0420/0605] avg_loss=2.4069 lr=0.002759 grad_norm=1.156 tok/s=45652.6 src_tok=754 tgt_tok=662 mem=54.9/218.5MB
[STEP e02 s0445/0605] avg_loss=2.4025 lr=0.002726 grad_norm=1.034 tok/s=27452.8 src_tok=734 tgt_tok=666 mem=58.2/218.5MB
[STEP e02 s0470/0605] avg_loss=2.3936 lr=0.002695 grad_norm=1.116 tok/s=40901.7 src_tok=713 tgt_tok=637 mem=55.4/218.5MB
[STEP e02 s0495/0605] avg_loss=2.3857 lr=0.002664 grad_norm=1.063 tok/s=46163.3 src_tok=726 tgt_tok=655 mem=57.1/218.5MB
[STEP e02 s0520/0605] avg_loss=2.3791 lr=0.002634 grad_norm=1.021 tok/s=44531.9 src_tok=714 tgt_tok=632 mem=55.4/218.5MB
[STEP e02 s0545/0605] avg_loss=2.3714 lr=0.002605 grad_norm=1.088 tok/s=42869.1 src_tok=713 tgt_tok=629 mem=54.9/218.5MB
[STEP e02 s0570/0605] avg_loss=2.3639 lr=0.002577 grad_norm=1.030 tok/s=45794.2 src_tok=731 tgt_tok=643 mem=58.7/218.5MB
[STEP e02 s0595/0605] avg_loss=2.3571 lr=0.002550 grad_norm=1.087 tok/s=33552.1 src_tok=677 tgt_tok=615 mem=57.1/218.5MB
[STEP e02 s0605/0605] avg_loss=2.3537 lr=0.002540 grad_norm=2.327 tok/s=4763.7 src_tok=122 tgt_tok=111 mem=44.3/218.5MB
[EPOCH 02] train_loss=2.3537 train_ppl=10.52 val_loss=1.9677 val_bleu=27.70 val_chrf=53.00 val_token_acc=39.25 peak_mem=218.5MB time=00:27 samples=valid_epoch_02.txt
[INFO] new best checkpoint saved at epoch 2 (val_bleu=27.70)
[STEP e03 s0015/0605] avg_loss=1.9367 lr=0.002524 grad_norm=0.998 tok/s=31351.9 src_tok=697 tgt_tok=602 mem=56.8/197.4MB
[STEP e03 s0040/0605] avg_loss=1.9902 lr=0.002499 grad_norm=1.071 tok/s=32561.2 src_tok=687 tgt_tok=601 mem=52.7/197.4MB
[STEP e03 s0065/0605] avg_loss=1.9902 lr=0.002474 grad_norm=1.037 tok/s=50346.8 src_tok=767 tgt_tok=693 mem=62.6/206.7MB
[STEP e03 s0090/0605] avg_loss=1.9897 lr=0.002451 grad_norm=1.227 tok/s=48477.3 src_tok=697 tgt_tok=641 mem=57.6/218.5MB
[STEP e03 s0115/0605] avg_loss=1.9761 lr=0.002427 grad_norm=1.006 tok/s=40674.4 src_tok=702 tgt_tok=643 mem=57.6/218.5MB
[STEP e03 s0140/0605] avg_loss=1.9783 lr=0.002405 grad_norm=1.093 tok/s=43643.3 src_tok=707 tgt_tok=647 mem=57.1/218.5MB
[STEP e03 s0165/0605] avg_loss=1.9684 lr=0.002383 grad_norm=1.064 tok/s=40844.3 src_tok=708 tgt_tok=599 mem=53.8/218.5MB
[STEP e03 s0190/0605] avg_loss=1.9631 lr=0.002361 grad_norm=1.109 tok/s=31486.8 src_tok=717 tgt_tok=637 mem=58.2/218.5MB
[STEP e03 s0215/0605] avg_loss=1.9612 lr=0.002341 grad_norm=1.062 tok/s=46881.2 src_tok=723 tgt_tok=670 mem=57.6/218.5MB
[STEP e03 s0240/0605] avg_loss=1.9614 lr=0.002320 grad_norm=1.108 tok/s=28792.4 src_tok=736 tgt_tok=650 mem=56.8/218.5MB
[STEP e03 s0265/0605] avg_loss=1.9589 lr=0.002301 grad_norm=1.087 tok/s=47670.2 src_tok=741 tgt_tok=672 mem=59.3/218.5MB
[STEP e03 s0290/0605] avg_loss=1.9572 lr=0.002281 grad_norm=1.194 tok/s=37086.4 src_tok=724 tgt_tok=636 mem=54.9/218.5MB
[STEP e03 s0315/0605] avg_loss=1.9539 lr=0.002263 grad_norm=1.028 tok/s=46676.3 src_tok=723 tgt_tok=650 mem=57.6/218.5MB
[STEP e03 s0340/0605] avg_loss=1.9511 lr=0.002244 grad_norm=1.060 tok/s=21464.3 src_tok=723 tgt_tok=637 mem=56.8/218.5MB
[STEP e03 s0365/0605] avg_loss=1.9530 lr=0.002226 grad_norm=1.082 tok/s=20198.8 src_tok=737 tgt_tok=672 mem=59.3/218.5MB
[STEP e03 s0390/0605] avg_loss=1.9514 lr=0.002209 grad_norm=1.041 tok/s=36268.8 src_tok=700 tgt_tok=641 mem=58.7/218.5MB
[STEP e03 s0415/0605] avg_loss=1.9492 lr=0.002192 grad_norm=1.011 tok/s=42008.9 src_tok=751 tgt_tok=659 mem=54.9/218.5MB
[STEP e03 s0440/0605] avg_loss=1.9501 lr=0.002175 grad_norm=1.108 tok/s=50813.7 src_tok=775 tgt_tok=695 mem=58.7/218.5MB
[STEP e03 s0465/0605] avg_loss=1.9482 lr=0.002159 grad_norm=1.163 tok/s=33178.0 src_tok=688 tgt_tok=605 mem=58.7/218.5MB
[STEP e03 s0490/0605] avg_loss=1.9466 lr=0.002143 grad_norm=1.054 tok/s=38682.1 src_tok=685 tgt_tok=626 mem=55.4/218.5MB
[STEP e03 s0515/0605] avg_loss=1.9458 lr=0.002128 grad_norm=1.019 tok/s=43407.6 src_tok=699 tgt_tok=606 mem=58.7/218.5MB
[STEP e03 s0540/0605] avg_loss=1.9429 lr=0.002112 grad_norm=1.060 tok/s=49513.5 src_tok=763 tgt_tok=673 mem=56.8/218.5MB
[STEP e03 s0565/0605] avg_loss=1.9432 lr=0.002097 grad_norm=1.040 tok/s=43560.9 src_tok=729 tgt_tok=631 mem=58.7/218.5MB
[STEP e03 s0590/0605] avg_loss=1.9411 lr=0.002083 grad_norm=1.092 tok/s=41963.9 src_tok=780 tgt_tok=692 mem=55.4/218.5MB
[STEP e03 s0605/0605] avg_loss=1.9389 lr=0.002074 grad_norm=2.646 tok/s=5478.4 src_tok=98 tgt_tok=91 mem=44.6/218.5MB
[EPOCH 03] train_loss=1.9389 train_ppl=6.95 val_loss=1.7300 val_bleu=31.08 val_chrf=55.66 val_token_acc=41.17 peak_mem=218.5MB time=00:26 samples=valid_epoch_03.txt
[INFO] new best checkpoint saved at epoch 3 (val_bleu=31.08)
[STEP e04 s0010/0605] avg_loss=1.6732 lr=0.002068 grad_norm=1.093 tok/s=42328.5 src_tok=734 tgt_tok=621 mem=55.4/184.0MB
[STEP e04 s0035/0605] avg_loss=1.6916 lr=0.002054 grad_norm=1.090 tok/s=35042.2 src_tok=693 tgt_tok=616 mem=59.8/215.7MB
[STEP e04 s0060/0605] avg_loss=1.6945 lr=0.002041 grad_norm=1.095 tok/s=35574.8 src_tok=688 tgt_tok=594 mem=55.4/215.7MB
[STEP e04 s0085/0605] avg_loss=1.6901 lr=0.002027 grad_norm=1.080 tok/s=45500.3 src_tok=677 tgt_tok=642 mem=56.0/215.7MB
[STEP e04 s0110/0605] avg_loss=1.6908 lr=0.002014 grad_norm=1.096 tok/s=44649.5 src_tok=713 tgt_tok=650 mem=56.5/215.7MB
[STEP e04 s0135/0605] avg_loss=1.6951 lr=0.002001 grad_norm=1.099 tok/s=43103.2 src_tok=724 tgt_tok=657 mem=56.0/215.7MB
[STEP e04 s0160/0605] avg_loss=1.6941 lr=0.001988 grad_norm=1.095 tok/s=35882.1 src_tok=786 tgt_tok=721 mem=58.7/215.7MB
[STEP e04 s0185/0605] avg_loss=1.6945 lr=0.001976 grad_norm=1.089 tok/s=30953.8 src_tok=713 tgt_tok=649 mem=56.8/217.9MB
[STEP e04 s0210/0605] avg_loss=1.6924 lr=0.001964 grad_norm=1.195 tok/s=41487.0 src_tok=708 tgt_tok=661 mem=57.1/217.9MB
[STEP e04 s0235/0605] avg_loss=1.6938 lr=0.001952 grad_norm=1.199 tok/s=23322.9 src_tok=723 tgt_tok=643 mem=57.6/217.9MB
[STEP e04 s0260/0605] avg_loss=1.6975 lr=0.001940 grad_norm=1.125 tok/s=19264.8 src_tok=734 tgt_tok=669 mem=58.7/217.9MB
[STEP e04 s0285/0605] avg_loss=1.6978 lr=0.001928 grad_norm=1.130 tok/s=24081.2 src_tok=696 tgt_tok=596 mem=56.0/217.9MB
[STEP e04 s0310/0605] avg_loss=1.6957 lr=0.001917 grad_norm=1.150 tok/s=36455.0 src_tok=707 tgt_tok=656 mem=57.6/217.9MB
[STEP e04 s0335/0605] avg_loss=1.6980 lr=0.001906 grad_norm=1.094 tok/s=44160.0 src_tok=696 tgt_tok=629 mem=55.4/217.9MB
[STEP e04 s0360/0605] avg_loss=1.7008 lr=0.001895 grad_norm=1.033 tok/s=34629.5 src_tok=757 tgt_tok=685 mem=56.8/217.9MB
[STEP e04 s0385/0605] avg_loss=1.7001 lr=0.001884 grad_norm=1.209 tok/s=35651.0 src_tok=716 tgt_tok=623 mem=57.6/217.9MB
[STEP e04 s0410/0605] avg_loss=1.6988 lr=0.001873 grad_norm=1.071 tok/s=41179.1 src_tok=710 tgt_tok=650 mem=55.4/217.9MB
[STEP e04 s0435/0605] avg_loss=1.7022 lr=0.001863 grad_norm=1.130 tok/s=39718.8 src_tok=635 tgt_tok=577 mem=56.8/217.9MB
[STEP e04 s0460/0605] avg_loss=1.7045 lr=0.001853 grad_norm=1.124 tok/s=36976.4 src_tok=732 tgt_tok=636 mem=57.6/217.9MB
[STEP e04 s0485/0605] avg_loss=1.7037 lr=0.001843 grad_norm=1.193 tok/s=43989.9 src_tok=717 tgt_tok=646 mem=57.1/218.1MB
[STEP e04 s0510/0605] avg_loss=1.7071 lr=0.001833 grad_norm=1.166 tok/s=40560.4 src_tok=688 tgt_tok=611 mem=54.9/218.1MB
[STEP e04 s0535/0605] avg_loss=1.7071 lr=0.001823 grad_norm=1.028 tok/s=44367.5 src_tok=743 tgt_tok=654 mem=56.5/218.1MB
[STEP e04 s0560/0605] avg_loss=1.7082 lr=0.001813 grad_norm=1.221 tok/s=46896.5 src_tok=720 tgt_tok=640 mem=55.4/218.1MB
[STEP e04 s0585/0605] avg_loss=1.7069 lr=0.001804 grad_norm=1.025 tok/s=45197.4 src_tok=719 tgt_tok=664 mem=54.3/218.1MB
[STEP e04 s0605/0605] avg_loss=1.7074 lr=0.001796 grad_norm=2.518 tok/s=7834.1 src_tok=128 tgt_tok=110 mem=44.7/218.1MB
[EPOCH 04] train_loss=1.7074 train_ppl=5.51 val_loss=1.5928 val_bleu=34.17 val_chrf=59.24 val_token_acc=42.30 peak_mem=218.1MB time=00:26 samples=valid_epoch_04.txt
[INFO] new best checkpoint saved at epoch 4 (val_bleu=34.17)
[STEP e05 s0005/0605] avg_loss=1.5764 lr=0.001795 grad_norm=1.121 tok/s=47374.9 src_tok=758 tgt_tok=687 mem=57.1/190.2MB
[STEP e05 s0030/0605] avg_loss=1.5434 lr=0.001785 grad_norm=1.136 tok/s=43450.5 src_tok=690 tgt_tok=635 mem=56.8/200.6MB
[STEP e05 s0055/0605] avg_loss=1.5289 lr=0.001776 grad_norm=1.005 tok/s=44151.6 src_tok=699 tgt_tok=638 mem=56.0/208.3MB
[STEP e05 s0080/0605] avg_loss=1.5306 lr=0.001767 grad_norm=1.088 tok/s=48113.3 src_tok=758 tgt_tok=671 mem=60.7/208.3MB
[STEP e05 s0105/0605] avg_loss=1.5315 lr=0.001759 grad_norm=1.097 tok/s=37579.7 src_tok=672 tgt_tok=590 mem=53.8/208.3MB
[STEP e05 s0130/0605] avg_loss=1.5294 lr=0.001750 grad_norm=1.148 tok/s=47912.4 src_tok=755 tgt_tok=657 mem=56.8/208.3MB
[STEP e05 s0155/0605] avg_loss=1.5317 lr=0.001741 grad_norm=1.211 tok/s=39163.6 src_tok=711 tgt_tok=620 mem=58.2/208.3MB
[STEP e05 s0180/0605] avg_loss=1.5307 lr=0.001733 grad_norm=1.143 tok/s=41779.2 src_tok=709 tgt_tok=604 mem=56.0/208.3MB
[STEP e05 s0205/0605] avg_loss=1.5324 lr=0.001725 grad_norm=1.169 tok/s=42430.5 src_tok=680 tgt_tok=617 mem=55.4/208.3MB
[STEP e05 s0230/0605] avg_loss=1.5327 lr=0.001717 grad_norm=1.040 tok/s=44547.3 src_tok=720 tgt_tok=663 mem=57.1/208.3MB
[STEP e05 s0255/0605] avg_loss=1.5369 lr=0.001709 grad_norm=1.181 tok/s=50275.4 src_tok=764 tgt_tok=694 mem=64.2/215.8MB
[STEP e05 s0280/0605] avg_loss=1.5379 lr=0.001701 grad_norm=1.162 tok/s=41324.9 src_tok=671 tgt_tok=610 mem=56.8/215.8MB
[STEP e05 s0305/0605] avg_loss=1.5371 lr=0.001693 grad_norm=1.126 tok/s=38929.3 src_tok=707 tgt_tok=655 mem=56.0/215.8MB
[STEP e05 s0330/0605] avg_loss=1.5409 lr=0.001685 grad_norm=1.141 tok/s=43202.1 src_tok=688 tgt_tok=618 mem=57.1/215.8MB
[STEP e05 s0355/0605] avg_loss=1.5420 lr=0.001678 grad_norm=1.190 tok/s=43617.6 src_tok=747 tgt_tok=670 mem=56.8/215.8MB
[STEP e05 s0380/0605] avg_loss=1.5429 lr=0.001670 grad_norm=1.179 tok/s=48765.6 src_tok=728 tgt_tok=641 mem=57.1/215.8MB
[STEP e05 s0405/0605] avg_loss=1.5435 lr=0.001663 grad_norm=1.016 tok/s=48080.3 src_tok=753 tgt_tok=683 mem=57.1/215.8MB
[STEP e05 s0430/0605] avg_loss=1.5456 lr=0.001655 grad_norm=1.153 tok/s=37393.0 src_tok=661 tgt_tok=593 mem=52.7/215.8MB
[STEP e05 s0455/0605] avg_loss=1.5473 lr=0.001648 grad_norm=1.082 tok/s=42883.9 src_tok=730 tgt_tok=656 mem=56.0/218.1MB
[STEP e05 s0480/0605] avg_loss=1.5496 lr=0.001641 grad_norm=1.189 tok/s=45742.0 src_tok=734 tgt_tok=662 mem=58.7/218.1MB
[STEP e05 s0505/0605] avg_loss=1.5521 lr=0.001634 grad_norm=1.112 tok/s=43127.8 src_tok=694 tgt_tok=643 mem=56.8/218.1MB
[STEP e05 s0530/0605] avg_loss=1.5551 lr=0.001627 grad_norm=1.063 tok/s=52344.8 src_tok=767 tgt_tok=697 mem=56.8/218.1MB
[STEP e05 s0555/0605] avg_loss=1.5548 lr=0.001620 grad_norm=1.038 tok/s=47681.5 src_tok=742 tgt_tok=689 mem=57.1/218.1MB
[STEP e05 s0580/0605] avg_loss=1.5559 lr=0.001613 grad_norm=1.117 tok/s=51196.2 src_tok=761 tgt_tok=672 mem=59.3/218.1MB
[STEP e05 s0605/0605] avg_loss=1.5576 lr=0.001607 grad_norm=3.105 tok/s=6667.8 src_tok=111 tgt_tok=99 mem=44.8/218.1MB
[EPOCH 05] train_loss=1.5576 train_ppl=4.75 val_loss=1.5247 val_bleu=35.43 val_chrf=60.79 val_token_acc=42.22 peak_mem=218.1MB time=00:23 samples=valid_epoch_05.txt
[INFO] new best checkpoint saved at epoch 5 (val_bleu=35.43)
[STEP e06 s0025/0605] avg_loss=1.3817 lr=0.001600 grad_norm=1.171 tok/s=47251.4 src_tok=745 tgt_tok=672 mem=59.3/191.9MB
[STEP e06 s0050/0605] avg_loss=1.3913 lr=0.001594 grad_norm=1.211 tok/s=42319.8 src_tok=720 tgt_tok=657 mem=60.7/218.1MB
[STEP e06 s0075/0605] avg_loss=1.3936 lr=0.001587 grad_norm=1.219 tok/s=49287.9 src_tok=765 tgt_tok=664 mem=57.6/218.1MB
[STEP e06 s0100/0605] avg_loss=1.3959 lr=0.001581 grad_norm=1.117 tok/s=33718.7 src_tok=689 tgt_tok=605 mem=54.3/218.1MB
[STEP e06 s0125/0605] avg_loss=1.3964 lr=0.001575 grad_norm=1.142 tok/s=42032.9 src_tok=718 tgt_tok=624 mem=57.6/218.1MB
[STEP e06 s0150/0605] avg_loss=1.4057 lr=0.001568 grad_norm=1.088 tok/s=43633.1 src_tok=719 tgt_tok=647 mem=54.9/218.1MB
[STEP e06 s0175/0605] avg_loss=1.4086 lr=0.001562 grad_norm=1.200 tok/s=41494.7 src_tok=760 tgt_tok=693 mem=57.1/218.1MB
[STEP e06 s0200/0605] avg_loss=1.4102 lr=0.001556 grad_norm=1.161 tok/s=44603.4 src_tok=698 tgt_tok=627 mem=54.9/218.1MB
[STEP e06 s0225/0605] avg_loss=1.4173 lr=0.001550 grad_norm=1.105 tok/s=39459.0 src_tok=714 tgt_tok=627 mem=54.3/218.1MB
[STEP e06 s0250/0605] avg_loss=1.4240 lr=0.001544 grad_norm=1.140 tok/s=47345.5 src_tok=792 tgt_tok=708 mem=62.0/218.1MB
[STEP e06 s0275/0605] avg_loss=1.4232 lr=0.001538 grad_norm=1.183 tok/s=41386.6 src_tok=715 tgt_tok=655 mem=57.6/218.1MB
[STEP e06 s0300/0605] avg_loss=1.4252 lr=0.001533 grad_norm=1.110 tok/s=29863.1 src_tok=734 tgt_tok=654 mem=63.1/218.1MB
[STEP e06 s0325/0605] avg_loss=1.4243 lr=0.001527 grad_norm=1.113 tok/s=38866.2 src_tok=715 tgt_tok=639 mem=54.3/218.1MB
[STEP e06 s0350/0605] avg_loss=1.4301 lr=0.001521 grad_norm=1.232 tok/s=44647.1 src_tok=733 tgt_tok=647 mem=56.8/218.1MB
[STEP e06 s0375/0605] avg_loss=1.4331 lr=0.001516 grad_norm=1.268 tok/s=44569.2 src_tok=730 tgt_tok=634 mem=56.5/218.1MB
[STEP e06 s0400/0605] avg_loss=1.4348 lr=0.001510 grad_norm=1.139 tok/s=53681.6 src_tok=746 tgt_tok=675 mem=58.7/218.1MB
[STEP e06 s0425/0605] avg_loss=1.4342 lr=0.001505 grad_norm=1.172 tok/s=46634.2 src_tok=768 tgt_tok=677 mem=55.4/218.1MB
[STEP e06 s0450/0605] avg_loss=1.4385 lr=0.001499 grad_norm=1.205 tok/s=46706.9 src_tok=716 tgt_tok=638 mem=54.9/218.1MB
[STEP e06 s0475/0605] avg_loss=1.4402 lr=0.001494 grad_norm=1.145 tok/s=25791.0 src_tok=734 tgt_tok=633 mem=54.9/218.1MB
[STEP e06 s0500/0605] avg_loss=1.4414 lr=0.001489 grad_norm=1.163 tok/s=42384.2 src_tok=748 tgt_tok=650 mem=55.4/218.1MB
[STEP e06 s0525/0605] avg_loss=1.4435 lr=0.001483 grad_norm=1.198 tok/s=48817.8 src_tok=701 tgt_tok=645 mem=58.7/218.1MB
[STEP e06 s0550/0605] avg_loss=1.4463 lr=0.001478 grad_norm=1.179 tok/s=37109.2 src_tok=723 tgt_tok=631 mem=55.4/218.1MB
[STEP e06 s0575/0605] avg_loss=1.4476 lr=0.001473 grad_norm=1.219 tok/s=44016.6 src_tok=702 tgt_tok=640 mem=54.9/218.1MB
[STEP e06 s0600/0605] avg_loss=1.4502 lr=0.001468 grad_norm=1.197 tok/s=36207.1 src_tok=786 tgt_tok=721 mem=62.0/218.1MB
[STEP e06 s0605/0605] avg_loss=1.4510 lr=0.001467 grad_norm=2.772 tok/s=3890.9 src_tok=118 tgt_tok=107 mem=44.2/218.1MB
[EPOCH 06] train_loss=1.4510 train_ppl=4.27 val_loss=1.4948 val_bleu=35.68 val_chrf=60.73 val_token_acc=41.48 peak_mem=218.1MB time=00:25 samples=valid_epoch_06.txt
[INFO] new best checkpoint saved at epoch 6 (val_bleu=35.68)
[STEP e07 s0020/0605] avg_loss=1.3137 lr=0.001463 grad_norm=1.096 tok/s=43302.1 src_tok=714 tgt_tok=622 mem=57.1/206.5MB
[STEP e07 s0045/0605] avg_loss=1.3144 lr=0.001458 grad_norm=1.066 tok/s=24402.5 src_tok=746 tgt_tok=671 mem=58.7/216.5MB
[STEP e07 s0070/0605] avg_loss=1.3177 lr=0.001453 grad_norm=1.302 tok/s=37060.2 src_tok=736 tgt_tok=649 mem=58.7/216.5MB
[STEP e07 s0095/0605] avg_loss=1.3174 lr=0.001448 grad_norm=1.122 tok/s=35810.2 src_tok=743 tgt_tok=654 mem=56.8/216.5MB
[STEP e07 s0120/0605] avg_loss=1.3182 lr=0.001443 grad_norm=1.104 tok/s=29518.9 src_tok=722 tgt_tok=655 mem=56.5/216.5MB
[STEP e07 s0145/0605] avg_loss=1.3211 lr=0.001438 grad_norm=1.201 tok/s=28287.4 src_tok=734 tgt_tok=676 mem=60.9/216.5MB
[STEP e07 s0170/0605] avg_loss=1.3238 lr=0.001434 grad_norm=1.100 tok/s=35757.0 src_tok=680 tgt_tok=649 mem=62.6/216.5MB
[STEP e07 s0195/0605] avg_loss=1.3320 lr=0.001429 grad_norm=1.233 tok/s=41612.5 src_tok=734 tgt_tok=623 mem=54.9/216.5MB
[STEP e07 s0220/0605] avg_loss=1.3391 lr=0.001424 grad_norm=1.286 tok/s=38693.4 src_tok=721 tgt_tok=662 mem=57.1/216.5MB
[STEP e07 s0245/0605] avg_loss=1.3453 lr=0.001420 grad_norm=1.219 tok/s=48701.5 src_tok=727 tgt_tok=643 mem=56.8/216.5MB
[STEP e07 s0270/0605] avg_loss=1.3476 lr=0.001415 grad_norm=1.177 tok/s=35094.3 src_tok=768 tgt_tok=674 mem=60.4/216.5MB
[STEP e07 s0295/0605] avg_loss=1.3465 lr=0.001411 grad_norm=1.180 tok/s=37246.6 src_tok=721 tgt_tok=658 mem=56.5/216.5MB
[STEP e07 s0320/0605] avg_loss=1.3506 lr=0.001406 grad_norm=1.196 tok/s=50604.6 src_tok=757 tgt_tok=689 mem=56.0/216.5MB
[STEP e07 s0345/0605] avg_loss=1.3517 lr=0.001402 grad_norm=1.216 tok/s=37620.0 src_tok=728 tgt_tok=648 mem=57.1/216.5MB
[STEP e07 s0370/0605] avg_loss=1.3557 lr=0.001397 grad_norm=1.223 tok/s=43207.3 src_tok=701 tgt_tok=639 mem=58.7/216.5MB
[STEP e07 s0395/0605] avg_loss=1.3570 lr=0.001393 grad_norm=1.260 tok/s=29737.6 src_tok=703 tgt_tok=602 mem=57.6/216.5MB
[STEP e07 s0420/0605] avg_loss=1.3575 lr=0.001389 grad_norm=1.157 tok/s=45673.0 src_tok=683 tgt_tok=613 mem=53.2/216.5MB
[STEP e07 s0445/0605] avg_loss=1.3595 lr=0.001384 grad_norm=1.194 tok/s=45863.9 src_tok=693 tgt_tok=637 mem=56.0/216.5MB
[STEP e07 s0470/0605] avg_loss=1.3612 lr=0.001380 grad_norm=1.176 tok/s=28017.8 src_tok=688 tgt_tok=615 mem=55.4/217.9MB
[STEP e07 s0495/0605] avg_loss=1.3642 lr=0.001376 grad_norm=1.242 tok/s=33512.8 src_tok=660 tgt_tok=582 mem=55.4/217.9MB
[STEP e07 s0520/0605] avg_loss=1.3662 lr=0.001372 grad_norm=1.178 tok/s=41971.2 src_tok=710 tgt_tok=633 mem=54.9/217.9MB
[STEP e07 s0545/0605] avg_loss=1.3675 lr=0.001368 grad_norm=1.174 tok/s=49918.1 src_tok=742 tgt_tok=649 mem=58.2/217.9MB
[STEP e07 s0570/0605] avg_loss=1.3681 lr=0.001364 grad_norm=1.203 tok/s=30669.0 src_tok=695 tgt_tok=654 mem=62.6/217.9MB
[STEP e07 s0595/0605] avg_loss=1.3699 lr=0.001360 grad_norm=1.167 tok/s=35743.2 src_tok=721 tgt_tok=636 mem=56.8/218.1MB
[STEP e07 s0605/0605] avg_loss=1.3702 lr=0.001358 grad_norm=3.009 tok/s=7473.8 src_tok=136 tgt_tok=115 mem=44.9/218.1MB
[EPOCH 07] train_loss=1.3702 train_ppl=3.94 val_loss=1.4814 val_bleu=36.72 val_chrf=61.44 val_token_acc=42.58 peak_mem=218.1MB time=00:25 samples=valid_epoch_07.txt
[INFO] new best checkpoint saved at epoch 7 (val_bleu=36.72)
[STEP e08 s0015/0605] avg_loss=1.2695 lr=0.001356 grad_norm=1.176 tok/s=38467.5 src_tok=749 tgt_tok=648 mem=56.8/204.1MB
[STEP e08 s0040/0605] avg_loss=1.2393 lr=0.001352 grad_norm=1.128 tok/s=31729.6 src_tok=689 tgt_tok=645 mem=55.4/204.1MB
[STEP e08 s0065/0605] avg_loss=1.2281 lr=0.001348 grad_norm=1.193 tok/s=45063.7 src_tok=681 tgt_tok=598 mem=54.3/208.3MB
[STEP e08 s0090/0605] avg_loss=1.2302 lr=0.001344 grad_norm=1.162 tok/s=46506.4 src_tok=700 tgt_tok=648 mem=54.9/208.3MB
[STEP e08 s0115/0605] avg_loss=1.2332 lr=0.001340 grad_norm=1.066 tok/s=37513.7 src_tok=674 tgt_tok=603 mem=52.7/208.3MB
[STEP e08 s0140/0605] avg_loss=1.2381 lr=0.001336 grad_norm=1.145 tok/s=22692.0 src_tok=721 tgt_tok=662 mem=55.4/208.3MB
[STEP e08 s0165/0605] avg_loss=1.2424 lr=0.001332 grad_norm=1.217 tok/s=35914.5 src_tok=740 tgt_tok=655 mem=56.8/208.3MB
[STEP e08 s0190/0605] avg_loss=1.2527 lr=0.001329 grad_norm=1.151 tok/s=48566.6 src_tok=753 tgt_tok=673 mem=56.5/208.3MB
[STEP e08 s0215/0605] avg_loss=1.2537 lr=0.001325 grad_norm=1.128 tok/s=55147.1 src_tok=772 tgt_tok=692 mem=61.5/208.3MB
[STEP e08 s0240/0605] avg_loss=1.2570 lr=0.001321 grad_norm=1.308 tok/s=41351.8 src_tok=755 tgt_tok=653 mem=54.9/208.3MB
[STEP e08 s0265/0605] avg_loss=1.2605 lr=0.001317 grad_norm=1.177 tok/s=50323.9 src_tok=709 tgt_tok=649 mem=55.4/208.3MB
[STEP e08 s0290/0605] avg_loss=1.2641 lr=0.001314 grad_norm=1.159 tok/s=43020.6 src_tok=729 tgt_tok=658 mem=57.6/215.7MB
[STEP e08 s0315/0605] avg_loss=1.2702 lr=0.001310 grad_norm=1.166 tok/s=35727.4 src_tok=722 tgt_tok=662 mem=56.5/215.7MB
[STEP e08 s0340/0605] avg_loss=1.2750 lr=0.001307 grad_norm=1.298 tok/s=46099.7 src_tok=729 tgt_tok=658 mem=60.9/215.7MB
[STEP e08 s0365/0605] avg_loss=1.2795 lr=0.001303 grad_norm=1.207 tok/s=47298.2 src_tok=732 tgt_tok=646 mem=55.4/218.1MB
[STEP e08 s0390/0605] avg_loss=1.2849 lr=0.001300 grad_norm=1.236 tok/s=43374.0 src_tok=753 tgt_tok=698 mem=58.2/218.1MB
[STEP e08 s0415/0605] avg_loss=1.2873 lr=0.001296 grad_norm=1.082 tok/s=40838.5 src_tok=666 tgt_tok=600 mem=64.2/218.1MB
[STEP e08 s0440/0605] avg_loss=1.2880 lr=0.001293 grad_norm=1.266 tok/s=30385.9 src_tok=706 tgt_tok=647 mem=60.4/218.1MB
[STEP e08 s0465/0605] avg_loss=1.2916 lr=0.001289 grad_norm=1.219 tok/s=49416.3 src_tok=711 tgt_tok=630 mem=60.4/218.1MB
[STEP e08 s0490/0605] avg_loss=1.2948 lr=0.001286 grad_norm=1.263 tok/s=45430.8 src_tok=715 tgt_tok=660 mem=57.6/218.1MB
[STEP e08 s0515/0605] avg_loss=1.2995 lr=0.001282 grad_norm=1.187 tok/s=50088.3 src_tok=777 tgt_tok=709 mem=64.2/218.5MB
[STEP e08 s0540/0605] avg_loss=1.3016 lr=0.001279 grad_norm=1.206 tok/s=41619.6 src_tok=701 tgt_tok=614 mem=54.3/218.5MB
[STEP e08 s0565/0605] avg_loss=1.3025 lr=0.001276 grad_norm=1.216 tok/s=44532.0 src_tok=686 tgt_tok=607 mem=59.3/218.5MB
[STEP e08 s0590/0605] avg_loss=1.3044 lr=0.001272 grad_norm=1.177 tok/s=46175.6 src_tok=705 tgt_tok=625 mem=57.1/218.5MB
[STEP e08 s0605/0605] avg_loss=1.3033 lr=0.001270 grad_norm=2.384 tok/s=7425.9 src_tok=111 tgt_tok=102 mem=44.2/218.5MB
[EPOCH 08] train_loss=1.3033 train_ppl=3.68 val_loss=1.4389 val_bleu=38.93 val_chrf=62.77 val_token_acc=44.42 peak_mem=218.5MB time=00:24 samples=valid_epoch_08.txt
[INFO] new best checkpoint saved at epoch 8 (val_bleu=38.93)
[STEP e09 s0010/0605] avg_loss=1.1944 lr=0.001269 grad_norm=1.245 tok/s=39042.5 src_tok=712 tgt_tok=635 mem=56.8/182.7MB
[STEP e09 s0035/0605] avg_loss=1.1830 lr=0.001266 grad_norm=1.171 tok/s=36887.3 src_tok=689 tgt_tok=614 mem=54.3/191.0MB
[STEP e09 s0060/0605] avg_loss=1.1934 lr=0.001263 grad_norm=1.208 tok/s=47898.9 src_tok=747 tgt_tok=690 mem=60.7/201.0MB
[STEP e09 s0085/0605] avg_loss=1.1945 lr=0.001259 grad_norm=1.117 tok/s=49488.1 src_tok=773 tgt_tok=689 mem=58.2/208.1MB
[STEP e09 s0110/0605] avg_loss=1.2009 lr=0.001256 grad_norm=1.206 tok/s=44000.9 src_tok=703 tgt_tok=631 mem=56.8/208.1MB
[STEP e09 s0135/0605] avg_loss=1.1982 lr=0.001253 grad_norm=1.197 tok/s=45774.5 src_tok=718 tgt_tok=624 mem=55.4/208.1MB
[STEP e09 s0160/0605] avg_loss=1.2058 lr=0.001250 grad_norm=1.180 tok/s=42296.2 src_tok=728 tgt_tok=648 mem=56.8/208.1MB
[STEP e09 s0185/0605] avg_loss=1.2122 lr=0.001247 grad_norm=1.227 tok/s=34655.2 src_tok=704 tgt_tok=647 mem=58.7/215.7MB
[STEP e09 s0210/0605] avg_loss=1.2123 lr=0.001244 grad_norm=1.225 tok/s=44310.5 src_tok=706 tgt_tok=624 mem=55.4/215.7MB
[STEP e09 s0235/0605] avg_loss=1.2155 lr=0.001241 grad_norm=1.350 tok/s=49753.2 src_tok=725 tgt_tok=658 mem=57.1/216.5MB
[STEP e09 s0260/0605] avg_loss=1.2158 lr=0.001238 grad_norm=1.348 tok/s=45899.5 src_tok=717 tgt_tok=640 mem=59.3/216.5MB
[STEP e09 s0285/0605] avg_loss=1.2237 lr=0.001235 grad_norm=1.355 tok/s=41198.7 src_tok=663 tgt_tok=574 mem=54.5/218.1MB
[STEP e09 s0310/0605] avg_loss=1.2299 lr=0.001232 grad_norm=1.322 tok/s=44871.5 src_tok=717 tgt_tok=674 mem=56.8/218.1MB
[STEP e09 s0335/0605] avg_loss=1.2341 lr=0.001229 grad_norm=1.266 tok/s=36104.3 src_tok=710 tgt_tok=645 mem=55.4/218.1MB
[STEP e09 s0360/0605] avg_loss=1.2367 lr=0.001226 grad_norm=1.213 tok/s=37460.9 src_tok=741 tgt_tok=683 mem=57.1/218.1MB
[STEP e09 s0385/0605] avg_loss=1.2393 lr=0.001223 grad_norm=1.318 tok/s=46430.3 src_tok=736 tgt_tok=653 mem=60.7/218.1MB
[STEP e09 s0410/0605] avg_loss=1.2405 lr=0.001220 grad_norm=1.218 tok/s=41876.8 src_tok=707 tgt_tok=633 mem=56.5/218.1MB
[STEP e09 s0435/0605] avg_loss=1.2424 lr=0.001217 grad_norm=1.191 tok/s=26923.6 src_tok=727 tgt_tok=660 mem=56.8/218.1MB
[STEP e09 s0460/0605] avg_loss=1.2443 lr=0.001214 grad_norm=1.276 tok/s=41301.8 src_tok=692 tgt_tok=629 mem=57.6/218.1MB
[STEP e09 s0485/0605] avg_loss=1.2459 lr=0.001211 grad_norm=1.339 tok/s=45828.2 src_tok=700 tgt_tok=638 mem=55.4/218.1MB
[STEP e09 s0510/0605] avg_loss=1.2489 lr=0.001208 grad_norm=1.279 tok/s=44032.5 src_tok=723 tgt_tok=643 mem=60.7/218.1MB
[STEP e09 s0535/0605] avg_loss=1.2499 lr=0.001205 grad_norm=1.140 tok/s=46870.5 src_tok=708 tgt_tok=647 mem=55.4/218.1MB
[STEP e09 s0560/0605] avg_loss=1.2505 lr=0.001203 grad_norm=1.127 tok/s=41264.9 src_tok=705 tgt_tok=619 mem=53.8/218.1MB
[STEP e09 s0585/0605] avg_loss=1.2520 lr=0.001200 grad_norm=1.074 tok/s=47950.8 src_tok=732 tgt_tok=646 mem=59.3/218.1MB
[STEP e09 s0605/0605] avg_loss=1.2532 lr=0.001198 grad_norm=inf tok/s=7435.2 src_tok=117 tgt_tok=97 mem=44.1/218.1MB
[EPOCH 09] train_loss=1.2532 train_ppl=3.50 val_loss=1.4377 val_bleu=38.22 val_chrf=62.46 val_token_acc=44.19 peak_mem=218.1MB time=00:24 samples=valid_epoch_09.txt
[INFO] patience 1/5
[STEP e10 s0005/0605] avg_loss=1.1911 lr=0.001197 grad_norm=1.249 tok/s=42902.4 src_tok=737 tgt_tok=673 mem=56.0/176.4MB
[STEP e10 s0030/0605] avg_loss=1.1457 lr=0.001194 grad_norm=1.213 tok/s=39016.0 src_tok=725 tgt_tok=641 mem=53.2/191.0MB
[STEP e10 s0055/0605] avg_loss=1.1350 lr=0.001192 grad_norm=1.115 tok/s=31061.9 src_tok=708 tgt_tok=628 mem=55.4/200.6MB
[STEP e10 s0080/0605] avg_loss=1.1435 lr=0.001189 grad_norm=1.163 tok/s=46083.7 src_tok=710 tgt_tok=628 mem=55.4/200.6MB
[STEP e10 s0105/0605] avg_loss=1.1506 lr=0.001186 grad_norm=1.167 tok/s=24243.2 src_tok=760 tgt_tok=699 mem=57.6/200.6MB
[STEP e10 s0130/0605] avg_loss=1.1535 lr=0.001184 grad_norm=1.284 tok/s=15610.9 src_tok=715 tgt_tok=652 mem=55.4/208.3MB
[STEP e10 s0155/0605] avg_loss=1.1596 lr=0.001181 grad_norm=1.215 tok/s=22703.8 src_tok=718 tgt_tok=657 mem=53.8/208.3MB
[STEP e10 s0180/0605] avg_loss=1.1628 lr=0.001178 grad_norm=1.414 tok/s=23705.8 src_tok=686 tgt_tok=597 mem=54.9/208.3MB
[STEP e10 s0205/0605] avg_loss=1.1642 lr=0.001176 grad_norm=1.244 tok/s=16982.2 src_tok=700 tgt_tok=620 mem=57.6/208.3MB
[STEP e10 s0230/0605] avg_loss=1.1626 lr=0.001173 grad_norm=1.249 tok/s=41004.2 src_tok=779 tgt_tok=688 mem=57.6/208.3MB
[STEP e10 s0255/0605] avg_loss=1.1674 lr=0.001171 grad_norm=1.249 tok/s=21609.7 src_tok=706 tgt_tok=619 mem=55.4/208.3MB
[STEP e10 s0280/0605] avg_loss=1.1693 lr=0.001168 grad_norm=1.283 tok/s=39521.4 src_tok=696 tgt_tok=630 mem=56.8/208.3MB
[STEP e10 s0305/0605] avg_loss=1.1713 lr=0.001166 grad_norm=1.310 tok/s=30378.0 src_tok=744 tgt_tok=672 mem=57.6/208.3MB
[STEP e10 s0330/0605] avg_loss=1.1750 lr=0.001163 grad_norm=1.316 tok/s=20763.4 src_tok=698 tgt_tok=631 mem=55.4/218.1MB
[STEP e10 s0355/0605] avg_loss=1.1787 lr=0.001160 grad_norm=1.176 tok/s=24223.4 src_tok=727 tgt_tok=654 mem=56.8/218.1MB
[STEP e10 s0380/0605] avg_loss=1.1804 lr=0.001158 grad_norm=1.217 tok/s=30051.8 src_tok=732 tgt_tok=681 mem=56.0/218.1MB
[STEP e10 s0405/0605] avg_loss=1.1854 lr=0.001156 grad_norm=1.193 tok/s=36067.0 src_tok=741 tgt_tok=649 mem=56.0/218.1MB
[STEP e10 s0430/0605] avg_loss=1.1855 lr=0.001153 grad_norm=1.193 tok/s=23715.7 src_tok=726 tgt_tok=667 mem=57.6/218.1MB
[STEP e10 s0455/0605] avg_loss=1.1871 lr=0.001151 grad_norm=1.270 tok/s=25336.1 src_tok=747 tgt_tok=672 mem=59.3/218.5MB
[STEP e10 s0480/0605] avg_loss=1.1915 lr=0.001148 grad_norm=1.225 tok/s=23123.7 src_tok=752 tgt_tok=673 mem=56.8/218.5MB
[STEP e10 s0505/0605] avg_loss=1.1942 lr=0.001146 grad_norm=1.143 tok/s=24263.3 src_tok=712 tgt_tok=635 mem=54.3/218.5MB
[STEP e10 s0530/0605] avg_loss=1.1963 lr=0.001143 grad_norm=1.271 tok/s=37800.4 src_tok=706 tgt_tok=617 mem=53.2/218.5MB
[STEP e10 s0555/0605] avg_loss=1.1995 lr=0.001141 grad_norm=1.205 tok/s=22735.4 src_tok=724 tgt_tok=653 mem=56.8/218.5MB
[STEP e10 s0580/0605] avg_loss=1.2021 lr=0.001139 grad_norm=1.189 tok/s=27042.8 src_tok=726 tgt_tok=653 mem=54.9/218.5MB
[STEP e10 s0605/0605] avg_loss=1.2066 lr=0.001136 grad_norm=3.386 tok/s=5966.9 src_tok=117 tgt_tok=101 mem=44.9/218.5MB
[EPOCH 10] train_loss=1.2066 train_ppl=3.34 val_loss=1.4016 val_bleu=39.04 val_chrf=63.67 val_token_acc=43.72 peak_mem=218.5MB time=00:36 samples=valid_epoch_10.txt
[INFO] new best checkpoint saved at epoch 10 (val_bleu=39.04)
[STEP e11 s0025/0605] avg_loss=1.0850 lr=0.001134 grad_norm=1.220 tok/s=37771.1 src_tok=714 tgt_tok=656 mem=55.4/198.5MB
[STEP e11 s0050/0605] avg_loss=1.0892 lr=0.001132 grad_norm=1.215 tok/s=24433.9 src_tok=757 tgt_tok=682 mem=56.8/198.5MB
[STEP e11 s0075/0605] avg_loss=1.0916 lr=0.001129 grad_norm=1.201 tok/s=40566.3 src_tok=690 tgt_tok=605 mem=57.1/198.5MB
[STEP e11 s0100/0605] avg_loss=1.0999 lr=0.001127 grad_norm=1.209 tok/s=26815.8 src_tok=713 tgt_tok=655 mem=56.8/201.0MB
[STEP e11 s0125/0605] avg_loss=1.1005 lr=0.001125 grad_norm=1.170 tok/s=35767.3 src_tok=673 tgt_tok=614 mem=54.9/207.9MB
[STEP e11 s0150/0605] avg_loss=1.1112 lr=0.001122 grad_norm=1.360 tok/s=36966.0 src_tok=711 tgt_tok=641 mem=62.6/215.7MB
[STEP e11 s0175/0605] avg_loss=1.1190 lr=0.001120 grad_norm=1.395 tok/s=24530.9 src_tok=708 tgt_tok=617 mem=57.6/215.7MB
[STEP e11 s0200/0605] avg_loss=1.1281 lr=0.001118 grad_norm=1.269 tok/s=22447.9 src_tok=721 tgt_tok=626 mem=55.4/215.7MB
[STEP e11 s0225/0605] avg_loss=1.1309 lr=0.001116 grad_norm=1.333 tok/s=37325.2 src_tok=701 tgt_tok=606 mem=55.4/215.7MB
[STEP e11 s0250/0605] avg_loss=1.1324 lr=0.001114 grad_norm=1.370 tok/s=31770.7 src_tok=723 tgt_tok=660 mem=60.4/218.2MB
[STEP e11 s0275/0605] avg_loss=1.1357 lr=0.001111 grad_norm=1.217 tok/s=35134.8 src_tok=728 tgt_tok=652 mem=54.3/218.2MB
[STEP e11 s0300/0605] avg_loss=1.1375 lr=0.001109 grad_norm=1.292 tok/s=24439.6 src_tok=688 tgt_tok=607 mem=55.4/218.2MB
[STEP e11 s0325/0605] avg_loss=1.1412 lr=0.001107 grad_norm=1.256 tok/s=33666.6 src_tok=728 tgt_tok=686 mem=59.8/218.2MB
[STEP e11 s0350/0605] avg_loss=1.1427 lr=0.001105 grad_norm=1.308 tok/s=27615.4 src_tok=746 tgt_tok=662 mem=62.0/218.2MB
[STEP e11 s0375/0605] avg_loss=1.1430 lr=0.001103 grad_norm=1.297 tok/s=30778.1 src_tok=734 tgt_tok=651 mem=57.6/218.2MB
[STEP e11 s0400/0605] avg_loss=1.1485 lr=0.001100 grad_norm=1.239 tok/s=37055.3 src_tok=741 tgt_tok=667 mem=56.8/218.2MB
[STEP e11 s0425/0605] avg_loss=1.1494 lr=0.001098 grad_norm=1.296 tok/s=24948.2 src_tok=706 tgt_tok=619 mem=55.4/218.4MB
[STEP e11 s0450/0605] avg_loss=1.1517 lr=0.001096 grad_norm=1.265 tok/s=28279.7 src_tok=735 tgt_tok=665 mem=61.5/218.4MB
[STEP e11 s0475/0605] avg_loss=1.1529 lr=0.001094 grad_norm=1.210 tok/s=25991.9 src_tok=695 tgt_tok=631 mem=54.3/218.4MB
[STEP e11 s0500/0605] avg_loss=1.1579 lr=0.001092 grad_norm=1.289 tok/s=44352.6 src_tok=731 tgt_tok=646 mem=56.8/218.4MB
[STEP e11 s0525/0605] avg_loss=1.1602 lr=0.001090 grad_norm=1.371 tok/s=44021.2 src_tok=725 tgt_tok=643 mem=59.3/218.4MB
[STEP e11 s0550/0605] avg_loss=1.1633 lr=0.001088 grad_norm=1.282 tok/s=41715.6 src_tok=766 tgt_tok=685 mem=56.5/218.4MB
[STEP e11 s0575/0605] avg_loss=1.1647 lr=0.001086 grad_norm=1.349 tok/s=35873.1 src_tok=732 tgt_tok=618 mem=56.8/218.4MB
[STEP e11 s0600/0605] avg_loss=1.1666 lr=0.001084 grad_norm=1.236 tok/s=41786.7 src_tok=707 tgt_tok=651 mem=58.7/218.4MB
[STEP e11 s0605/0605] avg_loss=1.1666 lr=0.001083 grad_norm=3.666 tok/s=4682.7 src_tok=115 tgt_tok=103 mem=44.2/218.4MB
[EPOCH 11] train_loss=1.1666 train_ppl=3.21 val_loss=1.4432 val_bleu=38.13 val_chrf=63.12 val_token_acc=43.68 peak_mem=218.4MB time=00:27 samples=valid_epoch_11.txt
[INFO] patience 1/5
[STEP e12 s0020/0605] avg_loss=1.0881 lr=0.001082 grad_norm=1.266 tok/s=43563.3 src_tok=703 tgt_tok=629 mem=54.9/180.4MB
[STEP e12 s0045/0605] avg_loss=1.0546 lr=0.001080 grad_norm=1.241 tok/s=30129.2 src_tok=739 tgt_tok=648 mem=54.9/200.6MB
[STEP e12 s0070/0605] avg_loss=1.0593 lr=0.001078 grad_norm=1.197 tok/s=16342.8 src_tok=651 tgt_tok=579 mem=57.1/200.6MB
[STEP e12 s0095/0605] avg_loss=1.0677 lr=0.001076 grad_norm=1.261 tok/s=42002.1 src_tok=744 tgt_tok=642 mem=56.8/208.3MB
[STEP e12 s0120/0605] avg_loss=1.0730 lr=0.001074 grad_norm=1.348 tok/s=34048.6 src_tok=772 tgt_tok=692 mem=58.7/208.3MB
[STEP e12 s0145/0605] avg_loss=1.0795 lr=0.001072 grad_norm=1.408 tok/s=42137.9 src_tok=755 tgt_tok=657 mem=59.3/216.5MB
[STEP e12 s0170/0605] avg_loss=1.0774 lr=0.001070 grad_norm=1.137 tok/s=29505.3 src_tok=737 tgt_tok=637 mem=56.8/218.1MB
[STEP e12 s0195/0605] avg_loss=1.0791 lr=0.001068 grad_norm=1.321 tok/s=23806.6 src_tok=691 tgt_tok=621 mem=56.8/218.1MB
[STEP e12 s0220/0605] avg_loss=1.0817 lr=0.001066 grad_norm=1.340 tok/s=39641.9 src_tok=740 tgt_tok=653 mem=55.4/218.1MB
[STEP e12 s0245/0605] avg_loss=1.0874 lr=0.001064 grad_norm=1.284 tok/s=39131.9 src_tok=704 tgt_tok=634 mem=54.9/218.1MB
[STEP e12 s0270/0605] avg_loss=1.0908 lr=0.001062 grad_norm=1.276 tok/s=49286.0 src_tok=772 tgt_tok=670 mem=58.2/218.1MB
[STEP e12 s0295/0605] avg_loss=1.0967 lr=0.001060 grad_norm=1.223 tok/s=46471.6 src_tok=773 tgt_tok=681 mem=57.6/218.1MB
[STEP e12 s0320/0605] avg_loss=1.1001 lr=0.001058 grad_norm=1.363 tok/s=29544.6 src_tok=711 tgt_tok=634 mem=60.7/218.1MB
[STEP e12 s0345/0605] avg_loss=1.1047 lr=0.001056 grad_norm=1.254 tok/s=42808.1 src_tok=755 tgt_tok=681 mem=56.8/218.1MB
[STEP e12 s0370/0605] avg_loss=1.1057 lr=0.001054 grad_norm=1.316 tok/s=40098.5 src_tok=724 tgt_tok=659 mem=58.2/218.1MB
[STEP e12 s0395/0605] avg_loss=1.1077 lr=0.001053 grad_norm=1.209 tok/s=41518.1 src_tok=714 tgt_tok=649 mem=55.4/218.1MB
[STEP e12 s0420/0605] avg_loss=1.1117 lr=0.001051 grad_norm=1.446 tok/s=31075.8 src_tok=722 tgt_tok=624 mem=56.0/218.1MB
[STEP e12 s0445/0605] avg_loss=1.1148 lr=0.001049 grad_norm=1.318 tok/s=42121.9 src_tok=733 tgt_tok=652 mem=55.4/218.1MB
[STEP e12 s0470/0605] avg_loss=1.1179 lr=0.001047 grad_norm=1.368 tok/s=30813.9 src_tok=715 tgt_tok=631 mem=54.9/218.1MB
[STEP e12 s0495/0605] avg_loss=1.1212 lr=0.001045 grad_norm=1.290 tok/s=31216.1 src_tok=690 tgt_tok=606 mem=58.2/218.1MB
[STEP e12 s0520/0605] avg_loss=1.1241 lr=0.001043 grad_norm=1.204 tok/s=36906.8 src_tok=760 tgt_tok=680 mem=56.5/218.1MB
[STEP e12 s0545/0605] avg_loss=1.1274 lr=0.001042 grad_norm=1.314 tok/s=42520.6 src_tok=729 tgt_tok=630 mem=59.3/218.1MB
[STEP e12 s0570/0605] avg_loss=1.1301 lr=0.001040 grad_norm=1.378 tok/s=42912.9 src_tok=714 tgt_tok=655 mem=57.1/218.1MB
[STEP e12 s0595/0605] avg_loss=1.1327 lr=0.001038 grad_norm=1.417 tok/s=45037.6 src_tok=706 tgt_tok=621 mem=54.3/218.1MB
[STEP e12 s0605/0605] avg_loss=1.1349 lr=0.001037 grad_norm=3.957 tok/s=7449.8 src_tok=117 tgt_tok=112 mem=45.1/218.1MB
[EPOCH 12] train_loss=1.1349 train_ppl=3.11 val_loss=1.4132 val_bleu=38.37 val_chrf=63.10 val_token_acc=42.70 peak_mem=218.1MB time=00:28 samples=valid_epoch_12.txt
[INFO] patience 2/5
[STEP e13 s0015/0605] avg_loss=1.0664 lr=0.001036 grad_norm=1.284 tok/s=32364.7 src_tok=737 tgt_tok=655 mem=57.1/214.8MB
[STEP e13 s0040/0605] avg_loss=1.0442 lr=0.001034 grad_norm=1.162 tok/s=25968.2 src_tok=720 tgt_tok=611 mem=54.9/214.8MB
[STEP e13 s0065/0605] avg_loss=1.0401 lr=0.001033 grad_norm=1.279 tok/s=37920.8 src_tok=728 tgt_tok=676 mem=57.1/214.8MB
[STEP e13 s0090/0605] avg_loss=1.0451 lr=0.001031 grad_norm=1.327 tok/s=28076.0 src_tok=675 tgt_tok=616 mem=57.1/214.8MB
[STEP e13 s0115/0605] avg_loss=1.0616 lr=0.001029 grad_norm=1.404 tok/s=36163.5 src_tok=712 tgt_tok=647 mem=57.1/214.8MB
[STEP e13 s0140/0605] avg_loss=1.0637 lr=0.001027 grad_norm=1.480 tok/s=27780.8 src_tok=746 tgt_tok=615 mem=55.4/214.8MB
[STEP e13 s0165/0605] avg_loss=1.0642 lr=0.001026 grad_norm=1.219 tok/s=35856.9 src_tok=748 tgt_tok=686 mem=60.9/214.8MB
[STEP e13 s0190/0605] avg_loss=1.0614 lr=0.001024 grad_norm=1.238 tok/s=24789.4 src_tok=696 tgt_tok=607 mem=55.4/214.8MB
[STEP e13 s0215/0605] avg_loss=1.0643 lr=0.001022 grad_norm=1.303 tok/s=29991.6 src_tok=712 tgt_tok=655 mem=56.8/214.8MB
[STEP e13 s0240/0605] avg_loss=1.0702 lr=0.001021 grad_norm=1.231 tok/s=26958.9 src_tok=706 tgt_tok=630 mem=55.4/214.8MB
[STEP e13 s0265/0605] avg_loss=1.0731 lr=0.001019 grad_norm=1.247 tok/s=23780.2 src_tok=747 tgt_tok=662 mem=58.2/214.8MB
[STEP e13 s0290/0605] avg_loss=1.0753 lr=0.001017 grad_norm=1.276 tok/s=33925.7 src_tok=704 tgt_tok=619 mem=53.2/218.1MB
[STEP e13 s0315/0605] avg_loss=1.0795 lr=0.001015 grad_norm=1.374 tok/s=33262.5 src_tok=729 tgt_tok=654 mem=57.1/218.1MB
[STEP e13 s0340/0605] avg_loss=1.0809 lr=0.001014 grad_norm=1.417 tok/s=26056.0 src_tok=656 tgt_tok=595 mem=55.4/218.1MB
[STEP e13 s0365/0605] avg_loss=1.0831 lr=0.001012 grad_norm=1.285 tok/s=32036.6 src_tok=728 tgt_tok=634 mem=54.3/218.1MB
[STEP e13 s0390/0605] avg_loss=1.0886 lr=0.001010 grad_norm=1.347 tok/s=37227.9 src_tok=707 tgt_tok=654 mem=56.8/218.1MB
[STEP e13 s0415/0605] avg_loss=1.0903 lr=0.001009 grad_norm=1.425 tok/s=40787.6 src_tok=734 tgt_tok=653 mem=57.1/218.1MB
[STEP e13 s0440/0605] avg_loss=1.0931 lr=0.001007 grad_norm=1.202 tok/s=30533.6 src_tok=738 tgt_tok=623 mem=55.4/218.1MB
[STEP e13 s0465/0605] avg_loss=1.0960 lr=0.001006 grad_norm=1.390 tok/s=23315.9 src_tok=671 tgt_tok=613 mem=54.9/218.1MB
[STEP e13 s0490/0605] avg_loss=1.0976 lr=0.001004 grad_norm=1.377 tok/s=25034.1 src_tok=680 tgt_tok=612 mem=54.3/218.1MB
[STEP e13 s0515/0605] avg_loss=1.1000 lr=0.001002 grad_norm=1.228 tok/s=35267.8 src_tok=715 tgt_tok=660 mem=56.8/218.1MB
[STEP e13 s0540/0605] avg_loss=1.1015 lr=0.001001 grad_norm=1.325 tok/s=35219.1 src_tok=736 tgt_tok=639 mem=57.1/218.1MB
[STEP e13 s0565/0605] avg_loss=1.1032 lr=0.000999 grad_norm=1.313 tok/s=31698.7 src_tok=724 tgt_tok=702 mem=57.1/218.1MB
[STEP e13 s0590/0605] avg_loss=1.1049 lr=0.000998 grad_norm=1.259 tok/s=39171.3 src_tok=709 tgt_tok=645 mem=56.0/218.1MB
[STEP e13 s0605/0605] avg_loss=1.1060 lr=0.000997 grad_norm=2.967 tok/s=6287.6 src_tok=128 tgt_tok=108 mem=44.3/218.1MB
[EPOCH 13] train_loss=1.1060 train_ppl=3.02 val_loss=1.4160 val_bleu=39.23 val_chrf=63.79 val_token_acc=44.11 peak_mem=218.1MB time=00:31 samples=valid_epoch_13.txt
[INFO] new best checkpoint saved at epoch 13 (val_bleu=39.23)
[STEP e14 s0010/0605] avg_loss=1.0307 lr=0.000996 grad_norm=1.345 tok/s=38786.3 src_tok=759 tgt_tok=697 mem=57.1/206.5MB
[STEP e14 s0035/0605] avg_loss=1.0042 lr=0.000994 grad_norm=1.399 tok/s=34772.3 src_tok=739 tgt_tok=652 mem=56.8/206.5MB
[STEP e14 s0060/0605] avg_loss=0.9966 lr=0.000993 grad_norm=1.194 tok/s=39705.0 src_tok=685 tgt_tok=611 mem=54.9/207.6MB
[STEP e14 s0085/0605] avg_loss=1.0057 lr=0.000991 grad_norm=1.245 tok/s=35966.5 src_tok=748 tgt_tok=675 mem=54.3/207.6MB
[STEP e14 s0110/0605] avg_loss=1.0138 lr=0.000990 grad_norm=1.364 tok/s=27423.1 src_tok=761 tgt_tok=696 mem=60.7/207.6MB
[STEP e14 s0135/0605] avg_loss=1.0181 lr=0.000988 grad_norm=1.411 tok/s=34406.8 src_tok=672 tgt_tok=601 mem=53.8/207.6MB
[STEP e14 s0160/0605] avg_loss=1.0244 lr=0.000987 grad_norm=1.267 tok/s=40840.6 src_tok=744 tgt_tok=646 mem=56.0/207.6MB
[STEP e14 s0185/0605] avg_loss=1.0251 lr=0.000985 grad_norm=1.283 tok/s=35674.5 src_tok=758 tgt_tok=691 mem=58.7/207.6MB
[STEP e14 s0210/0605] avg_loss=1.0271 lr=0.000984 grad_norm=1.344 tok/s=35309.8 src_tok=727 tgt_tok=651 mem=56.8/215.4MB
[STEP e14 s0235/0605] avg_loss=1.0292 lr=0.000982 grad_norm=1.385 tok/s=41532.5 src_tok=684 tgt_tok=609 mem=54.3/215.4MB
[STEP e14 s0260/0605] avg_loss=1.0300 lr=0.000981 grad_norm=1.279 tok/s=33481.2 src_tok=691 tgt_tok=600 mem=60.7/215.4MB
[STEP e14 s0285/0605] avg_loss=1.0339 lr=0.000979 grad_norm=1.423 tok/s=37384.8 src_tok=752 tgt_tok=705 mem=55.4/215.4MB
[STEP e14 s0310/0605] avg_loss=1.0385 lr=0.000978 grad_norm=1.347 tok/s=39347.4 src_tok=719 tgt_tok=640 mem=54.3/215.6MB
[STEP e14 s0335/0605] avg_loss=1.0437 lr=0.000976 grad_norm=1.412 tok/s=42729.2 src_tok=758 tgt_tok=653 mem=54.3/215.6MB
[STEP e14 s0360/0605] avg_loss=1.0468 lr=0.000975 grad_norm=1.329 tok/s=40459.4 src_tok=739 tgt_tok=678 mem=59.3/215.6MB
[STEP e14 s0385/0605] avg_loss=1.0505 lr=0.000973 grad_norm=1.337 tok/s=41239.8 src_tok=693 tgt_tok=627 mem=57.6/217.9MB
[STEP e14 s0410/0605] avg_loss=1.0535 lr=0.000972 grad_norm=1.507 tok/s=42741.6 src_tok=694 tgt_tok=612 mem=57.6/217.9MB
[STEP e14 s0435/0605] avg_loss=1.0548 lr=0.000970 grad_norm=1.334 tok/s=38146.8 src_tok=748 tgt_tok=703 mem=56.8/217.9MB
[STEP e14 s0460/0605] avg_loss=1.0603 lr=0.000969 grad_norm=1.352 tok/s=40553.6 src_tok=738 tgt_tok=642 mem=57.1/217.9MB
[STEP e14 s0485/0605] avg_loss=1.0626 lr=0.000967 grad_norm=1.289 tok/s=34396.2 src_tok=690 tgt_tok=617 mem=57.6/217.9MB
[STEP e14 s0510/0605] avg_loss=1.0662 lr=0.000966 grad_norm=1.376 tok/s=37170.0 src_tok=715 tgt_tok=644 mem=56.0/217.9MB
[STEP e14 s0535/0605] avg_loss=1.0699 lr=0.000964 grad_norm=1.440 tok/s=42402.7 src_tok=722 tgt_tok=636 mem=60.7/217.9MB
[STEP e14 s0560/0605] avg_loss=1.0729 lr=0.000963 grad_norm=1.279 tok/s=40592.5 src_tok=683 tgt_tok=619 mem=60.4/217.9MB
[STEP e14 s0585/0605] avg_loss=1.0758 lr=0.000961 grad_norm=1.367 tok/s=39018.3 src_tok=678 tgt_tok=609 mem=53.8/217.9MB
[STEP e14 s0605/0605] avg_loss=1.0794 lr=0.000960 grad_norm=3.332 tok/s=7193.5 src_tok=119 tgt_tok=111 mem=44.6/217.9MB
[EPOCH 14] train_loss=1.0794 train_ppl=2.94 val_loss=1.4259 val_bleu=38.18 val_chrf=62.92 val_token_acc=44.15 peak_mem=217.9MB time=00:27 samples=valid_epoch_14.txt
[INFO] patience 1/5
[STEP e15 s0005/0605] avg_loss=1.0081 lr=0.000960 grad_norm=1.303 tok/s=34576.5 src_tok=726 tgt_tok=634 mem=56.8/191.0MB
[STEP e15 s0030/0605] avg_loss=1.0013 lr=0.000959 grad_norm=1.270 tok/s=43142.7 src_tok=750 tgt_tok=700 mem=55.4/191.0MB
[STEP e15 s0055/0605] avg_loss=0.9985 lr=0.000957 grad_norm=1.372 tok/s=36765.0 src_tok=717 tgt_tok=614 mem=56.8/218.1MB
[STEP e15 s0080/0605] avg_loss=1.0055 lr=0.000956 grad_norm=1.304 tok/s=40351.6 src_tok=741 tgt_tok=669 mem=59.3/218.1MB
[STEP e15 s0105/0605] avg_loss=1.0033 lr=0.000954 grad_norm=1.285 tok/s=44231.2 src_tok=759 tgt_tok=701 mem=58.7/218.1MB
[STEP e15 s0130/0605] avg_loss=1.0039 lr=0.000953 grad_norm=1.324 tok/s=30066.4 src_tok=694 tgt_tok=628 mem=56.8/218.1MB
[STEP e15 s0155/0605] avg_loss=1.0082 lr=0.000952 grad_norm=1.301 tok/s=35778.7 src_tok=691 tgt_tok=632 mem=56.8/218.1MB
[STEP e15 s0180/0605] avg_loss=1.0086 lr=0.000950 grad_norm=1.434 tok/s=27982.0 src_tok=701 tgt_tok=633 mem=56.0/218.1MB
[STEP e15 s0205/0605] avg_loss=1.0105 lr=0.000949 grad_norm=1.354 tok/s=39656.5 src_tok=729 tgt_tok=642 mem=57.1/218.1MB
[STEP e15 s0230/0605] avg_loss=1.0135 lr=0.000948 grad_norm=1.330 tok/s=41652.9 src_tok=710 tgt_tok=621 mem=59.3/218.1MB
[STEP e15 s0255/0605] avg_loss=1.0148 lr=0.000946 grad_norm=1.233 tok/s=36142.5 src_tok=683 tgt_tok=603 mem=53.8/218.1MB
[STEP e15 s0280/0605] avg_loss=1.0202 lr=0.000945 grad_norm=1.345 tok/s=41819.0 src_tok=710 tgt_tok=628 mem=56.8/218.1MB
[STEP e15 s0305/0605] avg_loss=1.0229 lr=0.000944 grad_norm=1.429 tok/s=36085.4 src_tok=668 tgt_tok=579 mem=53.8/218.1MB
[STEP e15 s0330/0605] avg_loss=1.0271 lr=0.000942 grad_norm=1.375 tok/s=40030.0 src_tok=687 tgt_tok=594 mem=55.4/218.1MB
[STEP e15 s0355/0605] avg_loss=1.0311 lr=0.000941 grad_norm=1.330 tok/s=32859.6 src_tok=727 tgt_tok=635 mem=57.1/218.1MB
[STEP e15 s0380/0605] avg_loss=1.0326 lr=0.000940 grad_norm=1.245 tok/s=28176.5 src_tok=670 tgt_tok=598 mem=54.5/218.1MB
[STEP e15 s0405/0605] avg_loss=1.0352 lr=0.000938 grad_norm=1.399 tok/s=38151.0 src_tok=664 tgt_tok=595 mem=56.0/218.1MB
[STEP e15 s0430/0605] avg_loss=1.0384 lr=0.000937 grad_norm=1.359 tok/s=47906.9 src_tok=726 tgt_tok=662 mem=58.2/218.1MB
[STEP e15 s0455/0605] avg_loss=1.0403 lr=0.000936 grad_norm=1.427 tok/s=35846.1 src_tok=737 tgt_tok=660 mem=56.8/218.1MB
[STEP e15 s0480/0605] avg_loss=1.0429 lr=0.000934 grad_norm=1.528 tok/s=41164.2 src_tok=734 tgt_tok=666 mem=58.2/218.1MB
[STEP e15 s0505/0605] avg_loss=1.0457 lr=0.000933 grad_norm=1.263 tok/s=44491.5 src_tok=722 tgt_tok=656 mem=62.0/218.1MB
[STEP e15 s0530/0605] avg_loss=1.0493 lr=0.000932 grad_norm=1.340 tok/s=36529.5 src_tok=738 tgt_tok=671 mem=55.4/218.1MB
[STEP e15 s0555/0605] avg_loss=1.0506 lr=0.000930 grad_norm=1.330 tok/s=35745.1 src_tok=737 tgt_tok=666 mem=54.9/218.1MB
[STEP e15 s0580/0605] avg_loss=1.0532 lr=0.000929 grad_norm=1.371 tok/s=36352.3 src_tok=712 tgt_tok=633 mem=60.7/218.1MB
[STEP e15 s0605/0605] avg_loss=1.0571 lr=0.000928 grad_norm=inf tok/s=4976.1 src_tok=98 tgt_tok=81 mem=43.9/218.1MB
[EPOCH 15] train_loss=1.0571 train_ppl=2.88 val_loss=1.4281 val_bleu=39.72 val_chrf=64.13 val_token_acc=45.34 peak_mem=218.1MB time=00:27 samples=valid_epoch_15.txt
[INFO] new best checkpoint saved at epoch 15 (val_bleu=39.72)
[STEP e16 s0025/0605] avg_loss=0.9610 lr=0.000927 grad_norm=1.405 tok/s=31485.9 src_tok=751 tgt_tok=654 mem=56.8/215.7MB
[STEP e16 s0050/0605] avg_loss=0.9546 lr=0.000925 grad_norm=1.339 tok/s=34133.0 src_tok=770 tgt_tok=680 mem=57.1/218.1MB
[STEP e16 s0075/0605] avg_loss=0.9653 lr=0.000924 grad_norm=1.431 tok/s=31334.0 src_tok=696 tgt_tok=622 mem=55.4/218.1MB
[STEP e16 s0100/0605] avg_loss=0.9707 lr=0.000923 grad_norm=1.253 tok/s=39613.8 src_tok=734 tgt_tok=673 mem=56.8/218.1MB
[STEP e16 s0125/0605] avg_loss=0.9825 lr=0.000921 grad_norm=1.362 tok/s=38110.3 src_tok=723 tgt_tok=649 mem=59.3/218.1MB
[STEP e16 s0150/0605] avg_loss=0.9865 lr=0.000920 grad_norm=1.320 tok/s=38803.7 src_tok=699 tgt_tok=642 mem=56.8/218.1MB
[STEP e16 s0175/0605] avg_loss=0.9908 lr=0.000919 grad_norm=1.247 tok/s=35074.9 src_tok=777 tgt_tok=697 mem=55.4/218.1MB
[STEP e16 s0200/0605] avg_loss=0.9906 lr=0.000918 grad_norm=1.249 tok/s=37642.2 src_tok=740 tgt_tok=653 mem=56.8/218.1MB
[STEP e16 s0225/0605] avg_loss=0.9925 lr=0.000916 grad_norm=1.498 tok/s=32592.8 src_tok=682 tgt_tok=606 mem=55.4/218.1MB
[STEP e16 s0250/0605] avg_loss=0.9972 lr=0.000915 grad_norm=1.400 tok/s=43125.6 src_tok=734 tgt_tok=646 mem=56.8/218.1MB
[STEP e16 s0275/0605] avg_loss=1.0015 lr=0.000914 grad_norm=1.292 tok/s=36726.6 src_tok=745 tgt_tok=686 mem=56.0/218.1MB
[STEP e16 s0300/0605] avg_loss=1.0071 lr=0.000913 grad_norm=1.357 tok/s=44710.1 src_tok=814 tgt_tok=706 mem=62.0/218.1MB
[STEP e16 s0325/0605] avg_loss=1.0094 lr=0.000912 grad_norm=1.353 tok/s=39843.4 src_tok=723 tgt_tok=652 mem=57.6/218.1MB
[STEP e16 s0350/0605] avg_loss=1.0110 lr=0.000910 grad_norm=1.319 tok/s=31925.6 src_tok=698 tgt_tok=642 mem=56.8/218.1MB
[STEP e16 s0375/0605] avg_loss=1.0147 lr=0.000909 grad_norm=1.457 tok/s=45680.0 src_tok=755 tgt_tok=661 mem=54.3/218.1MB
[STEP e16 s0400/0605] avg_loss=1.0167 lr=0.000908 grad_norm=1.454 tok/s=41986.6 src_tok=749 tgt_tok=679 mem=57.1/218.1MB
[STEP e16 s0425/0605] avg_loss=1.0205 lr=0.000907 grad_norm=1.382 tok/s=36213.9 src_tok=666 tgt_tok=603 mem=58.2/218.1MB
[STEP e16 s0450/0605] avg_loss=1.0232 lr=0.000906 grad_norm=1.347 tok/s=35970.1 src_tok=756 tgt_tok=683 mem=61.5/218.1MB
[STEP e16 s0475/0605] avg_loss=1.0244 lr=0.000904 grad_norm=1.418 tok/s=42278.8 src_tok=716 tgt_tok=644 mem=55.4/218.1MB
[STEP e16 s0500/0605] avg_loss=1.0240 lr=0.000903 grad_norm=1.397 tok/s=44219.6 src_tok=744 tgt_tok=671 mem=58.7/218.1MB
[STEP e16 s0525/0605] avg_loss=1.0259 lr=0.000902 grad_norm=1.426 tok/s=36442.2 src_tok=690 tgt_tok=607 mem=57.1/218.1MB
[STEP e16 s0550/0605] avg_loss=1.0306 lr=0.000901 grad_norm=1.414 tok/s=42661.0 src_tok=707 tgt_tok=637 mem=54.3/218.1MB
[STEP e16 s0575/0605] avg_loss=1.0335 lr=0.000900 grad_norm=1.415 tok/s=40780.6 src_tok=688 tgt_tok=617 mem=53.8/218.1MB
[STEP e16 s0600/0605] avg_loss=1.0343 lr=0.000899 grad_norm=1.358 tok/s=51178.2 src_tok=787 tgt_tok=701 mem=55.4/218.1MB
[STEP e16 s0605/0605] avg_loss=1.0344 lr=0.000898 grad_norm=3.127 tok/s=7802.0 src_tok=122 tgt_tok=116 mem=45.2/218.1MB
[EPOCH 16] train_loss=1.0344 train_ppl=2.81 val_loss=1.4313 val_bleu=38.73 val_chrf=63.72 val_token_acc=43.82 peak_mem=218.1MB time=00:27 samples=valid_epoch_16.txt
[INFO] patience 1/5
[STEP e17 s0020/0605] avg_loss=0.9272 lr=0.000897 grad_norm=1.354 tok/s=9984.5 src_tok=729 tgt_tok=644 mem=57.6/185.3MB
[STEP e17 s0045/0605] avg_loss=0.9332 lr=0.000896 grad_norm=1.348 tok/s=21739.4 src_tok=734 tgt_tok=681 mem=60.7/208.3MB
[STEP e17 s0070/0605] avg_loss=0.9426 lr=0.000895 grad_norm=1.308 tok/s=32283.2 src_tok=768 tgt_tok=685 mem=56.8/208.3MB
[STEP e17 s0095/0605] avg_loss=0.9379 lr=0.000894 grad_norm=1.287 tok/s=32250.0 src_tok=771 tgt_tok=692 mem=57.1/217.9MB
[STEP e17 s0120/0605] avg_loss=0.9448 lr=0.000893 grad_norm=1.394 tok/s=17994.0 src_tok=670 tgt_tok=564 mem=53.2/218.1MB
[STEP e17 s0145/0605] avg_loss=0.9521 lr=0.000892 grad_norm=1.361 tok/s=15545.2 src_tok=692 tgt_tok=632 mem=59.3/218.1MB
[STEP e17 s0170/0605] avg_loss=0.9583 lr=0.000891 grad_norm=1.341 tok/s=27225.2 src_tok=726 tgt_tok=664 mem=57.1/218.1MB
[STEP e17 s0195/0605] avg_loss=0.9624 lr=0.000889 grad_norm=1.378 tok/s=18802.8 src_tok=692 tgt_tok=616 mem=57.1/218.1MB
[STEP e17 s0220/0605] avg_loss=0.9674 lr=0.000888 grad_norm=1.352 tok/s=41535.8 src_tok=728 tgt_tok=651 mem=56.8/218.1MB
[STEP e17 s0245/0605] avg_loss=0.9727 lr=0.000887 grad_norm=1.358 tok/s=38446.8 src_tok=778 tgt_tok=683 mem=59.8/218.1MB
[STEP e17 s0270/0605] avg_loss=0.9760 lr=0.000886 grad_norm=1.340 tok/s=38756.3 src_tok=743 tgt_tok=691 mem=62.6/218.1MB
[STEP e17 s0295/0605] avg_loss=0.9792 lr=0.000885 grad_norm=1.235 tok/s=28817.7 src_tok=746 tgt_tok=666 mem=60.9/218.1MB
[STEP e17 s0320/0605] avg_loss=0.9812 lr=0.000884 grad_norm=1.477 tok/s=18333.4 src_tok=717 tgt_tok=631 mem=57.1/218.1MB
[STEP e17 s0345/0605] avg_loss=0.9854 lr=0.000883 grad_norm=1.343 tok/s=26578.9 src_tok=736 tgt_tok=687 mem=57.1/218.1MB
[STEP e17 s0370/0605] avg_loss=0.9887 lr=0.000882 grad_norm=1.287 tok/s=13241.0 src_tok=669 tgt_tok=596 mem=55.4/218.1MB
[STEP e17 s0395/0605] avg_loss=0.9922 lr=0.000881 grad_norm=1.543 tok/s=20523.1 src_tok=693 tgt_tok=657 mem=60.9/218.1MB
[STEP e17 s0420/0605] avg_loss=0.9961 lr=0.000879 grad_norm=1.455 tok/s=25538.2 src_tok=663 tgt_tok=589 mem=56.8/218.1MB
[STEP e17 s0445/0605] avg_loss=0.9977 lr=0.000878 grad_norm=1.482 tok/s=35514.5 src_tok=698 tgt_tok=616 mem=55.4/218.1MB
[STEP e17 s0470/0605] avg_loss=1.0010 lr=0.000877 grad_norm=1.345 tok/s=25866.1 src_tok=724 tgt_tok=647 mem=56.8/218.1MB
[STEP e17 s0495/0605] avg_loss=1.0052 lr=0.000876 grad_norm=1.511 tok/s=39015.8 src_tok=760 tgt_tok=690 mem=56.8/218.1MB
[STEP e17 s0520/0605] avg_loss=1.0070 lr=0.000875 grad_norm=1.341 tok/s=39427.8 src_tok=707 tgt_tok=614 mem=57.1/218.1MB
[STEP e17 s0545/0605] avg_loss=1.0119 lr=0.000874 grad_norm=1.442 tok/s=30797.2 src_tok=717 tgt_tok=639 mem=56.8/218.1MB
[STEP e17 s0570/0605] avg_loss=1.0143 lr=0.000873 grad_norm=1.365 tok/s=30076.1 src_tok=707 tgt_tok=649 mem=53.8/218.1MB
[STEP e17 s0595/0605] avg_loss=1.0163 lr=0.000872 grad_norm=1.384 tok/s=19045.2 src_tok=735 tgt_tok=642 mem=56.8/218.1MB
[STEP e17 s0605/0605] avg_loss=1.0161 lr=0.000872 grad_norm=3.324 tok/s=3058.6 src_tok=124 tgt_tok=111 mem=45.0/218.1MB
[EPOCH 17] train_loss=1.0161 train_ppl=2.76 val_loss=1.4223 val_bleu=39.24 val_chrf=64.04 val_token_acc=44.88 peak_mem=218.1MB time=00:42 samples=valid_epoch_17.txt
[INFO] patience 2/5
[STEP e18 s0015/0605] avg_loss=0.9580 lr=0.000871 grad_norm=1.412 tok/s=35935.4 src_tok=702 tgt_tok=627 mem=55.4/200.2MB
[STEP e18 s0040/0605] avg_loss=0.9406 lr=0.000870 grad_norm=1.315 tok/s=17180.1 src_tok=731 tgt_tok=670 mem=64.2/217.9MB
[STEP e18 s0065/0605] avg_loss=0.9416 lr=0.000869 grad_norm=1.476 tok/s=46408.2 src_tok=762 tgt_tok=678 mem=60.7/217.9MB
[STEP e18 s0090/0605] avg_loss=0.9493 lr=0.000868 grad_norm=1.468 tok/s=23913.2 src_tok=745 tgt_tok=666 mem=57.1/217.9MB
[STEP e18 s0115/0605] avg_loss=0.9402 lr=0.000867 grad_norm=1.299 tok/s=36588.1 src_tok=716 tgt_tok=638 mem=57.1/217.9MB
[STEP e18 s0140/0605] avg_loss=0.9432 lr=0.000866 grad_norm=1.461 tok/s=16740.6 src_tok=701 tgt_tok=597 mem=55.4/217.9MB
[STEP e18 s0165/0605] avg_loss=0.9482 lr=0.000865 grad_norm=1.236 tok/s=41211.9 src_tok=718 tgt_tok=624 mem=55.4/217.9MB
[STEP e18 s0190/0605] avg_loss=0.9520 lr=0.000864 grad_norm=1.315 tok/s=40795.7 src_tok=742 tgt_tok=686 mem=57.1/217.9MB
[STEP e18 s0215/0605] avg_loss=0.9552 lr=0.000863 grad_norm=1.419 tok/s=36911.6 src_tok=658 tgt_tok=597 mem=54.9/217.9MB
[STEP e18 s0240/0605] avg_loss=0.9580 lr=0.000862 grad_norm=1.417 tok/s=18129.2 src_tok=651 tgt_tok=584 mem=53.2/218.1MB
[STEP e18 s0265/0605] avg_loss=0.9637 lr=0.000860 grad_norm=1.464 tok/s=20759.9 src_tok=695 tgt_tok=632 mem=58.2/218.1MB
[STEP e18 s0290/0605] avg_loss=0.9693 lr=0.000859 grad_norm=1.485 tok/s=34749.7 src_tok=775 tgt_tok=700 mem=54.9/218.1MB
[STEP e18 s0315/0605] avg_loss=0.9720 lr=0.000858 grad_norm=1.433 tok/s=34252.5 src_tok=678 tgt_tok=602 mem=60.4/218.1MB
[STEP e18 s0340/0605] avg_loss=0.9758 lr=0.000857 grad_norm=1.261 tok/s=44463.0 src_tok=747 tgt_tok=661 mem=54.3/218.1MB
[STEP e18 s0365/0605] avg_loss=0.9779 lr=0.000856 grad_norm=1.476 tok/s=18876.2 src_tok=712 tgt_tok=660 mem=62.0/218.1MB
[STEP e18 s0390/0605] avg_loss=0.9814 lr=0.000855 grad_norm=1.434 tok/s=16725.9 src_tok=737 tgt_tok=647 mem=57.1/218.1MB
[STEP e18 s0415/0605] avg_loss=0.9817 lr=0.000854 grad_norm=1.377 tok/s=42196.2 src_tok=732 tgt_tok=665 mem=57.1/218.1MB
[STEP e18 s0440/0605] avg_loss=0.9836 lr=0.000853 grad_norm=1.493 tok/s=26916.3 src_tok=694 tgt_tok=605 mem=56.8/218.1MB
[STEP e18 s0465/0605] avg_loss=0.9865 lr=0.000852 grad_norm=1.449 tok/s=49456.2 src_tok=751 tgt_tok=680 mem=56.8/218.1MB
[STEP e18 s0490/0605] avg_loss=0.9869 lr=0.000851 grad_norm=1.290 tok/s=47143.3 src_tok=737 tgt_tok=664 mem=58.2/218.1MB
[STEP e18 s0515/0605] avg_loss=0.9896 lr=0.000850 grad_norm=1.427 tok/s=30205.1 src_tok=661 tgt_tok=610 mem=57.1/218.1MB
[STEP e18 s0540/0605] avg_loss=0.9937 lr=0.000849 grad_norm=1.446 tok/s=37469.2 src_tok=704 tgt_tok=649 mem=56.8/218.1MB
[STEP e18 s0565/0605] avg_loss=0.9952 lr=0.000849 grad_norm=1.344 tok/s=35202.5 src_tok=736 tgt_tok=644 mem=58.7/218.1MB
[STEP e18 s0590/0605] avg_loss=0.9968 lr=0.000848 grad_norm=1.430 tok/s=42934.3 src_tok=723 tgt_tok=640 mem=54.9/218.1MB
[STEP e18 s0605/0605] avg_loss=0.9976 lr=0.000847 grad_norm=3.141 tok/s=7531.1 src_tok=122 tgt_tok=106 mem=44.5/218.1MB
[EPOCH 18] train_loss=0.9976 train_ppl=2.71 val_loss=1.4197 val_bleu=39.86 val_chrf=64.16 val_token_acc=45.50 peak_mem=218.1MB time=00:33 samples=valid_epoch_18.txt
[INFO] new best checkpoint saved at epoch 18 (val_bleu=39.86)
[STEP e19 s0010/0605] avg_loss=0.8933 lr=0.000847 grad_norm=1.346 tok/s=35183.4 src_tok=719 tgt_tok=618 mem=56.8/178.8MB
[STEP e19 s0035/0605] avg_loss=0.9088 lr=0.000846 grad_norm=1.448 tok/s=41564.6 src_tok=704 tgt_tok=626 mem=53.8/207.9MB
[STEP e19 s0060/0605] avg_loss=0.9202 lr=0.000845 grad_norm=1.460 tok/s=34871.6 src_tok=728 tgt_tok=668 mem=55.4/207.9MB
[STEP e19 s0085/0605] avg_loss=0.9215 lr=0.000844 grad_norm=1.347 tok/s=34308.5 src_tok=728 tgt_tok=641 mem=54.3/218.4MB
[STEP e19 s0110/0605] avg_loss=0.9292 lr=0.000843 grad_norm=1.370 tok/s=27268.7 src_tok=748 tgt_tok=670 mem=56.8/218.4MB
[STEP e19 s0135/0605] avg_loss=0.9317 lr=0.000842 grad_norm=1.492 tok/s=40755.2 src_tok=725 tgt_tok=620 mem=57.6/218.4MB
[STEP e19 s0160/0605] avg_loss=0.9347 lr=0.000841 grad_norm=1.452 tok/s=42583.3 src_tok=765 tgt_tok=665 mem=57.6/218.4MB
[STEP e19 s0185/0605] avg_loss=0.9409 lr=0.000840 grad_norm=1.395 tok/s=30941.7 src_tok=672 tgt_tok=614 mem=54.3/218.4MB
[STEP e19 s0210/0605] avg_loss=0.9414 lr=0.000839 grad_norm=1.386 tok/s=29301.3 src_tok=727 tgt_tok=649 mem=54.9/218.4MB
[STEP e19 s0235/0605] avg_loss=0.9436 lr=0.000838 grad_norm=1.388 tok/s=21674.2 src_tok=726 tgt_tok=661 mem=59.3/218.4MB
[STEP e19 s0260/0605] avg_loss=0.9472 lr=0.000837 grad_norm=1.257 tok/s=44719.3 src_tok=755 tgt_tok=676 mem=57.6/218.4MB
[STEP e19 s0285/0605] avg_loss=0.9489 lr=0.000836 grad_norm=1.320 tok/s=43411.3 src_tok=731 tgt_tok=658 mem=57.1/218.4MB
[STEP e19 s0310/0605] avg_loss=0.9526 lr=0.000835 grad_norm=1.466 tok/s=38784.7 src_tok=723 tgt_tok=651 mem=54.9/218.4MB
[STEP e19 s0335/0605] avg_loss=0.9534 lr=0.000834 grad_norm=1.386 tok/s=42298.8 src_tok=724 tgt_tok=635 mem=57.1/218.4MB
[STEP e19 s0360/0605] avg_loss=0.9571 lr=0.000833 grad_norm=1.393 tok/s=36715.6 src_tok=721 tgt_tok=638 mem=57.1/218.4MB
[STEP e19 s0385/0605] avg_loss=0.9593 lr=0.000832 grad_norm=1.471 tok/s=33631.0 src_tok=713 tgt_tok=632 mem=54.3/218.4MB
[STEP e19 s0410/0605] avg_loss=0.9615 lr=0.000831 grad_norm=1.473 tok/s=28116.5 src_tok=721 tgt_tok=644 mem=54.9/218.4MB
[STEP e19 s0435/0605] avg_loss=0.9611 lr=0.000831 grad_norm=1.359 tok/s=28731.5 src_tok=725 tgt_tok=654 mem=58.2/218.4MB
[STEP e19 s0460/0605] avg_loss=0.9632 lr=0.000830 grad_norm=1.382 tok/s=33764.2 src_tok=683 tgt_tok=634 mem=57.6/218.4MB
[STEP e19 s0485/0605] avg_loss=0.9657 lr=0.000829 grad_norm=1.345 tok/s=30483.9 src_tok=693 tgt_tok=648 mem=54.9/218.4MB
[STEP e19 s0510/0605] avg_loss=0.9692 lr=0.000828 grad_norm=1.661 tok/s=41982.5 src_tok=773 tgt_tok=696 mem=57.6/218.4MB
[STEP e19 s0535/0605] avg_loss=0.9707 lr=0.000827 grad_norm=1.441 tok/s=27353.5 src_tok=742 tgt_tok=653 mem=57.1/218.4MB
[STEP e19 s0560/0605] avg_loss=0.9725 lr=0.000826 grad_norm=1.451 tok/s=39174.9 src_tok=738 tgt_tok=671 mem=59.3/218.4MB
[STEP e19 s0585/0605] avg_loss=0.9755 lr=0.000825 grad_norm=1.549 tok/s=42106.8 src_tok=749 tgt_tok=683 mem=55.4/218.4MB
[STEP e19 s0605/0605] avg_loss=0.9773 lr=0.000824 grad_norm=3.282 tok/s=4403.8 src_tok=118 tgt_tok=111 mem=45.8/218.4MB
[EPOCH 19] train_loss=0.9773 train_ppl=2.66 val_loss=1.4220 val_bleu=40.44 val_chrf=64.69 val_token_acc=44.88 peak_mem=218.4MB time=00:33 samples=valid_epoch_19.txt
[INFO] new best checkpoint saved at epoch 19 (val_bleu=40.44)
[STEP e20 s0005/0605] avg_loss=0.9287 lr=0.000824 grad_norm=1.404 tok/s=21906.4 src_tok=694 tgt_tok=602 mem=56.0/188.8MB
[STEP e20 s0030/0605] avg_loss=0.9111 lr=0.000823 grad_norm=1.405 tok/s=34358.1 src_tok=733 tgt_tok=661 mem=64.2/218.1MB
[STEP e20 s0055/0605] avg_loss=0.8983 lr=0.000822 grad_norm=1.285 tok/s=26932.3 src_tok=716 tgt_tok=662 mem=56.8/218.1MB
[STEP e20 s0080/0605] avg_loss=0.9001 lr=0.000822 grad_norm=1.475 tok/s=25289.1 src_tok=747 tgt_tok=658 mem=57.6/218.1MB
[STEP e20 s0105/0605] avg_loss=0.9053 lr=0.000821 grad_norm=1.343 tok/s=19800.4 src_tok=751 tgt_tok=686 mem=59.3/218.1MB
[STEP e20 s0130/0605] avg_loss=0.9101 lr=0.000820 grad_norm=1.415 tok/s=39681.3 src_tok=766 tgt_tok=683 mem=60.7/218.1MB
[STEP e20 s0155/0605] avg_loss=0.9159 lr=0.000819 grad_norm=1.634 tok/s=35779.2 src_tok=661 tgt_tok=592 mem=54.3/218.1MB
[STEP e20 s0180/0605] avg_loss=0.9180 lr=0.000818 grad_norm=1.548 tok/s=35591.1 src_tok=738 tgt_tok=655 mem=57.6/218.1MB
[STEP e20 s0205/0605] avg_loss=0.9216 lr=0.000817 grad_norm=1.356 tok/s=34797.6 src_tok=697 tgt_tok=609 mem=58.7/218.1MB
[STEP e20 s0230/0605] avg_loss=0.9241 lr=0.000816 grad_norm=1.378 tok/s=29301.6 src_tok=708 tgt_tok=627 mem=55.4/218.1MB
[STEP e20 s0255/0605] avg_loss=0.9251 lr=0.000815 grad_norm=1.329 tok/s=29877.6 src_tok=677 tgt_tok=608 mem=56.8/218.1MB
[STEP e20 s0280/0605] avg_loss=0.9293 lr=0.000815 grad_norm=1.527 tok/s=19502.5 src_tok=719 tgt_tok=627 mem=57.1/218.1MB
[STEP e20 s0305/0605] avg_loss=0.9323 lr=0.000814 grad_norm=1.355 tok/s=30861.0 src_tok=710 tgt_tok=649 mem=56.8/218.1MB
[STEP e20 s0330/0605] avg_loss=0.9362 lr=0.000813 grad_norm=1.351 tok/s=20201.4 src_tok=700 tgt_tok=613 mem=53.2/218.1MB
[STEP e20 s0355/0605] avg_loss=0.9397 lr=0.000812 grad_norm=1.443 tok/s=19650.3 src_tok=707 tgt_tok=656 mem=62.6/218.1MB
[STEP e20 s0380/0605] avg_loss=0.9423 lr=0.000811 grad_norm=1.526 tok/s=35615.2 src_tok=764 tgt_tok=715 mem=58.7/218.1MB
[STEP e20 s0405/0605] avg_loss=0.9469 lr=0.000810 grad_norm=1.472 tok/s=33789.5 src_tok=806 tgt_tok=735 mem=58.7/218.1MB
[STEP e20 s0430/0605] avg_loss=0.9496 lr=0.000809 grad_norm=1.392 tok/s=26066.3 src_tok=701 tgt_tok=630 mem=54.3/218.1MB
[STEP e20 s0455/0605] avg_loss=0.9514 lr=0.000809 grad_norm=1.427 tok/s=22042.5 src_tok=740 tgt_tok=674 mem=58.7/218.1MB
[STEP e20 s0480/0605] avg_loss=0.9544 lr=0.000808 grad_norm=1.534 tok/s=49906.5 src_tok=751 tgt_tok=684 mem=61.5/218.1MB
[STEP e20 s0505/0605] avg_loss=0.9580 lr=0.000807 grad_norm=1.435 tok/s=38950.2 src_tok=756 tgt_tok=692 mem=59.3/218.1MB
[STEP e20 s0530/0605] avg_loss=0.9602 lr=0.000806 grad_norm=1.497 tok/s=44011.0 src_tok=688 tgt_tok=600 mem=62.6/218.1MB
[STEP e20 s0555/0605] avg_loss=0.9633 lr=0.000805 grad_norm=1.396 tok/s=43887.1 src_tok=692 tgt_tok=618 mem=54.3/218.1MB
[STEP e20 s0580/0605] avg_loss=0.9630 lr=0.000804 grad_norm=1.546 tok/s=46381.1 src_tok=726 tgt_tok=670 mem=58.2/218.1MB
[STEP e20 s0605/0605] avg_loss=0.9669 lr=0.000803 grad_norm=3.916 tok/s=7134.4 src_tok=148 tgt_tok=123 mem=45.3/218.1MB
[EPOCH 20] train_loss=0.9669 train_ppl=2.63 val_loss=1.4182 val_bleu=40.47 val_chrf=65.06 val_token_acc=44.79 peak_mem=218.1MB time=00:33 samples=valid_epoch_20.txt
[INFO] new best checkpoint saved at epoch 20 (val_bleu=40.47)
[STEP e21 s0025/0605] avg_loss=0.8449 lr=0.000803 grad_norm=1.368 tok/s=36534.6 src_tok=733 tgt_tok=667 mem=55.4/197.1MB
[STEP e21 s0050/0605] avg_loss=0.8660 lr=0.000802 grad_norm=1.490 tok/s=38889.1 src_tok=699 tgt_tok=634 mem=57.6/208.3MB
[STEP e21 s0075/0605] avg_loss=0.8767 lr=0.000801 grad_norm=1.402 tok/s=32963.6 src_tok=693 tgt_tok=647 mem=56.8/208.3MB
[STEP e21 s0100/0605] avg_loss=0.8815 lr=0.000800 grad_norm=1.342 tok/s=41863.1 src_tok=702 tgt_tok=639 mem=56.0/208.3MB
[STEP e21 s0125/0605] avg_loss=0.8896 lr=0.000799 grad_norm=1.557 tok/s=50608.8 src_tok=728 tgt_tok=645 mem=56.8/208.3MB
[STEP e21 s0150/0605] avg_loss=0.8962 lr=0.000799 grad_norm=1.432 tok/s=47694.7 src_tok=695 tgt_tok=602 mem=52.7/208.3MB
[STEP e21 s0175/0605] avg_loss=0.8979 lr=0.000798 grad_norm=1.271 tok/s=46557.3 src_tok=678 tgt_tok=625 mem=56.8/214.4MB
[STEP e21 s0200/0605] avg_loss=0.9025 lr=0.000797 grad_norm=1.495 tok/s=49726.6 src_tok=721 tgt_tok=670 mem=57.1/214.4MB
[STEP e21 s0225/0605] avg_loss=0.9078 lr=0.000796 grad_norm=1.616 tok/s=42826.1 src_tok=734 tgt_tok=636 mem=56.8/214.4MB
[STEP e21 s0250/0605] avg_loss=0.9133 lr=0.000795 grad_norm=1.469 tok/s=35120.6 src_tok=731 tgt_tok=660 mem=56.5/216.5MB
[STEP e21 s0275/0605] avg_loss=0.9203 lr=0.000795 grad_norm=1.466 tok/s=25444.5 src_tok=743 tgt_tok=666 mem=55.4/218.1MB
[STEP e21 s0300/0605] avg_loss=0.9242 lr=0.000794 grad_norm=1.427 tok/s=29945.8 src_tok=716 tgt_tok=631 mem=54.5/218.1MB
[STEP e21 s0325/0605] avg_loss=0.9265 lr=0.000793 grad_norm=1.450 tok/s=34906.2 src_tok=696 tgt_tok=636 mem=57.1/218.1MB
[STEP e21 s0350/0605] avg_loss=0.9291 lr=0.000792 grad_norm=1.390 tok/s=35516.7 src_tok=726 tgt_tok=639 mem=56.5/218.1MB
[STEP e21 s0375/0605] avg_loss=0.9334 lr=0.000791 grad_norm=1.482 tok/s=31080.7 src_tok=675 tgt_tok=597 mem=59.3/218.1MB
[STEP e21 s0400/0605] avg_loss=0.9364 lr=0.000791 grad_norm=1.518 tok/s=29930.2 src_tok=742 tgt_tok=676 mem=60.7/218.1MB
[STEP e21 s0425/0605] avg_loss=0.9365 lr=0.000790 grad_norm=1.537 tok/s=29401.2 src_tok=685 tgt_tok=611 mem=54.3/218.1MB
[STEP e21 s0450/0605] avg_loss=0.9403 lr=0.000789 grad_norm=1.475 tok/s=31639.1 src_tok=751 tgt_tok=667 mem=55.4/218.2MB
[STEP e21 s0475/0605] avg_loss=0.9445 lr=0.000788 grad_norm=1.474 tok/s=44058.1 src_tok=771 tgt_tok=678 mem=55.4/218.2MB
[STEP e21 s0500/0605] avg_loss=0.9455 lr=0.000787 grad_norm=1.311 tok/s=45468.0 src_tok=720 tgt_tok=662 mem=58.7/218.2MB
[STEP e21 s0525/0605] avg_loss=0.9476 lr=0.000787 grad_norm=1.461 tok/s=35376.0 src_tok=715 tgt_tok=660 mem=58.2/218.2MB
[STEP e21 s0550/0605] avg_loss=0.9487 lr=0.000786 grad_norm=1.493 tok/s=33515.9 src_tok=688 tgt_tok=619 mem=53.8/218.2MB
[STEP e21 s0575/0605] avg_loss=0.9494 lr=0.000785 grad_norm=1.481 tok/s=39846.3 src_tok=708 tgt_tok=624 mem=60.9/218.2MB
[STEP e21 s0600/0605] avg_loss=0.9499 lr=0.000784 grad_norm=1.443 tok/s=32842.3 src_tok=746 tgt_tok=667 mem=58.2/218.2MB
[STEP e21 s0605/0605] avg_loss=0.9497 lr=0.000784 grad_norm=2.878 tok/s=5001.4 src_tok=137 tgt_tok=141 mem=45.2/218.2MB
[EPOCH 21] train_loss=0.9497 train_ppl=2.59 val_loss=1.4574 val_bleu=40.08 val_chrf=64.72 val_token_acc=43.86 peak_mem=218.2MB time=00:27 samples=valid_epoch_21.txt
[INFO] patience 1/5
[STEP e22 s0020/0605] avg_loss=0.8637 lr=0.000784 grad_norm=1.368 tok/s=39117.5 src_tok=783 tgt_tok=732 mem=56.5/189.8MB
[STEP e22 s0045/0605] avg_loss=0.8630 lr=0.000783 grad_norm=1.447 tok/s=42741.4 src_tok=739 tgt_tok=654 mem=58.7/206.5MB
[STEP e22 s0070/0605] avg_loss=0.8789 lr=0.000782 grad_norm=1.401 tok/s=45989.8 src_tok=731 tgt_tok=654 mem=59.3/206.5MB
[STEP e22 s0095/0605] avg_loss=0.8787 lr=0.000781 grad_norm=1.355 tok/s=45811.5 src_tok=710 tgt_tok=618 mem=56.8/208.3MB
[STEP e22 s0120/0605] avg_loss=0.8811 lr=0.000780 grad_norm=1.552 tok/s=41859.5 src_tok=688 tgt_tok=609 mem=56.0/216.5MB
[STEP e22 s0145/0605] avg_loss=0.8866 lr=0.000780 grad_norm=1.414 tok/s=40790.0 src_tok=730 tgt_tok=644 mem=55.4/216.5MB
[STEP e22 s0170/0605] avg_loss=0.8890 lr=0.000779 grad_norm=1.340 tok/s=50825.8 src_tok=714 tgt_tok=651 mem=58.2/216.5MB
[STEP e22 s0195/0605] avg_loss=0.8883 lr=0.000778 grad_norm=1.510 tok/s=48506.5 src_tok=734 tgt_tok=669 mem=60.7/216.5MB
[STEP e22 s0220/0605] avg_loss=0.8941 lr=0.000777 grad_norm=1.531 tok/s=32407.1 src_tok=703 tgt_tok=630 mem=55.4/216.5MB
[STEP e22 s0245/0605] avg_loss=0.8974 lr=0.000777 grad_norm=1.482 tok/s=44801.5 src_tok=713 tgt_tok=612 mem=54.3/216.5MB
[STEP e22 s0270/0605] avg_loss=0.9016 lr=0.000776 grad_norm=1.410 tok/s=39700.6 src_tok=761 tgt_tok=704 mem=56.8/217.9MB
[STEP e22 s0295/0605] avg_loss=0.9049 lr=0.000775 grad_norm=1.421 tok/s=45110.1 src_tok=712 tgt_tok=637 mem=57.6/218.1MB
[STEP e22 s0320/0605] avg_loss=0.9047 lr=0.000774 grad_norm=1.357 tok/s=41476.2 src_tok=694 tgt_tok=636 mem=58.2/218.1MB
[STEP e22 s0345/0605] avg_loss=0.9083 lr=0.000774 grad_norm=1.495 tok/s=30043.4 src_tok=640 tgt_tok=583 mem=58.7/218.1MB
[STEP e22 s0370/0605] avg_loss=0.9113 lr=0.000773 grad_norm=1.623 tok/s=37520.7 src_tok=692 tgt_tok=618 mem=54.9/218.1MB
[STEP e22 s0395/0605] avg_loss=0.9155 lr=0.000772 grad_norm=1.451 tok/s=35156.8 src_tok=705 tgt_tok=632 mem=54.9/218.1MB
[STEP e22 s0420/0605] avg_loss=0.9175 lr=0.000771 grad_norm=1.574 tok/s=41765.1 src_tok=735 tgt_tok=645 mem=60.9/218.1MB
[STEP e22 s0445/0605] avg_loss=0.9191 lr=0.000771 grad_norm=1.660 tok/s=36923.7 src_tok=729 tgt_tok=637 mem=57.1/218.1MB
[STEP e22 s0470/0605] avg_loss=0.9219 lr=0.000770 grad_norm=1.545 tok/s=44797.7 src_tok=693 tgt_tok=639 mem=57.6/218.1MB
[STEP e22 s0495/0605] avg_loss=0.9251 lr=0.000769 grad_norm=1.543 tok/s=41786.5 src_tok=759 tgt_tok=669 mem=55.4/218.1MB
[STEP e22 s0520/0605] avg_loss=0.9268 lr=0.000769 grad_norm=1.462 tok/s=41179.6 src_tok=745 tgt_tok=678 mem=56.8/218.1MB
[STEP e22 s0545/0605] avg_loss=0.9295 lr=0.000768 grad_norm=1.547 tok/s=37965.0 src_tok=735 tgt_tok=670 mem=55.4/218.1MB
[STEP e22 s0570/0605] avg_loss=0.9315 lr=0.000767 grad_norm=1.458 tok/s=37311.3 src_tok=744 tgt_tok=699 mem=57.1/218.1MB
[STEP e22 s0595/0605] avg_loss=0.9357 lr=0.000766 grad_norm=1.537 tok/s=34589.7 src_tok=694 tgt_tok=612 mem=54.9/218.1MB
[STEP e22 s0605/0605] avg_loss=0.9373 lr=0.000766 grad_norm=3.197 tok/s=5111.1 src_tok=122 tgt_tok=108 mem=45.1/218.1MB
[EPOCH 22] train_loss=0.9373 train_ppl=2.55 val_loss=1.4281 val_bleu=40.48 val_chrf=64.81 val_token_acc=44.50 peak_mem=218.1MB time=00:27 samples=valid_epoch_22.txt
[INFO] new best checkpoint saved at epoch 22 (val_bleu=40.48)
[STEP e23 s0015/0605] avg_loss=0.8634 lr=0.000766 grad_norm=1.466 tok/s=50520.6 src_tok=724 tgt_tok=666 mem=56.5/197.5MB
[STEP e23 s0040/0605] avg_loss=0.8764 lr=0.000765 grad_norm=1.494 tok/s=46051.1 src_tok=702 tgt_tok=634 mem=54.9/215.7MB
[STEP e23 s0065/0605] avg_loss=0.8712 lr=0.000764 grad_norm=1.390 tok/s=46755.2 src_tok=732 tgt_tok=650 mem=56.8/215.7MB
[STEP e23 s0090/0605] avg_loss=0.8676 lr=0.000764 grad_norm=1.434 tok/s=38928.8 src_tok=687 tgt_tok=624 mem=57.1/215.7MB
[STEP e23 s0115/0605] avg_loss=0.8689 lr=0.000763 grad_norm=1.476 tok/s=42252.5 src_tok=676 tgt_tok=602 mem=60.9/218.1MB
[STEP e23 s0140/0605] avg_loss=0.8756 lr=0.000762 grad_norm=1.397 tok/s=34807.3 src_tok=739 tgt_tok=655 mem=57.1/218.1MB
[STEP e23 s0165/0605] avg_loss=0.8778 lr=0.000761 grad_norm=1.380 tok/s=37449.9 src_tok=699 tgt_tok=636 mem=55.4/218.1MB
[STEP e23 s0190/0605] avg_loss=0.8824 lr=0.000761 grad_norm=1.507 tok/s=39775.8 src_tok=696 tgt_tok=637 mem=58.2/218.1MB
[STEP e23 s0215/0605] avg_loss=0.8826 lr=0.000760 grad_norm=1.498 tok/s=48330.3 src_tok=724 tgt_tok=666 mem=55.4/218.1MB
[STEP e23 s0240/0605] avg_loss=0.8841 lr=0.000759 grad_norm=1.554 tok/s=33444.3 src_tok=770 tgt_tok=673 mem=59.3/218.1MB
[STEP e23 s0265/0605] avg_loss=0.8882 lr=0.000759 grad_norm=1.470 tok/s=41510.7 src_tok=682 tgt_tok=618 mem=53.8/218.1MB
[STEP e23 s0290/0605] avg_loss=0.8909 lr=0.000758 grad_norm=1.552 tok/s=49203.5 src_tok=718 tgt_tok=659 mem=56.5/218.1MB
[STEP e23 s0315/0605] avg_loss=0.8940 lr=0.000757 grad_norm=1.451 tok/s=42902.1 src_tok=687 tgt_tok=630 mem=55.4/218.1MB
[STEP e23 s0340/0605] avg_loss=0.8990 lr=0.000757 grad_norm=1.522 tok/s=48781.0 src_tok=756 tgt_tok=658 mem=60.7/218.1MB
[STEP e23 s0365/0605] avg_loss=0.9007 lr=0.000756 grad_norm=1.500 tok/s=35919.6 src_tok=721 tgt_tok=644 mem=59.8/218.1MB
[STEP e23 s0390/0605] avg_loss=0.9059 lr=0.000755 grad_norm=1.412 tok/s=45140.3 src_tok=725 tgt_tok=649 mem=60.7/218.1MB
[STEP e23 s0415/0605] avg_loss=0.9087 lr=0.000754 grad_norm=1.516 tok/s=33182.1 src_tok=705 tgt_tok=639 mem=55.4/218.1MB
[STEP e23 s0440/0605] avg_loss=0.9095 lr=0.000754 grad_norm=1.424 tok/s=23597.1 src_tok=734 tgt_tok=671 mem=58.7/218.1MB
[STEP e23 s0465/0605] avg_loss=0.9128 lr=0.000753 grad_norm=1.483 tok/s=28595.3 src_tok=716 tgt_tok=653 mem=57.6/218.1MB
[STEP e23 s0490/0605] avg_loss=0.9144 lr=0.000752 grad_norm=1.518 tok/s=38478.6 src_tok=711 tgt_tok=655 mem=57.1/218.1MB
[STEP e23 s0515/0605] avg_loss=0.9181 lr=0.000752 grad_norm=1.560 tok/s=41813.1 src_tok=715 tgt_tok=666 mem=57.6/218.1MB
[STEP e23 s0540/0605] avg_loss=0.9191 lr=0.000751 grad_norm=1.389 tok/s=39124.4 src_tok=768 tgt_tok=705 mem=58.2/218.1MB
[STEP e23 s0565/0605] avg_loss=0.9225 lr=0.000750 grad_norm=1.463 tok/s=42857.3 src_tok=774 tgt_tok=698 mem=63.1/218.1MB
[STEP e23 s0590/0605] avg_loss=0.9249 lr=0.000750 grad_norm=1.453 tok/s=33665.9 src_tok=767 tgt_tok=697 mem=57.6/218.1MB
[STEP e23 s0605/0605] avg_loss=0.9272 lr=0.000749 grad_norm=3.797 tok/s=8369.4 src_tok=133 tgt_tok=119 mem=45.3/218.1MB
[EPOCH 23] train_loss=0.9272 train_ppl=2.53 val_loss=1.4484 val_bleu=39.57 val_chrf=64.24 val_token_acc=44.19 peak_mem=218.1MB time=00:27 samples=valid_epoch_23.txt
[INFO] patience 1/5
[STEP e24 s0010/0605] avg_loss=0.8688 lr=0.000749 grad_norm=1.514 tok/s=29006.1 src_tok=714 tgt_tok=638 mem=59.8/183.1MB
[STEP e24 s0035/0605] avg_loss=0.8556 lr=0.000748 grad_norm=1.425 tok/s=40524.4 src_tok=703 tgt_tok=621 mem=54.3/194.0MB
[STEP e24 s0060/0605] avg_loss=0.8501 lr=0.000748 grad_norm=1.458 tok/s=48945.1 src_tok=751 tgt_tok=697 mem=62.0/197.0MB
[STEP e24 s0085/0605] avg_loss=0.8583 lr=0.000747 grad_norm=1.484 tok/s=47744.5 src_tok=740 tgt_tok=644 mem=62.0/216.5MB
[STEP e24 s0110/0605] avg_loss=0.8578 lr=0.000746 grad_norm=1.467 tok/s=42977.5 src_tok=693 tgt_tok=582 mem=58.2/218.1MB
[STEP e24 s0135/0605] avg_loss=0.8608 lr=0.000746 grad_norm=1.444 tok/s=48953.8 src_tok=731 tgt_tok=639 mem=58.7/218.1MB
[STEP e24 s0160/0605] avg_loss=0.8702 lr=0.000745 grad_norm=1.497 tok/s=47126.2 src_tok=731 tgt_tok=646 mem=57.1/218.1MB
[STEP e24 s0185/0605] avg_loss=0.8704 lr=0.000744 grad_norm=1.463 tok/s=33085.7 src_tok=751 tgt_tok=689 mem=56.8/218.1MB
[STEP e24 s0210/0605] avg_loss=0.8732 lr=0.000744 grad_norm=1.487 tok/s=17363.8 src_tok=699 tgt_tok=595 mem=56.8/218.1MB
[STEP e24 s0235/0605] avg_loss=0.8756 lr=0.000743 grad_norm=1.540 tok/s=34035.8 src_tok=678 tgt_tok=635 mem=57.6/218.1MB
[STEP e24 s0260/0605] avg_loss=0.8787 lr=0.000742 grad_norm=1.465 tok/s=40353.7 src_tok=745 tgt_tok=668 mem=56.5/218.1MB
[STEP e24 s0285/0605] avg_loss=0.8822 lr=0.000742 grad_norm=1.540 tok/s=37093.1 src_tok=724 tgt_tok=648 mem=57.6/218.1MB
[STEP e24 s0310/0605] avg_loss=0.8851 lr=0.000741 grad_norm=1.483 tok/s=36807.2 src_tok=685 tgt_tok=622 mem=54.9/218.1MB
[STEP e24 s0335/0605] avg_loss=0.8874 lr=0.000740 grad_norm=1.353 tok/s=37634.2 src_tok=708 tgt_tok=621 mem=54.3/218.1MB
[STEP e24 s0360/0605] avg_loss=0.8902 lr=0.000740 grad_norm=1.578 tok/s=40069.2 src_tok=697 tgt_tok=632 mem=54.9/218.1MB
[STEP e24 s0385/0605] avg_loss=0.8918 lr=0.000739 grad_norm=1.529 tok/s=28579.4 src_tok=704 tgt_tok=647 mem=60.9/218.1MB
[STEP e24 s0410/0605] avg_loss=0.8957 lr=0.000738 grad_norm=1.442 tok/s=36778.1 src_tok=684 tgt_tok=601 mem=53.8/218.1MB
[STEP e24 s0435/0605] avg_loss=0.8979 lr=0.000738 grad_norm=1.409 tok/s=40339.4 src_tok=711 tgt_tok=624 mem=55.4/218.1MB
[STEP e24 s0460/0605] avg_loss=0.9005 lr=0.000737 grad_norm=1.569 tok/s=48117.8 src_tok=743 tgt_tok=655 mem=56.8/218.1MB
[STEP e24 s0485/0605] avg_loss=0.9025 lr=0.000737 grad_norm=1.412 tok/s=42037.4 src_tok=698 tgt_tok=629 mem=54.9/218.1MB
[STEP e24 s0510/0605] avg_loss=0.9040 lr=0.000736 grad_norm=1.369 tok/s=15254.7 src_tok=726 tgt_tok=642 mem=56.8/218.1MB
[STEP e24 s0535/0605] avg_loss=0.9056 lr=0.000735 grad_norm=1.607 tok/s=33855.6 src_tok=712 tgt_tok=654 mem=58.7/218.1MB
[STEP e24 s0560/0605] avg_loss=0.9093 lr=0.000735 grad_norm=1.583 tok/s=32369.6 src_tok=699 tgt_tok=611 mem=57.6/218.1MB
[STEP e24 s0585/0605] avg_loss=0.9111 lr=0.000734 grad_norm=1.479 tok/s=17536.1 src_tok=723 tgt_tok=637 mem=55.4/218.1MB
[STEP e24 s0605/0605] avg_loss=0.9120 lr=0.000733 grad_norm=3.654 tok/s=1147.6 src_tok=97 tgt_tok=89 mem=44.2/218.1MB
[EPOCH 24] train_loss=0.9120 train_ppl=2.49 val_loss=1.4540 val_bleu=39.92 val_chrf=64.67 val_token_acc=44.55 peak_mem=218.1MB time=00:33 samples=valid_epoch_24.txt
[INFO] patience 2/5
[STEP e25 s0005/0605] avg_loss=0.8233 lr=0.000733 grad_norm=1.474 tok/s=38925.0 src_tok=719 tgt_tok=628 mem=54.3/165.5MB
[STEP e25 s0030/0605] avg_loss=0.8410 lr=0.000733 grad_norm=1.441 tok/s=50025.6 src_tok=771 tgt_tok=701 mem=57.6/200.3MB
[STEP e25 s0055/0605] avg_loss=0.8474 lr=0.000732 grad_norm=1.484 tok/s=37355.4 src_tok=750 tgt_tok=652 mem=54.9/204.9MB
[STEP e25 s0080/0605] avg_loss=0.8358 lr=0.000731 grad_norm=1.627 tok/s=38304.0 src_tok=738 tgt_tok=673 mem=57.1/204.9MB
[STEP e25 s0105/0605] avg_loss=0.8444 lr=0.000731 grad_norm=1.577 tok/s=34298.8 src_tok=708 tgt_tok=639 mem=54.9/204.9MB
[STEP e25 s0130/0605] avg_loss=0.8543 lr=0.000730 grad_norm=1.493 tok/s=47943.1 src_tok=751 tgt_tok=684 mem=62.0/208.3MB
[STEP e25 s0155/0605] avg_loss=0.8563 lr=0.000730 grad_norm=1.567 tok/s=49092.5 src_tok=754 tgt_tok=684 mem=57.6/208.3MB
[STEP e25 s0180/0605] avg_loss=0.8579 lr=0.000729 grad_norm=1.538 tok/s=44450.8 src_tok=691 tgt_tok=626 mem=56.8/208.3MB
[STEP e25 s0205/0605] avg_loss=0.8603 lr=0.000728 grad_norm=1.503 tok/s=43476.4 src_tok=711 tgt_tok=629 mem=55.4/218.1MB
[STEP e25 s0230/0605] avg_loss=0.8637 lr=0.000728 grad_norm=1.488 tok/s=31549.0 src_tok=703 tgt_tok=622 mem=62.6/218.1MB
[STEP e25 s0255/0605] avg_loss=0.8653 lr=0.000727 grad_norm=1.568 tok/s=43093.4 src_tok=730 tgt_tok=668 mem=56.0/218.1MB
[STEP e25 s0280/0605] avg_loss=0.8677 lr=0.000727 grad_norm=1.701 tok/s=46263.2 src_tok=712 tgt_tok=657 mem=56.5/218.1MB
[STEP e25 s0305/0605] avg_loss=0.8691 lr=0.000726 grad_norm=1.534 tok/s=44868.0 src_tok=671 tgt_tok=620 mem=57.6/218.1MB
[STEP e25 s0330/0605] avg_loss=0.8709 lr=0.000725 grad_norm=1.576 tok/s=50711.8 src_tok=721 tgt_tok=659 mem=57.6/218.1MB
[STEP e25 s0355/0605] avg_loss=0.8742 lr=0.000725 grad_norm=1.603 tok/s=20739.1 src_tok=701 tgt_tok=661 mem=57.6/218.1MB
[STEP e25 s0380/0605] avg_loss=0.8762 lr=0.000724 grad_norm=1.567 tok/s=40954.6 src_tok=716 tgt_tok=650 mem=59.3/218.1MB
[STEP e25 s0405/0605] avg_loss=0.8785 lr=0.000723 grad_norm=1.703 tok/s=43688.6 src_tok=716 tgt_tok=594 mem=53.8/218.1MB
[STEP e25 s0430/0605] avg_loss=0.8818 lr=0.000723 grad_norm=1.492 tok/s=46265.3 src_tok=708 tgt_tok=633 mem=54.3/218.1MB
[STEP e25 s0455/0605] avg_loss=0.8839 lr=0.000722 grad_norm=1.532 tok/s=47687.7 src_tok=659 tgt_tok=591 mem=56.8/218.1MB
[STEP e25 s0480/0605] avg_loss=0.8881 lr=0.000722 grad_norm=1.833 tok/s=43851.0 src_tok=766 tgt_tok=681 mem=57.1/218.1MB
[STEP e25 s0505/0605] avg_loss=0.8905 lr=0.000721 grad_norm=1.525 tok/s=50704.0 src_tok=718 tgt_tok=653 mem=58.7/218.1MB
[STEP e25 s0530/0605] avg_loss=0.8933 lr=0.000720 grad_norm=1.501 tok/s=42250.9 src_tok=712 tgt_tok=640 mem=55.4/218.1MB
[STEP e25 s0555/0605] avg_loss=0.8952 lr=0.000720 grad_norm=1.443 tok/s=44700.8 src_tok=722 tgt_tok=619 mem=57.1/218.1MB
[STEP e25 s0580/0605] avg_loss=0.8973 lr=0.000719 grad_norm=1.518 tok/s=46033.7 src_tok=708 tgt_tok=627 mem=59.3/218.1MB
[STEP e25 s0605/0605] avg_loss=0.8994 lr=0.000719 grad_norm=3.630 tok/s=7052.9 src_tok=144 tgt_tok=117 mem=45.0/218.1MB
[EPOCH 25] train_loss=0.8994 train_ppl=2.46 val_loss=1.4591 val_bleu=39.59 val_chrf=64.25 val_token_acc=44.13 peak_mem=218.1MB time=00:24 samples=valid_epoch_25.txt
[INFO] patience 3/5
[TEST] bleu=39.14 chrf=63.92 token_acc=44.17 exact=6.40
[DONE] run summary written to outputs\experiments\learned_pos\run_summary.md
